
ЁЯПБ хЗжчРЖщЦЛхзЛ: ф║мщГ╜х║Ь
ЁЯФН ф║мщГ╜хЫ╜щЪЫщлШчнЙхнжцаб - https://kyoto-kokusai.ed.jp/jp/
тЬЕ чЙ╣х╛ЕхИ╢х║жуБВуВК: ф║мщГ╜хЫ╜щЪЫщлШчнЙхнжцаб
ЁЯФН ф║мщГ╜чФгценхдзхнжщЩДх▒ЮщлШчнЙхнжцаб - https://jsh.kyoto-su.ac.jp/
ЁЯЪл чЙ╣х╛ЕхИ╢х║жуБкуБЧ: ф║мщГ╜чФгценхдзхнжщЩДх▒ЮщлШчнЙхнжцаб
ЁЯФН чжПчЯех▒▒ц╖Сх╛│щлШчнЙхнжцаб - https://www.kan-on-sen-ku.ed.jp/
ЁЯЪл чЙ╣х╛ЕхИ╢х║жуБкуБЧ: чжПчЯех▒▒ц╖Сх╛│щлШчнЙхнжцаб
ЁЯФН ф║мщГ╜шК╕шбУщлШчнЙхнжцаб - https://www.kyoto-geikou.ed.jp/
ЁЯЪл чЙ╣х╛ЕхИ╢х║жуБкуБЧ: ф║мщГ╜шК╕шбУщлШчнЙхнжцаб
ЁЯФН ф║мщГ╜х╕ВчлЛф║мщГ╜хаАх╖ЭщЯ│це╜щлШчнЙхнжцаб - https://horion.ed.jp/
ЁЯЪл чЙ╣х╛ЕхИ╢х║жуБкуБЧ: ф║мщГ╜х╕ВчлЛф║мщГ╜хаАх╖ЭщЯ│це╜щлШчнЙхнжцаб
ЁЯФН ф║мщГ╜цЪБцШЯщлШчнЙхнжцаб - https://kghs.ed.jp/
тЬЕ чЙ╣х╛ЕхИ╢х║жуБВуВК: ф║мщГ╜цЪБцШЯщлШчнЙхнжцаб
ЁЯФН хдзш░╖щлШчнЙхнжцаб - https://www.otani.ed.jp/
ЁЯЪл чЙ╣х╛ЕхИ╢х║жуБкуБЧ: хдзш░╖щлШчнЙхнжцаб
ЁЯФН ф║мщГ╜ч┐ФшЛ▒щлШчнЙхнжцаб - http://www.kyoto-shoei.ac.jp/
ЁЯЪл чЙ╣х╛ЕхИ╢х║жуБкуБЧ: ф║мщГ╜ч┐ФшЛ▒щлШчнЙхнжцаб
ЁЯФН уГОуГ╝уГИуГлуГАуГахе│хнжщЩвщлШчнЙхнжцаб - https://www.notredame-jogakuin.ed.jp/
ЁЯЪл чЙ╣х╛ЕхИ╢х║жуБкуБЧ: уГОуГ╝уГИуГлуГАуГахе│хнжщЩвщлШчнЙхнжцаб
ЁЯФН ф║мщГ╜ф╕бц┤ЛщлШчнЙхнжцаб - https://www.kyoto-ryoyo.ed.jp/
ЁЯЪл чЙ╣х╛ЕхИ╢х║жуБкуБЧ: ф║мщГ╜ф╕бц┤ЛщлШчнЙхнжцаб
ЁЯФН щ╛Нш░╖хдзхнжф╗Шх▒Юх╣│хоЙщлШчнЙхнжцаб - https://www.heian.ed.jp
ЁЯЪл чЙ╣х╛ЕхИ╢х║жуБкуБЧ: щ╛Нш░╖хдзхнжф╗Шх▒Юх╣│хоЙщлШчнЙхнжцаб
ЁЯФН ф║мщГ╜цЦЗцХЩщлШчнЙхнжцаб - http://www.kbu.ac.jp/
ЁЯЪл чЙ╣х╛ЕхИ╢х║жуБкуБЧ: ф║мщГ╜цЦЗцХЩщлШчнЙхнжцаб
ЁЯФН ф║мщГ╜хе│хнРщлШчнЙхнжцаб - https://kgs.ed.jp/
ЁЯЪл чЙ╣х╛ЕхИ╢х║жуБкуБЧ: ф║мщГ╜хе│хнРщлШчнЙхнжцаб
ЁЯФН ф║мщГ╜хЕИчлпчзСхнжхдзхнжщЩДх▒ЮщлШчнЙхнжцаб - https://www.js.kuas.ac.jp/
ЁЯЪл чЙ╣х╛ЕхИ╢х║жуБкуБЧ: ф║мщГ╜хЕИчлпчзСхнжхдзхнжщЩДх▒ЮщлШчнЙхнжцаб
ЁЯФН ф║мщГ╜х╕ВчлЛч╛ОшбУх╖ешК╕щлШчнЙхнжцаб - https://cms.edu.city.kyoto.jp/weblog/index.php?id=300407
ЁЯЪл чЙ╣х╛ЕхИ╢х║жуБкуБЧ: ф║мщГ╜х╕ВчлЛч╛ОшбУх╖ешК╕щлШчнЙхнжцаб
ЁЯФН хРМх┐Ччд╛хЫ╜щЪЫщлШчнЙхнжцаб - https://www.intnl.doshisha.ac.jp/
ЁЯЪл чЙ╣х╛ЕхИ╢х║жуБкуБЧ: хРМх┐Ччд╛хЫ╜щЪЫщлШчнЙхнжцаб
ЁЯФН ф║мщГ╜х╗гхнжщдищлШчнЙхнжцаб - https://kyoto-kogakkan.mkg.ac.jp
ЁЯЪл чЙ╣х╛ЕхИ╢х║жуБкуБЧ: ф║мщГ╜х╗гхнжщдищлШчнЙхнжцаб
ЁЯФН ф║мщГ╜шБЦуВлуВ┐уГкуГКщлШчнЙхнжцаб - https://www.catalina-kyoto.ed.jp/
ЁЯЪл чЙ╣х╛ЕхИ╢х║жуБкуБЧ: ф║мщГ╜шБЦуВлуВ┐уГкуГКщлШчнЙхнжцаб
ЁЯФН ф║мщГ╜хдЦхдзше┐щлШчнЙхнжцаб - https://www.kufs.ac.jp/
тЪая╕П ф║мщГ╜хдЦхдзше┐щлШчнЙхнжцаб ф╛ЛхдЦ: HTTPSConnectionPool(host='www.kufs.ac.jp', port=443): Max retries exceeded with url: / (Caused by SSLError(SSLError(1, '[SSL: DH_KEY_TOO_SMALL] dh key too small (_ssl.c:997)')))
ЁЯФН ц┤ЫщЩ╜ч╖ПхРИщлШчнЙхнжцаб - https://www.rakuyo.ed.jp/
ЁЯЪл чЙ╣х╛ЕхИ╢х║жуБкуБЧ: ц┤ЫщЩ╜ч╖ПхРИщлШчнЙхнжцаб
ЁЯФН ф║мщГ╜шБЦцпНхнжщЩвщлШчнЙхнжцаб - https://www.seibo.ed.jp/kyoto-hs/
ЁЯЪл чЙ╣х╛ЕхИ╢х║жуБкуБЧ: ф║мщГ╜шБЦцпНхнжщЩвщлШчнЙхнжцаб
ЁЯФН ц┤ЫхНЧщлШчнЙхнжцаб - https://www.rakunan-h.ed.jp/
ЁЯЪл чЙ╣х╛ЕхИ╢х║жуБкуБЧ: ц┤ЫхНЧщлШчнЙхнжцаб
ЁЯФН ф║мщГ╜цШОх╛│щлШчнЙхнжцаб - https://www.meitoku.ac.jp/
ЁЯЪл чЙ╣х╛ЕхИ╢х║жуБкуБЧ: ф║мщГ╜цШОх╛│щлШчнЙхнжцаб
ЁЯФН ф║мщГ╜цйШщлШчнЙхнжцаб - https://www.tachibana-hs.jp/
ЁЯЪл чЙ╣х╛ЕхИ╢х║жуБкуБЧ: ф║мщГ╜цйШщлШчнЙхнжцаб
ЁЯФН ф║мщГ╜х╗гхнжщдищлШчнЙхнжцабя╝ИщАЪф┐бхИ╢я╝Й - https://kyoto-kogakkan.mkg.ac.jp/step-up/
тЬЕ чЙ╣х╛ЕхИ╢х║жуБВуВК: ф║мщГ╜х╗гхнжщдищлШчнЙхнжцабя╝ИщАЪф┐бхИ╢я╝Й
ЁЯФН х╣│хоЙхе│хнжщЩвщлШчнЙхнжцаб - https://jh.heian.ac.jp/
тЬЕ чЙ╣х╛ЕхИ╢х║жуБВуВК: х╣│хоЙхе│хнжщЩвщлШчнЙхнжцаб
ЁЯФН цЧецШЯщлШчнЙхнжцаб - https://www.nisseihs.ed.jp/
ЁЯЪл чЙ╣х╛ЕхИ╢х║жуБкуБЧ: цЧецШЯщлШчнЙхнжцаб
ЁЯФН хРМх┐Ччд╛щлШчнЙхнжцаб - https://js.doshisha.ac.jp/high/
ЁЯЪл чЙ╣х╛ЕхИ╢х║жуБкуБЧ: хРМх┐Ччд╛щлШчнЙхнжцаб
ЁЯФН ц╡╖ц┤ЛщлШчнЙхнжцаб - https://www.kyoto-be.ne.jp/kaiyou-hs/cms/
ЁЯЪл чЙ╣х╛ЕхИ╢х║жуБкуБЧ: ц╡╖ц┤ЛщлШчнЙхнжцаб
ЁЯФН хЯОщЩ╜щлШчнЙхнжцаб - https://www.kyoto-be.ne.jp/jyouyou-hs/mt/
ЁЯЪл чЙ╣х╛ЕхИ╢х║жуБкуБЧ: хЯОщЩ╜щлШчнЙхнжцаб
ЁЯФН ф║мщГ╜х║ЬчлЛх╖еценщлШчнЙхнжцаб - https://www.kyoto-be.ne.jp/kyoto-ths/
ЁЯЪл чЙ╣х╛ЕхИ╢х║жуБкуБЧ: ф║мщГ╜х║ЬчлЛх╖еценщлШчнЙхнжцаб
ЁЯФН хооц┤ехдйцйЛщлШчнЙхнжцаб хооц┤ехнжшИО - https://www.kyoto-be.ne.jp/miyazutenkyou-hs/mt/
ЁЯЪл чЙ╣х╛ЕхИ╢х║жуБкуБЧ: хооц┤ехдйцйЛщлШчнЙхнжцаб хооц┤ехнжшИО
ЁЯФН х▒▒хЯОщлШчнЙхнжцаб - https://www.kyoto-be.ne.jp/yamashiro-hs/mt/
ЁЯЪл чЙ╣х╛ЕхИ╢х║жуБкуБЧ: х▒▒хЯОщлШчнЙхнжцаб
ЁЯФН щаИчЯещлШчнЙхнжцаб - https://www.kyoto-be.ne.jp/syuuchi-hs/mt/
ЁЯЪл чЙ╣х╛ЕхИ╢х║жуБкуБЧ: щаИчЯещлШчнЙхнжцаб
ЁЯФН ф║мщГ╜х║ЬчлЛщ┤иц▓ВщлШчнЙхнжцаб - https://www.kyoto-be.ne.jp/ohki-hs/mt/
ЁЯЪл чЙ╣х╛ЕхИ╢х║жуБкуБЧ: ф║мщГ╜х║ЬчлЛщ┤иц▓ВщлШчнЙхнжцаб
ЁЯФН хдзц▒ЯщлШчнЙхнжцаб - https://www.kyoto-be.ne.jp/ooe-hs/cms/
ЁЯЪл чЙ╣х╛ЕхИ╢х║жуБкуБЧ: хдзц▒ЯщлШчнЙхнжцаб
ЁЯФН чФ░ш╛║щлШчнЙхнжцаб - https://www.kyoto-be.ne.jp/tanabe-hs/mt
ЁЯЪл чЙ╣х╛ЕхИ╢х║жуБкуБЧ: чФ░ш╛║щлШчнЙхнжцаб
ЁЯФН ф║мщГ╜х║ЬчлЛцбГх▒▒щлШчнЙхнжцаб - http://www.kyoto-be.ne.jp/momoyama-hs/
ЁЯЪл чЙ╣х╛ЕхИ╢х║жуБкуБЧ: ф║мщГ╜х║ЬчлЛцбГх▒▒щлШчнЙхнжцаб
ЁЯФН цбВщлШчнЙхнжцаб - https://www.kyoto-be.ne.jp/katsura-hs/mt/
ЁЯЪл чЙ╣х╛ЕхИ╢х║жуБкуБЧ: цбВщлШчнЙхнжцаб
ЁЯФН ф╣ЩшиУщлШчнЙхнжцаб - https://www.kyoto-be.ne.jp/otokuni-hs/mt/
ЁЯЪл чЙ╣х╛ЕхИ╢х║жуБкуБЧ: ф╣ЩшиУщлШчнЙхнжцаб
ЁЯФН хРСщЩ╜щлШчнЙхнжцаб - https://www.kyoto-be.ne.jp/kouyou-hs/
ЁЯЪл чЙ╣х╛ЕхИ╢х║жуБкуБЧ: хРСщЩ╜щлШчнЙхнжцаб
ЁЯФН ц┤ЫхМЧщлШчнЙхнжцаб - https://www.kyoto-be.ne.jp/rakuhoku-hs/mt/
ЁЯЪл чЙ╣х╛ЕхИ╢х║жуБкуБЧ: ц┤ЫхМЧщлШчнЙхнжцаб
ЁЯФН ф║мщГ╜цХЩшВ▓хдзхнжщЩДх▒ЮщлШчнЙхнжцаб - https://koukou.kyokyo-u.ac.jp/
ЁЯЪл чЙ╣х╛ЕхИ╢х║жуБкуБЧ: ф║мщГ╜цХЩшВ▓хдзхнжщЩДх▒ЮщлШчнЙхнжцаб
ЁЯФН цЭ▒шИЮщ╢┤щлШчнЙхнжцаб - http://www1.kyoto-be.ne.jp/higashimaizuru-hs/
ЁЯЪл чЙ╣х╛ЕхИ╢х║жуБкуБЧ: цЭ▒шИЮщ╢┤щлШчнЙхнжцаб
ЁЯФН ше┐шИЮщ╢┤щлШчнЙхнжцаб - http://www.kyoto-be.ne.jp/nishimaizuru-hs/
ЁЯЪл чЙ╣х╛ЕхИ╢х║жуБкуБЧ: ше┐шИЮщ╢┤щлШчнЙхнжцаб
ЁЯФН х╡пх│ищЗОщлШчнЙхнжцаб - https://www.kyoto-be.ne.jp/sagano-hs/mt/
ЁЯЪл чЙ╣х╛ЕхИ╢х║жуБкуБЧ: х╡пх│ищЗОщлШчнЙхнжцаб
ЁЯФН ф║мщГ╜х║ЬчлЛхЬТщГищлШчнЙхнжцаб - https://www.kyoto-be.ne.jp/sonobe-hs/
ЁЯЪл чЙ╣х╛ЕхИ╢х║жуБкуБЧ: ф║мщГ╜х║ЬчлЛхЬТщГищлШчнЙхнжцаб
ЁЯФН цЬ▒щЫАщлШчнЙхнжцаб - https://www.kyoto-be.ne.jp/suzaku-hs/mt/
ЁЯЪл чЙ╣х╛ЕхИ╢х║жуБкуБЧ: цЬ▒щЫАщлШчнЙхнжцаб
ЁЯФН ф║мщГ╜х║ЬчлЛф║Ах▓бщлШчнЙхнжцаб - https://www.kyoto-be.ne.jp/kameoka-hs/
ЁЯЪл чЙ╣х╛ЕхИ╢х║жуБкуБЧ: ф║мщГ╜х║ЬчлЛф║Ах▓бщлШчнЙхнжцаб
ЁЯФН ф║мщГ╜хЕлх╣бщлШчнЙхнжцабя╝ИхМЧуВнуГгуГ│уГСуВ╣я╝Й - https://www.kyoto-be.ne.jp/kyotoyawata-hs/mt/
ЁЯЪл чЙ╣х╛ЕхИ╢х║жуБкуБЧ: ф║мщГ╜хЕлх╣бщлШчнЙхнжцабя╝ИхМЧуВнуГгуГ│уГСуВ╣я╝Й
ЁЯФН хМЧх╡пх│ищлШчнЙхнжцаб - https://www.kyoto-be.ne.jp/kitasaga-hs/mt/
ЁЯЪл чЙ╣х╛ЕхИ╢х║жуБкуБЧ: хМЧх╡пх│ищлШчнЙхнжцаб
ЁЯФН хМЧцбСчФ░щлШчнЙхнжцаб - https://www.kyoto-be.ne.jp/kitakuwada-hs/cms/
ЁЯЪл чЙ╣х╛ЕхИ╢х║жуБкуБЧ: хМЧцбСчФ░щлШчнЙхнжцаб
ЁЯФН цЭ▒хоЗц▓╗щлШчнЙхнжцаб - https://www.kyoto-be.ne.jp/higashiuji-hs/mt/
ЁЯЪл чЙ╣х╛ЕхИ╢х║жуБкуБЧ: цЭ▒хоЗц▓╗щлШчнЙхнжцаб
ЁЯФН цЬиц┤ещлШчнЙхнжцаб - https://www.kyoto-be.ne.jp/kizu-hs/
ЁЯЪл чЙ╣х╛ЕхИ╢х║жуБкуБЧ: цЬиц┤ещлШчнЙхнжцаб
ЁЯФН чжПчЯех▒▒щлШчнЙхнжцаб - https://www.kyoto-be.ne.jp/fukuchiyama-hs/cms/
ЁЯЪл чЙ╣х╛ЕхИ╢х║жуБкуБЧ: чжПчЯех▒▒щлШчнЙхнжцаб
ЁЯФН ц┤ЫцЭ▒щлШчнЙхнжцаб - https://www.kyoto-be.ne.jp/rakutou-hs/mt/
ЁЯЪл чЙ╣х╛ЕхИ╢х║жуБкуБЧ: ц┤ЫцЭ▒щлШчнЙхнжцаб
ЁЯФН шПпщаВхе│хнРщлШчнЙхнжцаб - https://www.kacho.ed.jp
ЁЯЪл чЙ╣х╛ЕхИ╢х║жуБкуБЧ: шПпщаВхе│хнРщлШчнЙхнжцаб
ЁЯФН ц┤Ыше┐щлШчнЙхнжцаб - https://www.kyoto-be.ne.jp/rakusai-hs/
ЁЯЪл чЙ╣х╛ЕхИ╢х║жуБкуБЧ: ц┤Ыше┐щлШчнЙхнжцаб
ЁЯФН ф║мщГ╜х║ЬчлЛф║мщГ╜уБЩуБ░уВЛщлШчнЙхнжцаб - https://www.kyoto-be.ne.jp/subaru-hs/mt/
ЁЯЪл чЙ╣х╛ЕхИ╢х║жуБкуБЧ: ф║мщГ╜х║ЬчлЛф║мщГ╜уБЩуБ░уВЛщлШчнЙхнжцаб
ЁЯФН члЛхС╜щдищлШчнЙхнжцаб - https://www.ritsumei.ac.jp/nkc/
ЁЯЪл чЙ╣х╛ЕхИ╢х║жуБкуБЧ: члЛхС╜щдищлШчнЙхнжцаб
ЁЯФН ф╕╣х╛Мч╖СщвищлШчнЙхнжцаб ч╢▓щЗОхнжшИО - https://www.kyoto-be.ne.jp/tangoryokufuu-hs/mt/amino_campus/
ЁЯЪл чЙ╣х╛ЕхИ╢х║жуБкуБЧ: ф╕╣х╛Мч╖СщвищлШчнЙхнжцаб ч╢▓щЗОхнжшИО
ЁЯФН ше┐ф╣ЩшиУщлШчнЙхнжцаб - https://www.kyoto-be.ne.jp/nishiotokuni-hs/mt/
ЁЯЪл чЙ╣х╛ЕхИ╢х║жуБкуБЧ: ше┐ф╣ЩшиУщлШчнЙхнжцаб
ЁЯФН ф╕╣х╛Мч╖СщвищлШчнЙхнжцаб ф╣Еч╛Оц╡ЬхнжшИО - http://www.kyoto-be.ne.jp/tangoryokufuu-hs/mt/kumihama/
ЁЯЪл чЙ╣х╛ЕхИ╢х║жуБкуБЧ: ф╕╣х╛Мч╖СщвищлШчнЙхнжцаб ф╣Еч╛Оц╡ЬхнжшИО
ЁЯФН ц┤ЫцШЯщлШчнЙхнжцаб - https://www.rakusei.ac.jp/
ЁЯЪл чЙ╣х╛ЕхИ╢х║жуБкуБЧ: ц┤ЫцШЯщлШчнЙхнжцаб
ЁЯФН ф║мщГ╜х║ЬчлЛхМЧчиЬщлШчнЙхнжцаб - https://www.kyoto-be.ne.jp/hokuryou-hs/mt/
ЁЯЪл чЙ╣х╛ЕхИ╢х║жуБкуБЧ: ф║мщГ╜х║ЬчлЛхМЧчиЬщлШчнЙхнжцаб
ЁЯФН ч┤лщЗОщлШчнЙхнжцаб - https://cms.edu.city.kyoto.jp/weblog/index.php?id=300803
ЁЯЪл чЙ╣х╛ЕхИ╢х║жуБкуБЧ: ч┤лщЗОщлШчнЙхнжцаб
ЁЯФН ф║мщГ╜хЕЙшПпщлШчнЙхнжцаб - https://hs.koka.ac.jp/senior/
ЁЯЪл чЙ╣х╛ЕхИ╢х║жуБкуБЧ: ф║мщГ╜хЕЙшПпщлШчнЙхнжцаб
ЁЯФН хаАх╖ЭщлШчнЙхнжцаб - https://www.edu.city.kyoto.jp/hp/horikawa/
тЪая╕П хаАх╖ЭщлШчнЙхнжцаб ф╛ЛхдЦ: HTTPSConnectionPool(host='www.edu.city.kyoto.jp', port=443): Max retries exceeded with url: /hp/horikawa/ (Caused by SSLError(SSLCertVerificationError(1, '[SSL: CERTIFICATE_VERIFY_FAILED] certificate verify failed: unable to get local issuer certificate (_ssl.c:997)')))
ЁЯФН ц┤Ыц░┤щлШчнЙхнжцаб - https://www.kyoto-be.ne.jp/rakusui-hs/mt/
ЁЯЪл чЙ╣х╛ЕхИ╢х║жуБкуБЧ: ц┤Ыц░┤щлШчнЙхнжцаб
ЁЯФН цЭ▒чиЬщлШчнЙхнжцаб - https://www.kyoto-be.ne.jp/touryou-hs/
ЁЯЪл чЙ╣х╛ЕхИ╢х║жуБкуБЧ: цЭ▒чиЬщлШчнЙхнжцаб
ЁЯФН хооц┤ехдйцйЛщлШчнЙхнжцаб хКацВжш░╖хнжшИО - https://www.kyoto-be.ne.jp/miyazutenkyou-hs/mt/kayadani/
ЁЯЪл чЙ╣х╛ЕхИ╢х║жуБкуБЧ: хооц┤ехдйцйЛщлШчнЙхнжцаб хКацВжш░╖хнжшИО
ЁЯФН хНЧщЩ╜щлШчнЙхнжцаб - https://www.kyoto-be.ne.jp/nannyou-hs/
ЁЯЪл чЙ╣х╛ЕхИ╢х║жуБкуБЧ: хНЧщЩ╜щлШчнЙхнжцаб
ЁЯФН цЭ▒х▒▒щлШчнЙхнжцаб - https://www.higashiyama.ed.jp/
ЁЯЪл чЙ╣х╛ЕхИ╢х║жуБкуБЧ: цЭ▒х▒▒щлШчнЙхнжцаб
ЁЯФН ше┐ф║мщлШчнЙхнжцаб - https://cms.edu.city.kyoto.jp/weblog/index.php?id=300308
ЁЯЪл чЙ╣х╛ЕхИ╢х║жуБкуБЧ: ше┐ф║мщлШчнЙхнжцаб
ЁЯФН щ│еч╛╜щлШчнЙхнжцаб - https://www.kyoto-be.ne.jp/toba-hs/mt/
ЁЯЪл чЙ╣х╛ЕхИ╢х║жуБкуБЧ: щ│еч╛╜щлШчнЙхнжцаб
ЁЯФН хЯОхНЧшП▒хЙ╡щлШчнЙхнжцаб - https://www.kyoto-be.ne.jp/jonanryoso-hs/mt/
ЁЯЪл чЙ╣х╛ЕхИ╢х║жуБкуБЧ: хЯОхНЧшП▒хЙ╡щлШчнЙхнжцаб
ЁЯФН ш╛▓шК╕щлШчнЙхнжцаб - https://www.kyoto-be.ne.jp/nougei-hs/mt/
ЁЯЪл чЙ╣х╛ЕхИ╢х║жуБкуБЧ: ш╛▓шК╕щлШчнЙхнжцаб
ЁЯФН ф╣Ех╛бх▒▒щлШчнЙхнжцаб - https://www.kyoto-be.ne.jp/kumiyama-hs/mt/
ЁЯЪл чЙ╣х╛ЕхИ╢х║жуБкуБЧ: ф╣Ех╛бх▒▒щлШчнЙхнжцаб
ЁЯФН цЧехРЙуВ▒ф╕ШщлШчнЙхнжцаб - https://cms.edu.city.kyoto.jp/weblog/index.php?id=300704
ЁЯЪл чЙ╣х╛ЕхИ╢х║жуБкуБЧ: цЧехРЙуВ▒ф╕ШщлШчнЙхнжцаб
ЁЯФН ф║мщГ╜хЕлх╣бщлШчнЙхнжцабя╝ИхНЧуВнуГгуГ│уГСуВ╣я╝Й - https://www.kyoto-be.ne.jp/kyotoyawata-hs/mt/
ЁЯЪл чЙ╣х╛ЕхИ╢х║жуБкуБЧ: ф║мщГ╜хЕлх╣бщлШчнЙхнжцабя╝ИхНЧуВнуГгуГ│уГСуВ╣я╝Й
ЁЯФН ф║мщГ╜х║ЬчлЛхНЧф╕╣щлШчнЙхнжцаб - https://www.kyoto-be.ne.jp/nantan-hs/cms/
ЁЯЪл чЙ╣х╛ЕхИ╢х║жуБкуБЧ: ф║мщГ╜х║ЬчлЛхНЧф╕╣щлШчнЙхнжцаб
ЁЯФН ф║мщГ╜ч▓╛шПпхнжхЬТщлШчнЙхнжцаб - http://www.k-seika.ed.jp/
ЁЯЪл чЙ╣х╛ЕхИ╢х║жуБкуБЧ: ф║мщГ╜ч▓╛шПпхнжхЬТщлШчнЙхнжцаб
ЁЯФН ше┐хЯОщЩ╜щлШчнЙхнжцаб - https://www.kyoto-be.ne.jp/nishijyouyou-hs/mt/
ЁЯЪл чЙ╣х╛ЕхИ╢х║жуБкуБЧ: ше┐хЯОщЩ╜щлШчнЙхнжцаб
ЁЯФН шО╡щБУщлШчнЙхнжцаб - https://www.kyoto-be.ne.jp/todou-hs/mt/
ЁЯЪл чЙ╣х╛ЕхИ╢х║жуБкуБЧ: шО╡щБУщлШчнЙхнжцаб
ЁЯФН ф║мщГ╜х╖ехнжщЩвщлШчнЙхнжцаб - http://cms.edu.city.kyoto.jp/weblog/index.php?id=300254
ЁЯЪл чЙ╣х╛ЕхИ╢х║жуБкуБЧ: ф║мщГ╜х╖ехнжщЩвщлШчнЙхнжцаб
ЁЯФН ф║мщГ╜уБдуБПуБ░щЦЛцИРщлШчнЙхнжцабя╝ИщАЪф┐бхИ╢я╝Й - http://tkaisei-kyoto.jp/
ЁЯЪл чЙ╣х╛ЕхИ╢х║жуБкуБЧ: ф║мщГ╜уБдуБПуБ░щЦЛцИРщлШчнЙхнжцабя╝ИщАЪф┐бхИ╢я╝Й
ЁЯФН ч╢╛щГищлШчнЙхнжцабуГ╗цЭ▒хИЖцабя╝ИхоЪцЩВхИ╢я╝Й - http://www1.kyoto-be.ne.jp/higashi-ayabe-hs/
ЁЯЪл чЙ╣х╛ЕхИ╢х║жуБкуБЧ: ч╢╛щГищлШчнЙхнжцабуГ╗цЭ▒хИЖцабя╝ИхоЪцЩВхИ╢я╝Й
ЁЯФН цЬ▒щЫАщлШчнЙхнжцабя╝ИщАЪф┐бхИ╢я╝Й - http://www1.kyoto-be.ne.jp/suzaku-hs-tuu/index.htm
ЁЯЪл чЙ╣х╛ЕхИ╢х║жуБкуБЧ: цЬ▒щЫАщлШчнЙхнжцабя╝ИщАЪф┐бхИ╢я╝Й
ЁЯФН чммф╕АхнжщЩвщлШчнЙхнжцабуААф║мщГ╜уВнуГгуГ│уГСуВ╣я╝ИщАЪф┐бхИ╢я╝Й - https://www.daiichigakuin.ed.jp/campus/kyoto/
ЁЯЪл чЙ╣х╛ЕхИ╢х║жуБкуБЧ: чммф╕АхнжщЩвщлШчнЙхнжцабуААф║мщГ╜уВнуГгуГ│уГСуВ╣я╝ИщАЪф┐бхИ╢я╝Й
ЁЯФН ф║мщГ╜ше┐х▒▒щлШчнЙхнжцаб - https://kyotonishiyama.ed.jp/
ЁЯЪл чЙ╣х╛ЕхИ╢х║жуБкуБЧ: ф║мщГ╜ше┐х▒▒щлШчнЙхнжцаб
ЁЯФН ф╕АчЗИхЬТщлШчнЙхнжцаб - http://www.ittoen.ed.jp/
ЁЯЪл чЙ╣х╛ЕхИ╢х║жуБкуБЧ: ф╕АчЗИхЬТщлШчнЙхнжцаб
ЁЯФН члЛхС╜щдихоЗц▓╗щлШчнЙхнжцаб - https://www.ritsumei.ac.jp/uji/
ЁЯЪл чЙ╣х╛ЕхИ╢х║жуБкуБЧ: члЛхС╜щдихоЗц▓╗щлШчнЙхнжцаб
ЁЯФН ф║мщГ╜ч╛Ох▒▒щлШчнЙхнжцабя╝ИщАЪф┐бхИ╢я╝Й - http://www.miyama.ed.jp/
ЁЯЪл чЙ╣х╛ЕхИ╢х║жуБкуБЧ: ф║мщГ╜ч╛Ох▒▒щлШчнЙхнжцабя╝ИщАЪф┐бхИ╢я╝Й
ЁЯФН цЭ▒шИЮщ╢┤щлШчнЙхнжцабуГ╗ц╡ох│╢хИЖцабя╝ИхоЪцЩВхИ╢я╝Й - http://www1.kyoto-be.ne.jp/ukishima-higashimaizuru-hs/
ЁЯЪл чЙ╣х╛ЕхИ╢х║жуБкуБЧ: цЭ▒шИЮщ╢┤щлШчнЙхнжцабуГ╗ц╡ох│╢хИЖцабя╝ИхоЪцЩВхИ╢я╝Й
ЁЯФН щ┤иц▓ВщлШчнЙхнжцабя╝ИхоЪцЩВхИ╢я╝Й - http://www1.kyoto-be.ne.jp/ohki-hs/
ЁЯЪл чЙ╣х╛ЕхИ╢х║жуБкуБЧ: щ┤иц▓ВщлШчнЙхнжцабя╝ИхоЪцЩВхИ╢я╝Й
ЁЯФН х│░х▒▒щлШчнЙхнжцаб - https://www.kyoto-be.ne.jp/mineyama-hs/mt/
ЁЯЪл чЙ╣х╛ЕхИ╢х║жуБкуБЧ: х│░х▒▒щлШчнЙхнжцаб
ЁЯФН цЬ▒щЫАщлШчнЙхнжцабя╝ИхоЪцЩВхИ╢я╝Й - http://www1.kyoto-be.ne.jp/suzaku-hs/
ЁЯЪл чЙ╣х╛ЕхИ╢х║жуБкуБЧ: цЬ▒щЫАщлШчнЙхнжцабя╝ИхоЪцЩВхИ╢я╝Й
ЁЯФН цбГх▒▒щлШчнЙхнжцабя╝ИхоЪцЩВхИ╢я╝Й - http://www1.kyoto-be.ne.jp/momoyama-hs/
ЁЯЪл чЙ╣х╛ЕхИ╢х║жуБкуБЧ: цбГх▒▒щлШчнЙхнжцабя╝ИхоЪцЩВхИ╢я╝Й
ЁЯФН ф║мщГ╜хЕ▒цаДхнжхЬТщлШчнЙхнжцаб - https://www.kyoei.ed.jp/
ЁЯЪл чЙ╣х╛ЕхИ╢х║жуБкуБЧ: ф║мщГ╜хЕ▒цаДхнжхЬТщлШчнЙхнжцаб
ЁЯФН хРМх┐Ччд╛хе│хнРщлШчнЙхнжцаб - https://www.girls.doshisha.ac.jp/
ЁЯЪл чЙ╣х╛ЕхИ╢х║жуБкуБЧ: хРМх┐Ччд╛хе│хнРщлШчнЙхнжцаб
ЁЯФН ф║мщГ╜хЕ▒цаДхнжхЬТщлШчнЙхнжцабя╝ИщАЪф┐бхИ╢я╝Й - http://www.kyoei.ed.jp/cs/
тЭМ уГбуВдуГ│уГЪуГ╝уВ╕хПЦх╛Чхд▒цХЧ: 404
ЁЯФН ф║мщГ╜ше┐х▒▒щлШчнЙхнжцабуААя╝ИщАЪф┐бхИ╢я╝Й - http://kyotonishiyama.ed.jp/tsushin/
тЬЕ чЙ╣х╛ЕхИ╢х║жуБВуВК: ф║мщГ╜ше┐х▒▒щлШчнЙхнжцабуААя╝ИщАЪф┐бхИ╢я╝Й
ЁЯФН ч╢╛щГищлШчнЙхнжцаб - http://www.kyoto-be.ne.jp/ayabe-hs/
ЁЯЪл чЙ╣х╛ЕхИ╢х║жуБкуБЧ: ч╢╛щГищлШчнЙхнжцаб
ЁЯФН ше┐ф║мщлШчнЙхнжцабя╝ИхоЪцЩВхИ╢я╝Й - http://www.edu.city.kyoto.jp/hp/saikyo/
ЁЯЪл чЙ╣х╛ЕхИ╢х║жуБкуБЧ: ше┐ф║мщлШчнЙхнжцабя╝ИхоЪцЩВхИ╢я╝Й
ЁЯФН чжПчЯех▒▒цИРч╛ОщлШчнЙхнжцаб - https://www.seibi-hs.jp/
ЁЯЪл чЙ╣х╛ЕхИ╢х║жуБкуБЧ: чжПчЯех▒▒цИРч╛ОщлШчнЙхнжцаб
ЁЯФН щ│еч╛╜щлШчнЙхнжцабя╝ИхоЪцЩВхИ╢я╝Й - http://www1.kyoto-be.ne.jp/toba-hs/
ЁЯЪл чЙ╣х╛ЕхИ╢х║жуБкуБЧ: щ│еч╛╜щлШчнЙхнжцабя╝ИхоЪцЩВхИ╢я╝Й
ЁЯФН чжПчЯех▒▒щлШчнЙхнжцабуГ╗ф╕ЙхТМхИЖцабя╝ИхоЪцЩВхИ╢я╝Й - http://www1.kyoto-be.ne.jp/fukuchiyama-hs/
ЁЯЪл чЙ╣х╛ЕхИ╢х║жуБкуБЧ: чжПчЯех▒▒щлШчнЙхнжцабуГ╗ф╕ЙхТМхИЖцабя╝ИхоЪцЩВхИ╢я╝Й
ЁЯФН ч╢╛щГищлШчнЙхнжцабуГ╗чФ▒шЙпх╖ЭуВнуГгуГ│уГСуВ╣я╝ИцЭ▒хИЖцабя╝Й - https://www.kyoto-be.ne.jp/higashi-ayabe-hs/cms/
ЁЯЪл чЙ╣х╛ЕхИ╢х║жуБкуБЧ: ч╢╛щГищлШчнЙхнжцабуГ╗чФ▒шЙпх╖ЭуВнуГгуГ│уГСуВ╣я╝ИцЭ▒хИЖцабя╝Й
ЁЯФН ф║мщГ╜хеПхТМщлШчнЙхнжцабя╝ИхоЪцЩВхИ╢уГ╗хНШф╜НхИ╢я╝Й - https://cms.edu.city.kyoto.jp/weblog/index.php?id=301107
ЁЯЪл чЙ╣х╛ЕхИ╢х║жуБкуБЧ: ф║мщГ╜хеПхТМщлШчнЙхнжцабя╝ИхоЪцЩВхИ╢уГ╗хНШф╜НхИ╢я╝Й
ЁЯФН хМЧцбСчФ░щлШчнЙхнжцабуГ╗ч╛Ох▒▒хИЖцабя╝ИхоЪцЩВхИ╢я╝Й - http://www1.kyoto-be.ne.jp/kitakuwada-hs/
ЁЯЪл чЙ╣х╛ЕхИ╢х║жуБкуБЧ: хМЧцбСчФ░щлШчнЙхнжцабуГ╗ч╛Ох▒▒хИЖцабя╝ИхоЪцЩВхИ╢я╝Й
ЁЯФН ф║мщГ╜шК╕шбУхдзхнжщЩДх▒ЮщлШчнЙхнжцаб я╝ИщАЪф┐бхИ╢я╝Й - https://shs.kyoto-art.ac.jp/
ЁЯЪл чЙ╣х╛ЕхИ╢х║жуБкуБЧ: ф║мщГ╜шК╕шбУхдзхнжщЩДх▒ЮщлШчнЙхнжцаб я╝ИщАЪф┐бхИ╢я╝Й
ЁЯФН хооц┤ещлШчнЙхнжцабуГ╗ф╝Кца╣хИЖцабя╝ИхоЪцЩВхИ╢я╝Й - http://www1.kyoto-be.ne.jp/miyazu-hs/
ЁЯЪл чЙ╣х╛ЕхИ╢х║жуБкуБЧ: хооц┤ещлШчнЙхнжцабуГ╗ф╝Кца╣хИЖцабя╝ИхоЪцЩВхИ╢я╝Й
ЁЯФН ше┐шИЮщ╢┤щлШчнЙхнжцабя╝ИщАЪф┐бхИ╢я╝Й - http://www1.kyoto-be.ne.jp/nishimaizuru-hs/
ЁЯЪл чЙ╣х╛ЕхИ╢х║жуБкуБЧ: ше┐шИЮщ╢┤щлШчнЙхнжцабя╝ИщАЪф┐бхИ╢я╝Й
ЁЯФН ф║мщГ╜цИРчлащлШчнЙхнжцаб - https://kyoto-seisho.ed.jp/
ЁЯЪл чЙ╣х╛ЕхИ╢х║жуБкуБЧ: ф║мщГ╜цИРчлащлШчнЙхнжцаб
ЁЯОЙ хоМф║Ж: scholarship_result/ф║мщГ╜х║Ь_special_scholarship_flag.csv
