
ЁЯПБ хЗжчРЖщЦЛхзЛ: хТМцнМх▒▒чЬМ
ЁЯФН цЩ║ш╛пхнжхЬТхТМцнМх▒▒щлШчнЙхнжцаб - https://www.chiben.ac.jp/wakayama/
ЁЯЪл чЙ╣х╛ЕхИ╢х║жуБкуБЧ: цЩ║ш╛пхнжхЬТхТМцнМх▒▒щлШчнЙхнжцаб
ЁЯФН щЦЛцЩ║щлШчнЙхнжцаб - https://www.kaichi.ed.jp/
ЁЯЪл чЙ╣х╛ЕхИ╢х║жуБкуБЧ: щЦЛцЩ║щлШчнЙхнжцаб
ЁЯФН щлШщЗОх▒▒щлШчнЙхнжцаб - https://www.koyasan-h.ed.jp
тЬЕ чЙ╣х╛ЕхИ╢х║жуБВуВК: щлШщЗОх▒▒щлШчнЙхнжцаб
ЁЯФН хИЭшКЭцйЛцЬмщлШчнЙхнжцаб - http://www.hatsushiba.ed.jp/hatsuhashi/
ЁЯЪл чЙ╣х╛ЕхИ╢х║жуБкуБЧ: хИЭшКЭцйЛцЬмщлШчнЙхнжцаб
ЁЯФН ш┐СчХ┐хдзхнжщЩДх▒ЮхТМцнМх▒▒щлШчнЙхнжцаб - https://www.hwaka.kindai.ac.jp
ЁЯЪл чЙ╣х╛ЕхИ╢х║жуБкуБЧ: ш┐СчХ┐хдзхнжщЩДх▒ЮхТМцнМх▒▒щлШчнЙхнжцаб
ЁЯФН ф╕▓цЬмхПдх║зщлШчнЙхнжцаб - https://www.kushimoto-h.wakayama-c.ed.jp/
ЁЯЪл чЙ╣х╛ЕхИ╢х║жуБкуБЧ: ф╕▓цЬмхПдх║зщлШчнЙхнжцаб
ЁЯФН ч┤АхМЧх╖еценщлШчнЙхнжцаб - https://www.kihoku-th.wakayama-c.ed.jp/
тЪая╕П уВ╡уГЦуГЪуГ╝уВ╕уВиуГйуГ╝: The markup you provided was rejected by the parser. Trying a different parser or a different encoding may help.

Original exception(s) from parser:
 AssertionError: unknown status keyword 'n' in marked section
ЁЯЪл чЙ╣х╛ЕхИ╢х║жуБкуБЧ: ч┤АхМЧх╖еценщлШчнЙхнжцаб
ЁЯФН хНЧч┤АщлШчнЙхнжцабя╝ИцШ╝щЦУхоЪцЩВхИ╢уГ╗хдЬщЦУхоЪцЩВхИ╢уГ╗щАЪф┐бхИ╢я╝Й - https://www.nanki-h.wakayama-c.ed.jp/
ЁЯЪл чЙ╣х╛ЕхИ╢х║жуБкуБЧ: хНЧч┤АщлШчнЙхнжцабя╝ИцШ╝щЦУхоЪцЩВхИ╢уГ╗хдЬщЦУхоЪцЩВхИ╢уГ╗щАЪф┐бхИ╢я╝Й
ЁЯФН чмачФ░щлШчнЙхнжцаб - https://www.kaseda-h.wakayama-c.ed.jp/
ЁЯЪл чЙ╣х╛ЕхИ╢х║жуБкуБЧ: чмачФ░щлШчнЙхнжцаб
ЁЯФН шАРф╣ЕщлШчнЙхнжцаб - http://www.taikyu-h.wakayama-c.ed.jp/
ЁЯЪл чЙ╣х╛ЕхИ╢х║жуБкуБЧ: шАРф╣ЕщлШчнЙхнжцаб
ЁЯФН цбРшФнщлШчнЙхнжцаб - https://www.toin-h.wakayama-c.ed.jp
ЁЯЪл чЙ╣х╛ЕхИ╢х║жуБкуБЧ: цбРшФнщлШчнЙхнжцаб
ЁЯФН хТМцнМх▒▒цЭ▒щлШчнЙхнжцаб - https://www.wakayamahigashi-h.wakayama-c.ed.jp
ЁЯЪл чЙ╣х╛ЕхИ╢х║жуБкуБЧ: хТМцнМх▒▒цЭ▒щлШчнЙхнжцаб
ЁЯФН хТМцнМх▒▒хХЖценщлШчнЙхнжцаб - https://www.wakayama-ch.wakayama-c.ed.jp/
ЁЯЪл чЙ╣х╛ЕхИ╢х║жуБкуБЧ: хТМцнМх▒▒хХЖценщлШчнЙхнжцаб
ЁЯФН хТМцнМх▒▒х╖еценщлШчнЙхнжцаб - https://www.wakayama-th.wakayama-c.ed.jp/
ЁЯЪл чЙ╣х╛ЕхИ╢х║жуБкуБЧ: хТМцнМх▒▒х╖еценщлШчнЙхнжцаб
ЁЯФН ч▓Йц▓│щлШчнЙхнжцаб - https://www.kokawa-h.wakayama-c.ed.jp/
ЁЯЪл чЙ╣х╛ЕхИ╢х║жуБкуБЧ: ч▓Йц▓│щлШчнЙхнжцаб
ЁЯФН цйЛцЬмщлШчнЙхнжцаб - https://www.hashimoto-h.wakayama-c.ed.jp/
ЁЯЪл чЙ╣х╛ЕхИ╢х║жуБкуБЧ: цйЛцЬмщлШчнЙхнжцаб
ЁЯФН цЦ░хоощлШчнЙхнжцаб - https://www.shingu-h.wakayama-c.ed.jp/
ЁЯЪл чЙ╣х╛ЕхИ╢х║жуБкуБЧ: цЦ░хоощлШчнЙхнжцаб
ЁЯФН цЦ░ч┐ФщлШчнЙхнжцаб - https://www.shinsho-h.wakayama-c.ed.jp/
ЁЯЪл чЙ╣х╛ЕхИ╢х║жуБкуБЧ: цЦ░ч┐ФщлШчнЙхнжцаб
ЁЯФН хРСщЩ╜щлШчнЙхнжцаб - https://www.koyo-h.wakayama-c.ed.jp/
ЁЯЪл чЙ╣х╛ЕхИ╢х║жуБкуБЧ: хРСщЩ╜щлШчнЙхнжцаб
ЁЯФН чФ░ш╛║х╖еценщлШчнЙхнжцаб - http://www.tanabe-th.wakayama-c.ed.jp/
ЁЯЪл чЙ╣х╛ЕхИ╢х║жуБкуБЧ: чФ░ш╛║х╖еценщлШчнЙхнжцаб
ЁЯФН щВгш│АщлШчнЙхнжцаб - https://www.naga-h.wakayama-c.ed.jp/
ЁЯЪл чЙ╣х╛ЕхИ╢х║жуБкуБЧ: щВгш│АщлШчнЙхнжцаб
ЁЯФН чеЮх│╢щлШчнЙхнжцаб - https://www.tanabe-ch.wakayama-c.ed.jp/
ЁЯЪл чЙ╣х╛ЕхИ╢х║жуБкуБЧ: чеЮх│╢щлШчнЙхнжцаб
ЁЯФН чоХх│╢щлШчнЙхнжцаб - https://www.minoshima-h.wakayama-c.ed.jp/
ЁЯЪл чЙ╣х╛ЕхИ╢х║жуБкуБЧ: чоХх│╢щлШчнЙхнжцаб
ЁЯФН хТМцнМх▒▒хМЧщлШчнЙхнжцабхМЧцабшИО - http://www.wakayamakita-h.wakayama-c.ed.jp/
ЁЯЪл чЙ╣х╛ЕхИ╢х║жуБкуБЧ: хТМцнМх▒▒хМЧщлШчнЙхнжцабхМЧцабшИО
ЁЯФН хТМцнМх▒▒чЬМчлЛчФ░ш╛║щлШчнЙхнжцаб - https://www.tanabe-h.wakayama-c.ed.jp/
ЁЯЪл чЙ╣х╛ЕхИ╢х║жуБкуБЧ: хТМцнМх▒▒чЬМчлЛчФ░ш╛║щлШчнЙхнжцаб
ЁЯФН цШЯцЮЧщлШчнЙхнжцаб - https://www.seirin-h.wakayama-c.ed.jp/index.html
ЁЯЪл чЙ╣х╛ЕхИ╢х║жуБкуБЧ: цШЯцЮЧщлШчнЙхнжцаб
ЁЯФН ч┤АхдощдищлШчнЙхнжцаб - https://www.kiokan-h.wakayama-c.ed.jp/
ЁЯЪл чЙ╣х╛ЕхИ╢х║жуБкуБЧ: ч┤АхдощдищлШчнЙхнжцаб
ЁЯФН чЖКщЗОщлШчнЙхнжцаб - https://www.kumano-h.wakayama-c.ed.jp/
ЁЯЪл чЙ╣х╛ЕхИ╢х║жуБкуБЧ: чЖКщЗОщлШчнЙхнжцаб
ЁЯФН ш▓┤х┐Чх╖ЭщлШчнЙхнжцаб - https://www.kishigawa-h.wakayama-c.ed.jp/
ЁЯЪл чЙ╣х╛ЕхИ╢х║жуБкуБЧ: ш▓┤х┐Чх╖ЭщлШчнЙхнжцаб
ЁЯФН цЧещлШщлШчнЙхнжцабуГ╗ф╕нц┤ехИЖцаб - https://www.hidaka-h-b.wakayama-c.ed.jp/
ЁЯЪл чЙ╣х╛ЕхИ╢х║жуБкуБЧ: цЧещлШщлШчнЙхнжцабуГ╗ф╕нц┤ехИЖцаб
ЁЯФН уБНуБоуБПуБлщЭТщЫ▓щлШчнЙхнжцабя╝ИхоЪцЩВхИ╢я╝Й - http://www.seiun-h.wakayama-c.ed.jp/
ЁЯЪл чЙ╣х╛ЕхИ╢х║жуБкуБЧ: уБНуБоуБПуБлщЭТщЫ▓щлШчнЙхнжцабя╝ИхоЪцЩВхИ╢я╝Й
ЁЯФН хТМцнМх▒▒чЬМчлЛхТМцнМх▒▒щлШчнЙхнжцаб - https://www.wakayama-h.wakayama-c.ed.jp/
ЁЯЪл чЙ╣х╛ЕхИ╢х║жуБкуБЧ: хТМцнМх▒▒чЬМчлЛхТМцнМх▒▒щлШчнЙхнжцаб
ЁЯФН цЕ╢щвищлШчнЙхнжцабя╝ИщАЪф┐бхИ╢я╝Й - http://www.eonet.ne.jp/~keifu/
тЭМ уГбуВдуГ│уГЪуГ╝уВ╕хПЦх╛Чхд▒цХЧ: 404
ЁЯФН уВКуВЙхЙ╡щАашК╕шбУщлШчнЙхнжцаб - https://www.lyra-art.jp/
ЁЯЪл чЙ╣х╛ЕхИ╢х║жуБкуБЧ: уВКуВЙхЙ╡щАашК╕шбУщлШчнЙхнжцаб
ЁЯФН ч▓Йц▓│щлШчнЙхнжцабя╝ИхоЪцЩВхИ╢я╝Й - http://www.kokawa-h.wakayama-c.ed.jp/
ЁЯЪл чЙ╣х╛ЕхИ╢х║жуБкуБЧ: ч▓Йц▓│щлШчнЙхнжцабя╝ИхоЪцЩВхИ╢я╝Й
ЁЯФН цЧещлШщлШчнЙхнжцаб - https://www.hidaka-h.wakayama-c.ed.jp/
ЁЯЪл чЙ╣х╛ЕхИ╢х║жуБкуБЧ: цЧещлШщлШчнЙхнжцаб
ЁЯФН ц╡╖хНЧщлШчнЙхнжцабуГ╗хдзцИРцабшИО - http://www.taisei-h.wakayama-c.ed.jp/
ЁЯЪл чЙ╣х╛ЕхИ╢х║жуБкуБЧ: ц╡╖хНЧщлШчнЙхнжцабуГ╗хдзцИРцабшИО
ЁЯФН цЬЙчФ░ф╕нхдощлШчнЙхнжцаб - http://www.aridachuo-h.wakayama-c.ed.jp/
ЁЯЪл чЙ╣х╛ЕхИ╢х║жуБкуБЧ: цЬЙчФ░ф╕нхдощлШчнЙхнжцаб
ЁЯФН цЬЙчФ░ф╕нхдощлШчнЙхнжцабуГ╗ц╕Ец░┤хИЖцаб - https://www.aridachuo-h-b.wakayama-c.ed.jp/
ЁЯЪл чЙ╣х╛ЕхИ╢х║жуБкуБЧ: цЬЙчФ░ф╕нхдощлШчнЙхнжцабуГ╗ц╕Ец░┤хИЖцаб
ЁЯФН ч┤АхМЧш╛▓шК╕щлШчнЙхнжцаб - https://www.kihokunougei-ah.wakayama-c.ed.jp/
ЁЯЪл чЙ╣х╛ЕхИ╢х║жуБкуБЧ: ч┤АхМЧш╛▓шК╕щлШчнЙхнжцаб
ЁЯФН хТМцнМх▒▒х╕ВчлЛхТМцнМх▒▒щлШчнЙхнжцаб - https://www.wakayama-wky.ed.jp/ichiko/
тЭМ уГбуВдуГ│уГЪуГ╝уВ╕хПЦх╛Чхд▒цХЧ: 403
ЁЯФН ф╝КщГ╜ф╕нхдощлШчнЙхнжцабя╝ИщАЪф┐бхИ╢я╝Й - http://www.itochuo-h.wakayama-c.ed.jp/
ЁЯЪл чЙ╣х╛ЕхИ╢х║жуБкуБЧ: ф╝КщГ╜ф╕нхдощлШчнЙхнжцабя╝ИщАЪф┐бхИ╢я╝Й
ЁЯФН ф╝КщГ╜ф╕нхдощлШчнЙхнжцабя╝ИхоЪцЩВхИ╢я╝Й - http://www.itochuo-h.wakayama-c.ed.jp/
ЁЯЪл чЙ╣х╛ЕхИ╢х║жуБкуБЧ: ф╝КщГ╜ф╕нхдощлШчнЙхнжцабя╝ИхоЪцЩВхИ╢я╝Й
ЁЯФН хТМцнМх▒▒хНЧщЩ╡щлШчнЙхнжцаб - http://w-nanryo.ed.jp/
тЬЕ чЙ╣х╛ЕхИ╢х║жуБВуВК: хТМцнМх▒▒хНЧщЩ╡щлШчнЙхнжцаб
ЁЯФН хТМцнМх▒▒х╕ВчлЛхТМцнМх▒▒щлШчнЙхнжцабя╝ИхоЪцЩВхИ╢я╝Й - http://www.ichiko-wakayama.ed.jp/~teijisei/
тЪая╕П хТМцнМх▒▒х╕ВчлЛхТМцнМх▒▒щлШчнЙхнжцабя╝ИхоЪцЩВхИ╢я╝Й ф╛ЛхдЦ: HTTPConnectionPool(host='www.ichiko-wakayama.ed.jp', port=80): Max retries exceeded with url: /~teijisei/ (Caused by NameResolutionError("<urllib3.connection.HTTPConnection object at 0x113b82e30>: Failed to resolve 'www.ichiko-wakayama.ed.jp' ([Errno 8] nodename nor servname provided, or not known)"))
ЁЯФН хТМцнМх▒▒ф┐бцДЫщлШчнЙхнжцаб - https://www.shin-ai.ac.jp/
ЁЯЪл чЙ╣х╛ЕхИ╢х║жуБкуБЧ: хТМцнМх▒▒ф┐бцДЫщлШчнЙхнжцаб
ЁЯФН цЦ░хоощлШчнЙхнжцабя╝ИхоЪцЩВхИ╢я╝Й - http://www.shingu-h.wakayama-c.ed.jp/
ЁЯЪл чЙ╣х╛ЕхИ╢х║жуБкуБЧ: цЦ░хоощлШчнЙхнжцабя╝ИхоЪцЩВхИ╢я╝Й
ЁЯФН хНЧщГищлШчнЙхнжцабуГ╗щ╛НчеЮхИЖцаб - https://www.minabe-h-b.wakayama-c.ed.jp/
ЁЯЪл чЙ╣х╛ЕхИ╢х║жуБкуБЧ: хНЧщГищлШчнЙхнжцабуГ╗щ╛НчеЮхИЖцаб
ЁЯФН хНЧщГищлШчнЙхнжцаб - https://www.minabe-h.wakayama-c.ed.jp//
ЁЯЪл чЙ╣х╛ЕхИ╢х║жуБкуБЧ: хНЧщГищлШчнЙхнжцаб
ЁЯФН цЧещлШщлШчнЙхнжцабя╝ИхоЪцЩВхИ╢я╝Й - http://www.hidaka-h.wakayama-c.ed.jp/
ЁЯЪл чЙ╣х╛ЕхИ╢х║жуБкуБЧ: цЧещлШщлШчнЙхнжцабя╝ИхоЪцЩВхИ╢я╝Й
ЁЯФН ц╡╖хНЧщлШчнЙхнжцабуГ╗ч╛ОщЗМхИЖцаб - https://www.taisei-h-b.wakayama-c.ed.jp/
ЁЯЪл чЙ╣х╛ЕхИ╢х║жуБкуБЧ: ц╡╖хНЧщлШчнЙхнжцабуГ╗ч╛ОщЗМхИЖцаб
ЁЯФН шАРф╣ЕщлШчнЙхнжцабя╝ИхоЪцЩВхИ╢я╝Й - http://www.taikyu-h.wakayama-c.ed.jp/ns/h26-%20top.html
тЭМ уГбуВдуГ│уГЪуГ╝уВ╕хПЦх╛Чхд▒цХЧ: 404
ЁЯФН ш┐СчХ┐хдзхнжщЩДх▒ЮцЦ░хоощлШчнЙхнжцаб - https://www.shingu.kindai.ac.jp
ЁЯЪл чЙ╣х╛ЕхИ╢х║жуБкуБЧ: ш┐СчХ┐хдзхнжщЩДх▒ЮцЦ░хоощлШчнЙхнжцаб
ЁЯОЙ хоМф║Ж: scholarship_result/хТМцнМх▒▒чЬМ_special_scholarship_flag.csv
