
ЁЯПБ хЗжчРЖщЦЛхзЛ: хдзщШкх║Ь
ЁЯФН хдзщШкхе│хнжщЩвщлШчнЙхнжцаб - https://www.osaka-jogakuin.ed.jp/
ЁЯЪл чЙ╣х╛ЕхИ╢х║жуБкуБЧ: хдзщШкхе│хнжщЩвщлШчнЙхнжцаб
ЁЯФН шЛ▒чЬЯхнжхЬТщлШчнЙхнжцаб - https://eishingakuen.ac.jp/
тЬЕ чЙ╣х╛ЕхИ╢х║жуБВуВК: шЛ▒чЬЯхнжхЬТщлШчнЙхнжцаб
ЁЯФН ц╡кщАЯщлШчнЙхнжцаб - https://www.naniwa.ed.jp/high/
ЁЯЪл чЙ╣х╛ЕхИ╢х║жуБкуБЧ: ц╡кщАЯщлШчнЙхнжцаб
ЁЯФН цвЕшК▒щлШчнЙхнжцаб - https://www.baika-jh.ed.jp/
тЬЕ чЙ╣х╛ЕхИ╢х║жуБВуВК: цвЕшК▒щлШчнЙхнжцаб
ЁЯФН хдзщШкх║ЬчлЛф╗КхоощлШчнЙхнжцаб - https://www.osaka-c.ed.jp/imamiya/
ЁЯЪл чЙ╣х╛ЕхИ╢х║жуБкуБЧ: хдзщШкх║ЬчлЛф╗КхоощлШчнЙхнжцаб
ЁЯФН цбГх▒▒хнжщЩвщлШчнЙхнжцаб - https://www.momoyamagakuin-h.ed.jp/
ЁЯЪл чЙ╣х╛ЕхИ╢х║жуБкуБЧ: цбГх▒▒хнжщЩвщлШчнЙхнжцаб
ЁЯФН ше┐цИРщлШчнЙхнжцаб - https://www.osaka-c.ed.jp/nishinari/
ЁЯЪл чЙ╣х╛ЕхИ╢х║жуБкуБЧ: ше┐цИРщлШчнЙхнжцаб
ЁЯФН цШЗщЩ╜щлШчнЙхнжцаб - https://www.oskshoyo.ed.jp/hs/
ЁЯЪл чЙ╣х╛ЕхИ╢х║жуБкуБЧ: цШЗщЩ╜щлШчнЙхнжцаб
ЁЯФН уБВуБ╣уБоч┐ФхнжщлШчнЙхнжцаб - https://www.abeno-shogaku.ed.jp/
ЁЯЪл чЙ╣х╛ЕхИ╢х║жуБкуБЧ: уБВуБ╣уБоч┐ФхнжщлШчнЙхнжцаб
ЁЯФН хдзщШкхнжшК╕щлШчнЙхнжцаб - https://www.osakagakugei.ac.jp/senior/
тЬЕ чЙ╣х╛ЕхИ╢х║жуБВуВК: хдзщШкхнжшК╕щлШчнЙхнжцаб
ЁЯФН чЫ╕цДЫщлШчнЙхнжцаб - https://www.soai.ed.jp/
ЁЯЪл чЙ╣х╛ЕхИ╢х║жуБкуБЧ: чЫ╕цДЫщлШчнЙхнжцаб
ЁЯФН хдзхХЖхнжхЬТщлШчнЙхнжцаб - https://www.daisho.ac.jp/
тЬЕ чЙ╣х╛ЕхИ╢х║жуБВуВК: хдзхХЖхнжхЬТщлШчнЙхнжцаб
ЁЯФН хдзщШкф╜УшВ▓хдзхнжц╡кхХЖщлШчнЙхнжцаб - https://www.ouhs-school.jp/namisho/
тЬЕ чЙ╣х╛ЕхИ╢х║жуБВуВК: хдзщШкф╜УшВ▓хдзхнжц╡кхХЖщлШчнЙхнжцаб
ЁЯФН шИИхЬЛщлШчнЙхнжцаб - https://www.kokoku.ed.jp/
ЁЯЪл чЙ╣х╛ЕхИ╢х║жуБкуБЧ: шИИхЬЛщлШчнЙхнжцаб
ЁЯФН уВКуВУуБПуБЖч┐ФхНЧщлШчнЙхнжцаб - https://www2.osaka-c.ed.jp/rinkushonan/
ЁЯЪл чЙ╣х╛ЕхИ╢х║жуБкуБЧ: уВКуВУуБПуБЖч┐ФхНЧщлШчнЙхнжцаб
ЁЯФН хдзщШкх║ЬчлЛш▒Кф╕нщлШчнЙхнжцабшГ╜хЛвхИЖцаб - https://nose-br.toyonaka-hs.ed.jp/
ЁЯЪл чЙ╣х╛ЕхИ╢х║жуБкуБЧ: хдзщШкх║ЬчлЛш▒Кф╕нщлШчнЙхнжцабшГ╜хЛвхИЖцаб
ЁЯФН хдзщШкщлШчнЙхнжцаб - https://www.osakashs.ed.jp/
ЁЯЪл чЙ╣х╛ЕхИ╢х║жуБкуБЧ: хдзщШкщлШчнЙхнжцаб
ЁЯФН хРМх┐Ччд╛щжЩщЗМщлШчнЙхнжцаб - https://www.kori.doshisha.ac.jp/
ЁЯЪл чЙ╣х╛ЕхИ╢х║жуБкуБЧ: хРМх┐Ччд╛щжЩщЗМщлШчнЙхнжцаб
ЁЯФН хдзщШкцЪБхЕЙщлШчнЙхнжцаб - https://www.osakagyoko.ed.jp
ЁЯЪл чЙ╣х╛ЕхИ╢х║жуБкуБЧ: хдзщШкцЪБхЕЙщлШчнЙхнжцаб
ЁЯФН хИйцЩ╢хнжхЬТхдзщШкчлЛхС╜щдищлШчнЙхнжцаб - https://www.hatsushiba.ed.jp/ritsumeikan/
ЁЯЪл чЙ╣х╛ЕхИ╢х║жуБкуБЧ: хИйцЩ╢хнжхЬТхдзщШкчлЛхС╜щдищлШчнЙхнжцаб
ЁЯФН ха║х╖ечзСщлШчнЙхнжцаб - https://sakai-t.ed.jp/
ЁЯЪл чЙ╣х╛ЕхИ╢х║жуБкуБЧ: ха║х╖ечзСщлШчнЙхнжцаб
ЁЯФН хе╜цЦЗхнжхЬТхе│хнРщлШчнЙхнжцаб - https://koubun.ed.jp/
ЁЯЪл чЙ╣х╛ЕхИ╢х║жуБкуБЧ: хе╜цЦЗхнжхЬТхе│хнРщлШчнЙхнжцаб
ЁЯФН хдзщШкхХЖценхдзхнжщлШчнЙхнжцаб - https://www.daishodai-h.ed.jp/
ЁЯЪл чЙ╣х╛ЕхИ╢х║жуБкуБЧ: хдзщШкхХЖценхдзхнжщлШчнЙхнжцаб
ЁЯФН ш│вцШОхнжщЩвщлШчнЙхнжцаб - https://kenmei.jp
ЁЯЪл чЙ╣х╛ЕхИ╢х║жуБкуБЧ: ш│вцШОхнжщЩвщлШчнЙхнжцаб
ЁЯФН хдкцИРхнжщЩвхдзхнжщлШчнЙхнжцаб - https://www.taisei-hs.ac.jp/hs/
ЁЯЪл чЙ╣х╛ЕхИ╢х║жуБкуБЧ: хдкцИРхнжщЩвхдзхнжщлШчнЙхнжцаб
ЁЯФН ч▓╛шПпщлШчнЙхнжцаб - https://www.seika-h.ed.jp/
ЁЯЪл чЙ╣х╛ЕхИ╢х║жуБкуБЧ: ч▓╛шПпщлШчнЙхнжцаб
ЁЯФН щЗСшШнф╝ЪщлШчнЙхнжцаб - https://www.kinran.ed.jp
тЬЕ чЙ╣х╛ЕхИ╢х║жуБВуВК: щЗСшШнф╝ЪщлШчнЙхнжцаб
ЁЯФН хдзщШкхБХцШЯхнжхЬТщлШчнЙхнжцаб - https://www.osaka-kaisei.ac.jp/
тЬЕ чЙ╣х╛ЕхИ╢х║жуБВуВК: хдзщШкхБХцШЯхнжхЬТщлШчнЙхнжцаб
ЁЯФН ф╕КхоощлШчнЙхнжцаб - https://www.uenomiya.ed.jp/
ЁЯЪл чЙ╣х╛ЕхИ╢х║жуБкуБЧ: ф╕КхоощлШчнЙхнжцаб
ЁЯФН цЧецЦ░щлШчнЙхнжцаб - https://school.higashiosaka-osk.ed.jp/nisshin-h/
ЁЯЪл чЙ╣х╛ЕхИ╢х║жуБкуБЧ: цЧецЦ░щлШчнЙхнжцаб
ЁЯОЙ хоМф║Ж: scholarship_result/хдзщШкх║Ь_special_scholarship_flag.csv
