
ЁЯПБ хЗжчРЖщЦЛхзЛ: хоох┤ОчЬМ
ЁЯФН шБЦх┐ГуВжуГлуВ╣уГйхнжхЬТщлШчнЙхнжцаб - https://ursula.ed.jp/high/
ЁЯЪл чЙ╣х╛ЕхИ╢х║жуБкуБЧ: шБЦх┐ГуВжуГлуВ╣уГйхнжхЬТщлШчнЙхнжцаб
ЁЯФН хоох┤ОхМЧщлШчнЙхнжцаб - http://cms.miyazaki-c.ed.jp/6040/htdocs/
ЁЯЪл чЙ╣х╛ЕхИ╢х║жуБкуБЧ: хоох┤ОхМЧщлШчнЙхнжцаб
ЁЯФН цЧехРСхнжщЩвщлШчнЙхнжцаб - http://www.hyugagakuin.ac.jp/
ЁЯЪл чЙ╣х╛ЕхИ╢х║жуБкуБЧ: цЧехРСхнжщЩвщлШчнЙхнжцаб
ЁЯФН х░ПцЮЧше┐щлШчнЙхнжцаб - https://www.kobayashi-nishi.net/
ЁЯЪл чЙ╣х╛ЕхИ╢х║жуБкуБЧ: х░ПцЮЧше┐щлШчнЙхнжцаб
ЁЯФН цЧечлахнжхЬТф╣Эх╖ЮхЫ╜щЪЫщлШчнЙхнжцаб - http://www.nissho.ac.jp/nkih/
ЁЯЪл чЙ╣х╛ЕхИ╢х║жуБкуБЧ: цЧечлахнжхЬТф╣Эх╖ЮхЫ╜щЪЫщлШчнЙхнжцаб
ЁЯФН хоох┤ОхнжхЬТщлШчнЙхнжцаб - https://www.miyagaku.ed.jp/
ЁЯЪл чЙ╣х╛ЕхИ╢х║жуБкуБЧ: хоох┤ОхнжхЬТщлШчнЙхнжцаб
ЁЯФН хоох┤ОцЧецЬмхдзхнжщлШчнЙхнжцаб - https://www.m-nichidai.com/
тЬЕ чЙ╣х╛ЕхИ╢х║жуБВуВК: хоох┤ОцЧецЬмхдзхнжщлШчнЙхнжцаб
ЁЯФН щГ╜хЯОшБЦуГЙуГЯуГЛуВ│хнжхЬТщлШчнЙхнжцаб - https://www.mdominico.com/
ЁЯЪл чЙ╣х╛ЕхИ╢х║жуБкуБЧ: щГ╜хЯОшБЦуГЙуГЯуГЛуВ│хнжхЬТщлШчнЙхнжцаб
ЁЯФН цЬмх║ДщлШчнЙхнжцаб - https://cms.miyazaki-c.ed.jp/6006/
ЁЯЪл чЙ╣х╛ЕхИ╢х║жуБкуБЧ: цЬмх║ДщлШчнЙхнжцаб
ЁЯФН цЧехНЧхнжхЬТщлШчнЙхнжцабуААхоох┤ОчйОхнжщди - https://www.eigakukan.ed.jp/
ЁЯЪл чЙ╣х╛ЕхИ╢х║жуБкуБЧ: цЧехНЧхнжхЬТщлШчнЙхнжцабуААхоох┤ОчйОхнжщди
ЁЯФН хоох┤Ош╛▓ценщлШчнЙхнжцаб - https://cms.miyazaki-c.ed.jp/6004/
ЁЯЪл чЙ╣х╛ЕхИ╢х║жуБкуБЧ: хоох┤Ош╛▓ценщлШчнЙхнжцаб
ЁЯФН щлШхНГчйВщлШчнЙхнжцаб - https://www.miyazaki-c.ed.jp/takachiho-h/
тЪая╕П щлШхНГчйВщлШчнЙхнжцаб ф╛ЛхдЦ: HTTPSConnectionPool(host='www.miyazaki-c.ed.jp', port=443): Max retries exceeded with url: /takachiho-h/ (Caused by SSLError(SSLCertVerificationError(1, '[SSL: CERTIFICATE_VERIFY_FAILED] certificate verify failed: unable to get local issuer certificate (_ssl.c:997)')))
ЁЯФН хоох┤Ох╖еценщлШчнЙхнжцаб - http://www.miyazaki-c.ed.jp/miyazaki-th/
тЪая╕П уВ╡уГЦуГЪуГ╝уВ╕уВиуГйуГ╝: HTTPSConnectionPool(host='www.miyazaki-c.ed.jp', port=443): Max retries exceeded with url: /miyazaki-th/ (Caused by SSLError(SSLCertVerificationError(1, '[SSL: CERTIFICATE_VERIFY_FAILED] certificate verify failed: unable to get local issuer certificate (_ssl.c:997)')))
ЁЯЪл чЙ╣х╛ЕхИ╢х║жуБкуБЧ: хоох┤Ох╖еценщлШчнЙхнжцаб
ЁЯФН цЧехРСщлШчнЙхнжцаб - https://hyuga-hs.ed.jp/
ЁЯЪл чЙ╣х╛ЕхИ╢х║жуБкуБЧ: цЧехРСщлШчнЙхнжцаб
ЁЯФН хпМх│╢щлШчнЙхнжцаб - https://tomishima.ed.jp/zen
ЁЯЪл чЙ╣х╛ЕхИ╢х║жуБкуБЧ: хпМх│╢щлШчнЙхнжцаб
ЁЯФН щлШщНЛщлШчнЙхнжцаб - http://takanabe-hs.ed.jp
ЁЯЪл чЙ╣х╛ЕхИ╢х║жуБкуБЧ: щлШщНЛщлШчнЙхнжцаб
ЁЯФН щлШщНЛш╛▓ценщлШчнЙхнжцаб - http://www.takanabe-ah.ed.jp/
ЁЯЪл чЙ╣х╛ЕхИ╢х║жуБкуБЧ: щлШщНЛш╛▓ценщлШчнЙхнжцаб
ЁЯФН х╗╢х▓бщлШчнЙхнжцаб - https://cms.miyazaki-c.ed.jp/6027/htdocs/
ЁЯЪл чЙ╣х╛ЕхИ╢х║жуБкуБЧ: х╗╢х▓бщлШчнЙхнжцаб
ЁЯФН цЧехНЧхнжхЬТщлШчнЙхнжцаб - https://www.nichigaku-highschool.info/
ЁЯЪл чЙ╣х╛ЕхИ╢х║жуБкуБЧ: цЧехНЧхнжхЬТщлШчнЙхнжцаб
ЁЯФН щЦАх╖ЭщлШчнЙхнжцаб - https://cms.miyazaki-c.ed.jp/6048/
ЁЯЪл чЙ╣х╛ЕхИ╢х║жуБкуБЧ: щЦАх╖ЭщлШчнЙхнжцаб
ЁЯФН хоох┤ОхХЖценщлШчнЙхнжцаб - https://cms.miyazaki-c.ed.jp/6003/htdocs/
ЁЯЪл чЙ╣х╛ЕхИ╢х║жуБкуБЧ: хоох┤ОхХЖценщлШчнЙхнжцаб
ЁЯФН х╗╢х▓бх╖еценщлШчнЙхнжцаб - https://cms.miyazaki-c.ed.jp/6029/htdocs
ЁЯЪл чЙ╣х╛ЕхИ╢х║жуБкуБЧ: х╗╢х▓бх╖еценщлШчнЙхнжцаб
ЁЯФН хоох┤Оц╡╖ц┤ЛщлШчнЙхнжцаб - http://cms.miyazaki-c.ed.jp/6046hp/htdocs/index.php?page_id=0
ЁЯЪл чЙ╣х╛ЕхИ╢х║жуБкуБЧ: хоох┤Оц╡╖ц┤ЛщлШчнЙхнжцаб
ЁЯФН хоох┤ОхдзхоощлШчнЙхнжцаб - https://miyazakiohmiya-h.ed.jp/
ЁЯЪл чЙ╣х╛ЕхИ╢х║жуБкуБЧ: хоох┤ОхдзхоощлШчнЙхнжцаб
ЁЯФН цЧехРСх╖еценщлШчнЙхнжцаб - http://www.miyazaki-c.ed.jp/hyuga-th/
ЁЯЪл чЙ╣х╛ЕхИ╢х║жуБкуБЧ: цЧехРСх╖еценщлШчнЙхнжцаб
ЁЯФН хоох┤Оше┐щлШчнЙхнжцаб - https://cms.miyazaki-c.ed.jp/6037/htdocs/
ЁЯЪл чЙ╣х╛ЕхИ╢х║жуБкуБЧ: хоох┤Оше┐щлШчнЙхнжцаб
ЁЯФН хж╗щлШчнЙхнжцаб - https://cms.miyazaki-c.ed.jp/6052/
ЁЯЪл чЙ╣х╛ЕхИ╢х║жуБкуБЧ: хж╗щлШчнЙхнжцаб
ЁЯФН хоох┤ОхНЧщлШчнЙхнжцаб - https://www.miyazaki-c.ed.jp/miyazakiminami-h/
тЪая╕П хоох┤ОхНЧщлШчнЙхнжцаб ф╛ЛхдЦ: HTTPSConnectionPool(host='www.miyazaki-c.ed.jp', port=443): Max retries exceeded with url: /miyazakiminami-h/ (Caused by SSLError(SSLCertVerificationError(1, '[SSL: CERTIFICATE_VERIFY_FAILED] certificate verify failed: unable to get local issuer certificate (_ssl.c:997)')))
ЁЯФН цЧехНЧщлШчнЙхнжцаб - https://cms.miyazaki-c.ed.jp/6007/
ЁЯЪл чЙ╣х╛ЕхИ╢х║жуБкуБЧ: цЧехНЧщлШчнЙхнжцаб
ЁЯФН х╗╢х▓бхХЖценщлШчнЙхнжцаб - http://cms.miyazaki-c.ed.jp/6030/htdocs/
ЁЯЪл чЙ╣х╛ЕхИ╢х║жуБкуБЧ: х╗╢х▓бхХЖценщлШчнЙхнжцаб
ЁЯФН щ╡мч┐ФщлШчнЙхнжцаб - https://www.hosho.ed.jp/
тЬЕ чЙ╣х╛ЕхИ╢х║жуБВуВК: щ╡мч┐ФщлШчнЙхнжцаб
ЁЯФН х╗╢х▓бщЭТцЬЛщлШчнЙхнжцабя╝ИщАЪф┐бхИ╢я╝Й - http://www.miyazaki-c.ed.jp/nobeokaseihou-h/tsushin/tsushin_top.htm
ЁЯЪл чЙ╣х╛ЕхИ╢х║жуБкуБЧ: х╗╢х▓бщЭТцЬЛщлШчнЙхнжцабя╝ИщАЪф┐бхИ╢я╝Й
ЁЯФН чжПх│╢щлШчнЙхнжцаб - http://www.miyazaki-c.ed.jp/myz-fukushima-h/
ЁЯЪл чЙ╣х╛ЕхИ╢х║жуБкуБЧ: чжПх│╢щлШчнЙхнжцаб
ЁЯФН хоох┤Ох╖еценщлШчнЙхнжцабя╝ИхоЪцЩВхИ╢я╝Й - http://www.miyazaki-c.ed.jp/miyazaki-th/
тЪая╕П уВ╡уГЦуГЪуГ╝уВ╕уВиуГйуГ╝: HTTPSConnectionPool(host='www.miyazaki-c.ed.jp', port=443): Max retries exceeded with url: /miyazaki-th/ (Caused by SSLError(SSLCertVerificationError(1, '[SSL: CERTIFICATE_VERIFY_FAILED] certificate verify failed: unable to get local issuer certificate (_ssl.c:997)')))
ЁЯЪл чЙ╣х╛ЕхИ╢х║жуБкуБЧ: хоох┤Ох╖еценщлШчнЙхнжцабя╝ИхоЪцЩВхИ╢я╝Й
ЁЯФН щГ╜хЯОц│ЙуГ╢ф╕ШщлШчнЙхнжцаб - https://cms.miyazaki-c.ed.jp/6011/htdocs/
ЁЯЪл чЙ╣х╛ЕхИ╢х║жуБкуБЧ: щГ╜хЯОц│ЙуГ╢ф╕ШщлШчнЙхнжцаб
ЁЯФН хоох┤ОцЭ▒щлШчнЙхнжцабя╝ИщАЪф┐бхИ╢я╝Й - http://cms.miyazaki-c.ed.jp/6041/htdocs/
ЁЯЪл чЙ╣х╛ЕхИ╢х║жуБкуБЧ: хоох┤ОцЭ▒щлШчнЙхнжцабя╝ИщАЪф┐бхИ╢я╝Й
ЁЯФН хоох┤Очммф╕АщлШчнЙхнжцаб - https://miyaichi.ed.jp/
тЬЕ чЙ╣х╛ЕхИ╢х║жуБВуВК: хоох┤Очммф╕АщлШчнЙхнжцаб
ЁЯФН х░ПцЮЧчзАх│░щлШчнЙхнжцаб - https://cms.miyazaki-c.ed.jp/6050/
ЁЯЪл чЙ╣х╛ЕхИ╢х║жуБкуБЧ: х░ПцЮЧчзАх│░щлШчнЙхнжцаб
ЁЯФН щлШхЯОщлШчнЙхнжцаб - http://www.miyazaki-c.ed.jp/takajo-h/
ЁЯЪл чЙ╣х╛ЕхИ╢х║жуБкуБЧ: щлШхЯОщлШчнЙхнжцаб
ЁЯФН щгпщЗОщлШчнЙхнжцаб - https://iino-hs.ed.jp
ЁЯЪл чЙ╣х╛ЕхИ╢х║жуБкуБЧ: щгпщЗОщлШчнЙхнжцаб
ЁЯФН х╗╢х▓бцШЯщЫ▓щлШчнЙхнжцаб - http://www.miyazaki-c.ed.jp/nobeokaseiun-h/
ЁЯЪл чЙ╣х╛ЕхИ╢х║жуБкуБЧ: х╗╢х▓бцШЯщЫ▓щлШчнЙхнжцаб
ЁЯФН щГ╜хЯОш╛▓ценщлШчнЙхнжцаб - https://cms.miyazaki-c.ed.jp/6012/htdocs/
ЁЯЪл чЙ╣х╛ЕхИ╢х║жуБкуБЧ: щГ╜хЯОш╛▓ценщлШчнЙхнжцаб
ЁЯФН цЧехНЧцМпх╛│щлШчнЙхнжцаб - https://cms.miyazaki-c.ed.jp/6051/htdocs/
ЁЯЪл чЙ╣х╛ЕхИ╢х║жуБкуБЧ: цЧехНЧцМпх╛│щлШчнЙхнжцаб
ЁЯФН хоох┤ОцЭ▒щлШчнЙхнжцабя╝ИхоЪцЩВхИ╢я╝Й - http://www.miyazaki-c.ed.jp/miyazakihigashi-h/
ЁЯЪл чЙ╣х╛ЕхИ╢х║жуБкуБЧ: хоох┤ОцЭ▒щлШчнЙхнжцабя╝ИхоЪцЩВхИ╢я╝Й
ЁЯФН х╗╢х▓бщЭТцЬЛщлШчнЙхнжцабя╝ИхоЪцЩВхИ╢я╝Й - http://www.miyazaki-c.ed.jp/nobeokaseihou-h/
ЁЯЪл чЙ╣х╛ЕхИ╢х║жуБкуБЧ: х╗╢х▓бщЭТцЬЛщлШчнЙхнжцабя╝ИхоЪцЩВхИ╢я╝Й
ЁЯФН щГ╜хЯОх╖еценщлШчнЙхнжцаб - https://cms.miyazaki-c.ed.jp/6014/htdocs/
ЁЯЪл чЙ╣х╛ЕхИ╢х║жуБкуБЧ: щГ╜хЯОх╖еценщлШчнЙхнжцаб
ЁЯФН хпМх│╢щлШчнЙхнжцабя╝ИхоЪцЩВхИ╢я╝Й - https://tomishima.ed.jp/tei
ЁЯЪл чЙ╣х╛ЕхИ╢х║жуБкуБЧ: хпМх│╢щлШчнЙхнжцабя╝ИхоЪцЩВхИ╢я╝Й
ЁЯФН щГ╜хЯОше┐щлШчнЙхнжцаб - https://tonishi-h.com/
ЁЯЪл чЙ╣х╛ЕхИ╢х║жуБкуБЧ: щГ╜хЯОше┐щлШчнЙхнжцаб
ЁЯФН цл╗ч╛ОхнжхЬТщлШчнЙхнжцаб - https://miyako-higashi.ac.jp/info/
ЁЯЪл чЙ╣х╛ЕхИ╢х║жуБкуБЧ: цл╗ч╛ОхнжхЬТщлШчнЙхнжцаб
ЁЯФН цЧечлахнжхЬТщлШчнЙхнжцаб - http://nissho.ed.jp/
ЁЯЪл чЙ╣х╛ЕхИ╢х║жуБкуБЧ: цЧечлахнжхЬТщлШчнЙхнжцаб
ЁЯФН х░ПцЮЧщлШчнЙхнжцаб - https://cms.miyazaki-c.ed.jp/6017/htdocs/
ЁЯЪл чЙ╣х╛ЕхИ╢х║жуБкуБЧ: х░ПцЮЧщлШчнЙхнжцаб
ЁЯФН щГ╜хЯОщлШчнЙхнжцаб - https://kubogakuen.ac.jp/
тЪая╕П щГ╜хЯОщлШчнЙхнжцаб ф╛ЛхдЦ: netloc 'я╝Г' contains invalid characters under NFKC normalization
ЁЯФН ф╜РхЬЯхОЯщлШчнЙхнжцаб - http://www.miyazaki-c.ed.jp/sadowara-th/
ЁЯЪл чЙ╣х╛ЕхИ╢х║жуБкуБЧ: ф╜РхЬЯхОЯщлШчнЙхнжцаб
ЁЯФН х╗╢х▓бхнжхЬТщлШчнЙхнжцаб - https://nobeokagakuen-ed.jp/
ЁЯЪл чЙ╣х╛ЕхИ╢х║жуБкуБЧ: х╗╢х▓бхнжхЬТщлШчнЙхнжцаб
ЁЯФН щГ╜хЯОц│ЙуГ╢ф╕ШщлШчнЙхнжцабя╝ИхоЪцЩВхИ╢я╝Й - http://www.miyazaki-c.ed.jp/miyakonojoizumigaoka-h/
ЁЯЪл чЙ╣х╛ЕхИ╢х║жуБкуБЧ: щГ╜хЯОц│ЙуГ╢ф╕ШщлШчнЙхнжцабя╝ИхоЪцЩВхИ╢я╝Й
ЁЯФН щГ╜хЯОхХЖценщлШчнЙхнжцаб - https://cms.miyazaki-c.ed.jp/6013/
ЁЯЪл чЙ╣х╛ЕхИ╢х║жуБкуБЧ: щГ╜хЯОхХЖценщлШчнЙхнжцаб
ЁЯОЙ хоМф║Ж: scholarship_result/хоох┤ОчЬМ_special_scholarship_flag.csv
