
ЁЯПБ хЗжчРЖщЦЛхзЛ: х▓йцЙЛчЬМ
ЁЯФН шК▒х╖╗цЭ▒щлШчнЙхнжцаб - http://www.hanamakihigashi-h.jp/
ЁЯЪл чЙ╣х╛ЕхИ╢х║жуБкуБЧ: шК▒х╖╗цЭ▒щлШчнЙхнжцаб
ЁЯФН чЫЫх▓бхдзхнжщЩДх▒ЮщлШчнЙхнжцаб - https://www.morifu.jp/
ЁЯЪл чЙ╣х╛ЕхИ╢х║жуБкуБЧ: чЫЫх▓бхдзхнжщЩДх▒ЮщлШчнЙхнжцаб
ЁЯФН хНФхТМхнжщЩвц░┤ц▓вчммф╕АщлШчнЙхнжцаб - http://www.mizuichi.ed.jp/
ЁЯЪл чЙ╣х╛ЕхИ╢х║жуБкуБЧ: хНФхТМхнжщЩвц░┤ц▓вчммф╕АщлШчнЙхнжцаб
ЁЯФН чЫЫх▓бчЩ╜чЩ╛хРИхнжхЬТщлШчнЙхнжцаб - https://msgsp.jp/
ЁЯЪл чЙ╣х╛ЕхИ╢х║жуБкуБЧ: чЫЫх▓бчЩ╜чЩ╛хРИхнжхЬТщлШчнЙхнжцаб
ЁЯФН ф╕АщЦвхнжщЩвщлШчнЙхнжцаб - https://ichinoseki-gakuin.jp/
ЁЯЪл чЙ╣х╛ЕхИ╢х║жуБкуБЧ: ф╕АщЦвхнжщЩвщлШчнЙхнжцаб
ЁЯФН чЫЫх▓буВ╣уВ│уГ╝уГмщлШчнЙхнжцаб - https://www.schole.jp/highschool/
ЁЯЪл чЙ╣х╛ЕхИ╢х║жуБкуБЧ: чЫЫх▓буВ╣уВ│уГ╝уГмщлШчнЙхнжцаб
ЁЯФН ф╕АщЦвф┐оч┤ЕщлШчнЙхнжцаб - https://www.shuko.ed.jp/
ЁЯЪл чЙ╣х╛ЕхИ╢х║жуБкуБЧ: ф╕АщЦвф┐оч┤ЕщлШчнЙхнжцаб
ЁЯФН х▓йцЙЛщлШчнЙхнжцаб - https://iwate-jh.ed.jp
тЬЕ чЙ╣х╛ЕхИ╢х║жуБВуВК: х▓йцЙЛщлШчнЙхнжцаб
ЁЯФН ш╗╜ч▒│щлШчнЙхнжцаб - http://www2.iwate-ed.jp/kar-h/
ЁЯЪл чЙ╣х╛ЕхИ╢х║жуБкуБЧ: ш╗╜ч▒│щлШчнЙхнжцаб
ЁЯФН ф╕АщЦвхнжщЩвщлШчнЙхнжцабя╝ИщАЪф┐бхИ╢я╝Й - http://ichinoseki-gakuin.jp/index.html
ЁЯЪл чЙ╣х╛ЕхИ╢х║жуБкуБЧ: ф╕АщЦвхнжщЩвщлШчнЙхнжцабя╝ИщАЪф┐бхИ╢я╝Й
ЁЯФН чЫЫх▓бшкацбЬщлШчнЙхнжцаб - https://www.morioka-seio.ed.jp/
ЁЯЪл чЙ╣х╛ЕхИ╢х║жуБкуБЧ: чЫЫх▓бшкацбЬщлШчнЙхнжцаб
ЁЯФН шСЫх╖╗щлШчнЙхнжцаб - http://www2.iwate-ed.jp/kuz-h/
ЁЯЪл чЙ╣х╛ЕхИ╢х║жуБкуБЧ: шСЫх╖╗щлШчнЙхнжцаб
ЁЯФН ф╣ЕцЕИщлШчнЙхнжцаб - http://www2.iwate-ed.jp/kuj-h/index.html
ЁЯЪл чЙ╣х╛ЕхИ╢х║жуБкуБЧ: ф╣ЕцЕИщлШчнЙхнжцаб
ЁЯФН хоохПдщлШчнЙхнжцабя╝ИхЕицЧехИ╢я╝Й - http://www2.iwate-ed.jp/myh-h/
ЁЯЪл чЙ╣х╛ЕхИ╢х║жуБкуБЧ: хоохПдщлШчнЙхнжцабя╝ИхЕицЧехИ╢я╝Й
ЁЯФН щЫлчЯ│щлШчнЙхнжцаб - https://www2.iwate-ed.jp/shz-h/
ЁЯЪл чЙ╣х╛ЕхИ╢х║жуБкуБЧ: щЫлчЯ│щлШчнЙхнжцаб
ЁЯФН чЫЫх▓бш╛▓ценщлШчнЙхнжцаб - https://www2.iwate-ed.jp/moa-h/
ЁЯЪл чЙ╣х╛ЕхИ╢х║жуБкуБЧ: чЫЫх▓бш╛▓ценщлШчнЙхнжцаб
ЁЯФН чЫЫх▓бчммхЫЫщлШчнЙхнжцаб - https://www2.iwate-ed.jp/mo4-h/
ЁЯЪл чЙ╣х╛ЕхИ╢х║жуБкуБЧ: чЫЫх▓бчммхЫЫщлШчнЙхнжцаб
ЁЯФН чЫЫх▓бх╖еценщлШчнЙхнжцаб - http://www2.iwate-ed.jp/mot-h/
ЁЯЪл чЙ╣х╛ЕхИ╢х║жуБкуБЧ: чЫЫх▓бх╖еценщлШчнЙхнжцаб
ЁЯФН чЫЫх▓бхХЖценщлШчнЙхнжцаб - http://www2.iwate-ed.jp/moc-h/
ЁЯЪл чЙ╣х╛ЕхИ╢х║жуБкуБЧ: чЫЫх▓бхХЖценщлШчнЙхнжцаб
ЁЯФН щБащЗОщлШчнЙхнжцаб - http://www2.iwate-ed.jp/ton-h/index.html,noteton-hs.tote.jp
тЭМ уГбуВдуГ│уГЪуГ╝уВ╕хПЦх╛Чхд▒цХЧ: 300
ЁЯФН х▓йц│ЙщлШчнЙхнжцаб - http://www2.iwate-ed.jp/iwi-h/
ЁЯЪл чЙ╣х╛ЕхИ╢х║жуБкуБЧ: х▓йц│ЙщлШчнЙхнжцаб
ЁЯФН чЫЫх▓бчммф╕ЙщлШчнЙхнжцаб - http://www2.iwate-ed.jp/mo3-h/
ЁЯЪл чЙ╣х╛ЕхИ╢х║жуБкуБЧ: чЫЫх▓бчммф╕ЙщлШчнЙхнжцаб
ЁЯФН чЫЫх▓бчммф╕АщлШчнЙхнжцаб - https://www2.iwate-ed.jp/mo1-h/
ЁЯЪл чЙ╣х╛ЕхИ╢х║жуБкуБЧ: чЫЫх▓бчммф╕АщлШчнЙхнжцаб
ЁЯФН х╣│шИШщлШчнЙхнжцаб - http://www2.iwate-ed.jp/tar-h/
ЁЯЪл чЙ╣х╛ЕхИ╢х║жуБкуБЧ: х╣│шИШщлШчнЙхнжцаб
ЁЯФН чЫЫх▓бхМЧщлШчнЙхнжцаб - https://www2.iwate-ed.jp/mon-h/
ЁЯЪл чЙ╣х╛ЕхИ╢х║жуБкуБЧ: чЫЫх▓бхМЧщлШчнЙхнжцаб
ЁЯФН шК▒х╖╗хМЧщлШчнЙхнжцаб - http://www2.iwate-ed.jp/hkn-h/
ЁЯЪл чЙ╣х╛ЕхИ╢х║жуБкуБЧ: шК▒х╖╗хМЧщлШчнЙхнжцаб
ЁЯФН ц▓╝хоохЖЕщлШчнЙхнжцаб - https://www2.iwate-ed.jp/nkn-h/index.html
ЁЯЪл чЙ╣х╛ЕхИ╢х║жуБкуБЧ: ц▓╝хоохЖЕщлШчнЙхнжцаб
ЁЯФН ч┤лц│вч╖ПхРИщлШчнЙхнжцаб - http://www2.iwate-ed.jp/shw-h/
ЁЯЪл чЙ╣х╛ЕхИ╢х║жуБкуБЧ: ч┤лц│вч╖ПхРИщлШчнЙхнжцаб
ЁЯФН чЫЫх▓бчммф║МщлШчнЙхнжцаб - https://www2.iwate-ed.jp/mo2-h/
ЁЯЪл чЙ╣х╛ЕхИ╢х║жуБкуБЧ: чЫЫх▓бчммф║МщлШчнЙхнжцаб
ЁЯФН щБащЗОч╖Сх│░щлШчнЙхнжцаб - http://www2.iwate-ed.jp/ryo-h/
ЁЯЪл чЙ╣х╛ЕхИ╢х║жуБкуБЧ: щБащЗОч╖Сх│░щлШчнЙхнжцаб
ЁЯФН щЗСуВ▒х┤ОщлШчнЙхнжцаб - https://www2.iwate-ed.jp/kng-h/
ЁЯЪл чЙ╣х╛ЕхИ╢х║жуБкуБЧ: щЗСуВ▒х┤ОщлШчнЙхнжцаб
ЁЯФН хдзшИ╣ц╕бщлШчнЙхнжцаб - http://www2.iwate-ed.jp/ofu-h/
ЁЯЪл чЙ╣х╛ЕхИ╢х║жуБкуБЧ: хдзшИ╣ц╕бщлШчнЙхнжцаб
ЁЯФН щЗЬчЯ│хХЖх╖ещлШчнЙхнжцаб - https://www2.iwate-ed.jp/kat-h/
ЁЯЪл чЙ╣х╛ЕхИ╢х║жуБкуБЧ: щЗЬчЯ│хХЖх╖ещлШчнЙхнжцаб
ЁЯФН шК▒х╖╗ш╛▓ценщлШчнЙхнжцаб - http://www2.iwate-ed.jp/hka-h/
ЁЯЪл чЙ╣х╛ЕхИ╢х║жуБкуБЧ: шК▒х╖╗ш╛▓ценщлШчнЙхнжцаб
ЁЯФН хНГхОйщлШчнЙхнжцаб - http://www2.iwate-ed.jp/sen-h/
ЁЯЪл чЙ╣х╛ЕхИ╢х║жуБкуБЧ: хНГхОйщлШчнЙхнжцаб
ЁЯФН шК▒хМЧщЭТщЫ▓щлШчнЙхнжцаб - http://www2.iwate-ed.jp/hkb-h/
ЁЯЪл чЙ╣х╛ЕхИ╢х║жуБкуБЧ: шК▒хМЧщЭТщЫ▓щлШчнЙхнжцаб
ЁЯФН щЗЬчЯ│щлШчнЙхнжцаб - http://www2.iwate-ed.jp/kas-h/
ЁЯЪл чЙ╣х╛ЕхИ╢х║жуБкуБЧ: щЗЬчЯ│щлШчнЙхнжцаб
ЁЯФН ф╕АщЦвчммф╕АщлШчнЙхнжцаб - http://www2.iwate-ed.jp/ic1-h/
ЁЯЪл чЙ╣х╛ЕхИ╢х║жуБкуБЧ: ф╕АщЦвчммф╕АщлШчнЙхнжцаб
ЁЯФН ц░┤ц▓вш╛▓ценщлШчнЙхнжцаб - https://www2.iwate-ed.jp/msa-h/
ЁЯЪл чЙ╣х╛ЕхИ╢х║жуБкуБЧ: ц░┤ц▓вш╛▓ценщлШчнЙхнжцаб
ЁЯФН х▒▒чФ░щлШчнЙхнжцаб - https://www2.iwate-ed.jp/ymd-h/
ЁЯЪл чЙ╣х╛ЕхИ╢х║жуБкуБЧ: х▒▒чФ░щлШчнЙхнжцаб
ЁЯФН ше┐хТМш│АщлШчнЙхнжцаб - https://www2.iwate-ed.jp/nwg-h/
ЁЯЪл чЙ╣х╛ЕхИ╢х║жуБкуБЧ: ше┐хТМш│АщлШчнЙхнжцаб
ЁЯФН ц░┤ц▓вх╖еценщлШчнЙхнжцаб - http://www2.iwate-ed.jp/mst-h/
тЪая╕П уВ╡уГЦуГЪуГ╝уВ╕уВиуГйуГ╝: HTTPSConnectionPool(host='www2.iwate-ed.jp', port=443): Read timed out.
ЁЯЪл чЙ╣х╛ЕхИ╢х║жуБкуБЧ: ц░┤ц▓вх╖еценщлШчнЙхнжцаб
ЁЯФН ц░┤ц▓вхХЖценщлШчнЙхнжцаб - http://www2.iwate-ed.jp/msc-h/
ЁЯЪл чЙ╣х╛ЕхИ╢х║жуБкуБЧ: ц░┤ц▓вхХЖценщлШчнЙхнжцаб
ЁЯФН хдзш┐лщлШчнЙхнжцаб - https://www2.iwate-ed.jp/ooh-h/
тЪая╕П уВ╡уГЦуГЪуГ╝уВ╕уВиуГйуГ╝: ('Connection aborted.', RemoteDisconnected('Remote end closed connection without response'))
ЁЯЪл чЙ╣х╛ЕхИ╢х║жуБкуБЧ: хдзш┐лщлШчнЙхнжцаб
ЁЯФН шК▒х╖╗хНЧщлШчнЙхнжцаб - https://www2.iwate-ed.jp/hks-h/
ЁЯЪл чЙ╣х╛ЕхИ╢х║жуБкуБЧ: шК▒х╖╗хНЧщлШчнЙхнжцаб
ЁЯФН хдзшИ╣ц╕бцЭ▒щлШчнЙхнжцаб - http://www2.iwate-ed.jp/oft-h/
ЁЯЪл чЙ╣х╛ЕхИ╢х║жуБкуБЧ: хдзшИ╣ц╕бцЭ▒щлШчнЙхнжцаб
ЁЯФН ф╜ПчФ░щлШчнЙхнжцаб - https://www2.iwate-ed.jp/smi-h/
ЁЯЪл чЙ╣х╛ЕхИ╢х║жуБкуБЧ: ф╜ПчФ░щлШчнЙхнжцаб
ЁЯФН щ╗Тц▓вх░╗х╖еценщлШчнЙхнжцаб - https://www2.iwate-ed.jp/kst-h/
ЁЯЪл чЙ╣х╛ЕхИ╢х║жуБкуБЧ: щ╗Тц▓вх░╗х╖еценщлШчнЙхнжцаб
ЁЯФН хдзцЭ▒щлШчнЙхнжцаб - https://www2.iwate-ed.jp/dai-h/
ЁЯЪл чЙ╣х╛ЕхИ╢х║жуБкуБЧ: хдзцЭ▒щлШчнЙхнжцаб
ЁЯФН щ╗Тц▓вх░╗хМЧщлШчнЙхнжцаб - http://www2.iwate-ed.jp/ksn-h/
ЁЯЪл чЙ╣х╛ЕхИ╢х║жуБкуБЧ: щ╗Тц▓вх░╗хМЧщлШчнЙхнжцаб
ЁЯФН шК▒ц│ЙщлШчнЙхнжцаб - http://www2.iwate-ed.jp/han-h/
ЁЯЪл чЙ╣х╛ЕхИ╢х║жуБкуБЧ: шК▒ц│ЙщлШчнЙхнжцаб
ЁЯФН х▓йш░╖хаВщлШчнЙхнжцаб - http://www2.iwate-ed.jp/iyd-h/
ЁЯЪл чЙ╣х╛ЕхИ╢х║жуБкуБЧ: х▓йш░╖хаВщлШчнЙхнжцаб
ЁЯФН ц░┤ц▓вщлШчнЙхнжцаб - http://www2.iwate-ed.jp/msw-h/
ЁЯЪл чЙ╣х╛ЕхИ╢х║жуБкуБЧ: ц░┤ц▓вщлШчнЙхнжцаб
ЁЯФН ф╕АщЦвх╖еценщлШчнЙхнжцаб - https://www2.iwate-ed.jp/ict-h/
ЁЯЪл чЙ╣х╛ЕхИ╢х║жуБкуБЧ: ф╕АщЦвх╖еценщлШчнЙхнжцаб
ЁЯФН хЙНц▓вщлШчнЙхнжцаб - http://www2.iwate-ed.jp/mae-h/
ЁЯЪл чЙ╣х╛ЕхИ╢х║жуБкуБЧ: хЙНц▓вщлШчнЙхнжцаб
ЁЯФН хдзцзМщлШчнЙхнжцаб - https://www2.iwate-ed.jp/oht-h/
ЁЯЪл чЙ╣х╛ЕхИ╢х║жуБкуБЧ: хдзцзМщлШчнЙхнжцаб
ЁЯФН ф╕АщЦвчммф║МщлШчнЙхнжцаб - https://www2.iwate-ed.jp/ic2-h/
ЁЯЪл чЙ╣х╛ЕхИ╢х║жуБкуБЧ: ф╕АщЦвчммф║МщлШчнЙхнжцаб
ЁЯФН щлШчФ░щлШчнЙхнжцаб - https://www2.iwate-ed.jp/tak-h/
ЁЯЪл чЙ╣х╛ЕхИ╢х║жуБкуБЧ: щлШчФ░щлШчнЙхнжцаб
ЁЯФН хМЧф╕Кч┐ФхНЧщлШчнЙхнжцаб - https://www2.iwate-ed.jp/kss-h/
ЁЯЪл чЙ╣х╛ЕхИ╢х║жуБкуБЧ: хМЧф╕Кч┐ФхНЧщлШчнЙхнжцаб
ЁЯФН цЭЬщЩ╡щлШчнЙхнжцабя╝ИщАЪф┐бхИ╢я╝Й - http://www2.iwate-ed.jp/tor-h/index.html
ЁЯЪл чЙ╣х╛ЕхИ╢х║жуБкуБЧ: цЭЬщЩ╡щлШчнЙхнжцабя╝ИщАЪф┐бхИ╢я╝Й
ЁЯФН х▓йцЙЛхе│хнРщлШчнЙхнжцаб - http://www.iwatejoshi-h.ed.jp/
ЁЯЪл чЙ╣х╛ЕхИ╢х║жуБкуБЧ: х▓йцЙЛхе│хнРщлШчнЙхнжцаб
ЁЯФН хоохПдщлШчнЙхнжцабя╝ИхоЪцЩВхИ╢я╝Й - http://www2.iwate-ed.jp/myh-h/
ЁЯЪл чЙ╣х╛ЕхИ╢х║жуБкуБЧ: хоохПдщлШчнЙхнжцабя╝ИхоЪцЩВхИ╢я╝Й
ЁЯФН хоохПдц░┤чФгщлШчнЙхнжцаб - http://www2.iwate-ed.jp/myf-h/
ЁЯЪл чЙ╣х╛ЕхИ╢х║жуБкуБЧ: хоохПдц░┤чФгщлШчнЙхнжцаб
ЁЯФН хдзшИ╣ц╕бщлШчнЙхнжцабя╝ИхоЪцЩВхИ╢я╝Й - https://www2.iwate-ed.jp/ofu-h/00-teiji/index.html
ЁЯЪл чЙ╣х╛ЕхИ╢х║жуБкуБЧ: хдзшИ╣ц╕бщлШчнЙхнжцабя╝ИхоЪцЩВхИ╢я╝Й
ЁЯФН ф╣ЕцЕИцЭ▒щлШчнЙхнжцаб - https://www2.iwate-ed.jp/kue-h/
ЁЯЪл чЙ╣х╛ЕхИ╢х║жуБкуБЧ: ф╣ЕцЕИцЭ▒щлШчнЙхнжцаб
ЁЯФН цЭЬщЩ╡щлШчнЙхнжцабя╝ИхоЪцЩВхИ╢я╝Й - https://www2.iwate-ed.jp/tor-h/index.html
ЁЯЪл чЙ╣х╛ЕхИ╢х║жуБкуБЧ: цЭЬщЩ╡щлШчнЙхнжцабя╝ИхоЪцЩВхИ╢я╝Й
ЁЯФН чЫЫх▓бф╕нхдощлШчнЙхнжцаб - https://chuo-hs.ed.jp/hs/
ЁЯЪл чЙ╣х╛ЕхИ╢х║жуБкуБЧ: чЫЫх▓бф╕нхдощлШчнЙхнжцаб
ЁЯФН чЫЫх▓бх╕ВчлЛщлШчнЙхнжцаб - https://www2.iwate-ed.jp/mor-c/
ЁЯЪл чЙ╣х╛ЕхИ╢х║жуБкуБЧ: чЫЫх▓бх╕ВчлЛщлШчнЙхнжцаб
ЁЯФН х▓йцЙЛчЬМчлЛхоохПдщлШчнЙхнжцабя╝ИщАЪф┐бхИ╢я╝Й - http://www2.iwate-ed.jp/myh-h/index.html
ЁЯЪл чЙ╣х╛ЕхИ╢х║жуБкуБЧ: х▓йцЙЛчЬМчлЛхоохПдщлШчнЙхнжцабя╝ИщАЪф┐бхИ╢я╝Й
ЁЯФН хМЧцбЬщлШчнЙхнжцабуААх╖еценцабшИО - https://www2.iwate-ed.jp/hok-h/
ЁЯЪл чЙ╣х╛ЕхИ╢х║жуБкуБЧ: хМЧцбЬщлШчнЙхнжцабуААх╖еценцабшИО
ЁЯФН х▓йцЙЛчЬМчлЛхоохПдхМЧщлШчнЙхнжцаб - http://www2.iwate-ed.jp/myn-h/
ЁЯЪл чЙ╣х╛ЕхИ╢х║жуБкуБЧ: х▓йцЙЛчЬМчлЛхоохПдхМЧщлШчнЙхнжцаб
ЁЯФН ф╣ЕцЕИх╖еценщлШчнЙхнжцаб - https://www2.iwate-ed.jp/kut-h/index.html
ЁЯЪл чЙ╣х╛ЕхИ╢х║жуБкуБЧ: ф╣ЕцЕИх╖еценщлШчнЙхнжцаб
ЁЯФН чиох╕ВщлШчнЙхнжцаб - http://www2.iwate-ed.jp/tan-h/
ЁЯЪл чЙ╣х╛ЕхИ╢х║жуБкуБЧ: чиох╕ВщлШчнЙхнжцаб
ЁЯФН хоохПдхХЖх╖ещлШчнЙхнжцаб - http://www2.iwate-ed.jp/myc-h/
ЁЯЪл чЙ╣х╛ЕхИ╢х║жуБкуБЧ: хоохПдхХЖх╖ещлШчнЙхнжцаб
ЁЯФН ф╣ЕцЕИщлШчнЙхнжцабщХ╖хЖЕхИЖцабя╝ИхоЪцЩВхИ╢я╝Й - http://www2.iwate-ed.jp/kuo-h/
ЁЯЪл чЙ╣х╛ЕхИ╢х║жуБкуБЧ: ф╣ЕцЕИщлШчнЙхнжцабщХ╖хЖЕхИЖцабя╝ИхоЪцЩВхИ╢я╝Й
ЁЯФН чжПх▓бщлШчнЙхнжцабя╝ИхоЪцЩВхИ╢я╝Й - http://www2.iwate-ed.jp/fuk-h/teijisei/teiji_open.htm
тЭМ уГбуВдуГ│уГЪуГ╝уВ╕хПЦх╛Чхд▒цХЧ: 404
ЁЯФН чжПх▓бщлШчнЙхнжцаб - http://www2.iwate-ed.jp/fuk-h/
ЁЯЪл чЙ╣х╛ЕхИ╢х║жуБкуБЧ: чжПх▓бщлШчнЙхнжцаб
ЁЯФН ф╕АщЦвчммф╕АщлШчнЙхнжцабя╝ИхоЪцЩВхИ╢я╝Й - http://www2.iwate-ed.jp/ic1-h/
ЁЯЪл чЙ╣х╛ЕхИ╢х║жуБкуБЧ: ф╕АщЦвчммф╕АщлШчнЙхнжцабя╝ИхоЪцЩВхИ╢я╝Й
ЁЯФН хдзщЗОщлШчнЙхнжцаб - https://www2.iwate-ed.jp/ohn-h/
ЁЯЪл чЙ╣х╛ЕхИ╢х║жуБкуБЧ: хдзщЗОщлШчнЙхнжцаб
ЁЯФН чЫЫх▓бх╖еценщлШчнЙхнжцабя╝ИхоЪцЩВхИ╢я╝Й - http://www2.iwate-ed.jp/mot-h/
ЁЯЪл чЙ╣х╛ЕхИ╢х║жуБкуБЧ: чЫЫх▓бх╖еценщлШчнЙхнжцабя╝ИхоЪцЩВхИ╢я╝Й
ЁЯФН ц▒ЯхНЧч╛йхб╛чЫЫх▓бщлШчнЙхнжцаб - http://www.kounan-h.jp/
ЁЯЪл чЙ╣х╛ЕхИ╢х║жуБкуБЧ: ц▒ЯхНЧч╛йхб╛чЫЫх▓бщлШчнЙхнжцаб
ЁЯФН хМЧцбЬщлШчнЙхнжцабуААч╖ПхРИцабшИО - https://www2.iwate-ed.jp/hok-h/
ЁЯЪл чЙ╣х╛ЕхИ╢х║жуБкуБЧ: хМЧцбЬщлШчнЙхнжцабуААч╖ПхРИцабшИО
ЁЯФН ф╕НцЭецЦ╣щлШчнЙхнжцаб - https://www2.iwate-ed.jp/koz-h/
ЁЯЪл чЙ╣х╛ЕхИ╢х║жуБкуБЧ: ф╕НцЭецЦ╣щлШчнЙхнжцаб
ЁЯФН чЫЫх▓бф╕нхдощлШчнЙхнжцабя╝ИщАЪф┐бхИ╢я╝Й - https://chuo-hs.jp/
тЪая╕П чЫЫх▓бф╕нхдощлШчнЙхнжцабя╝ИщАЪф┐бхИ╢я╝Й ф╛ЛхдЦ: HTTPSConnectionPool(host='chuo-hs.jp', port=443): Max retries exceeded with url: / (Caused by SSLError(SSLCertVerificationError(1, '[SSL: CERTIFICATE_VERIFY_FAILED] certificate verify failed: certificate has expired (_ssl.c:997)')))
ЁЯФН х░Вф┐охдзхнжхМЧф╕КщлШчнЙхнжцаб - https://www.senshu-u-kitakami.ed.jp/
ЁЯЪл чЙ╣х╛ЕхИ╢х║жуБкуБЧ: х░Вф┐охдзхнжхМЧф╕КщлШчнЙхнжцаб
ЁЯФН ф╝Кф┐ЭхЖЕщлШчнЙхнжцаб - https://www2.iwate-ed.jp/ibn-h/
ЁЯЪл чЙ╣х╛ЕхИ╢х║жуБкуБЧ: ф╝Кф┐ЭхЖЕщлШчнЙхнжцаб
ЁЯОЙ хоМф║Ж: scholarship_result/х▓йцЙЛчЬМ_special_scholarship_flag.csv
