
ЁЯПБ хЗжчРЖщЦЛхзЛ: х╛│х│╢чЬМ
ЁЯФН х╛│х│╢цЦЗчРЖщлШчнЙхнжцаб - http://www.bunri.ed.jp/
ЁЯЪл чЙ╣х╛ЕхИ╢х║жуБкуБЧ: х╛│х│╢цЦЗчРЖщлШчнЙхнжцаб
ЁЯФН чФЯхЕЙхнжхЬТщлШчнЙхнжцаб - https://www.seikogakuen.ac.jp
ЁЯЪл чЙ╣х╛ЕхИ╢х║жуБкуБЧ: чФЯхЕЙхнжхЬТщлШчнЙхнжцаб
ЁЯФН х░ПцЭ╛х│╢щлШчнЙхнжцаб - https://komatsushima-hs.tokushima-ec.ed.jp/
ЁЯЪл чЙ╣х╛ЕхИ╢х║жуБкуБЧ: х░ПцЭ╛х│╢щлШчнЙхнжцаб
ЁЯФН х╛│х│╢чЬМчлЛшДЗчФ║щлШчнЙхнжцаб - https://wakimachi-hs.tokushima-ec.ed.jp/
ЁЯЪл чЙ╣х╛ЕхИ╢х║жуБкуБЧ: х╛│х│╢чЬМчлЛшДЗчФ║щлШчнЙхнжцаб
ЁЯФН ц▒ачФ░щлШчнЙхнжцабуААф╕Йхе╜цаб - https://ikeda-miyoshi.tokushima-ec.ed.jp/
ЁЯЪл чЙ╣х╛ЕхИ╢х║жуБкуБЧ: ц▒ачФ░щлШчнЙхнжцабуААф╕Йхе╜цаб
ЁЯФН щВгш│АщлШчнЙхнжцаб - http://naka-hs.tokushima-ec.ed.jp/
ЁЯЪл чЙ╣х╛ЕхИ╢х║жуБкуБЧ: щВгш│АщлШчнЙхнжцаб
ЁЯФН щШ┐ц│вщлШчнЙхнжцаб - http://awa-hs.tokushima-ec.ed.jp/
ЁЯЪл чЙ╣х╛ЕхИ╢х║жуБкуБЧ: щШ┐ц│вщлШчнЙхнжцаб
ЁЯФН хпМх▓бцЭ▒ф╕нхнжуГ╗щлШчнЙхнжцаб - https://tomiokahigashi-hs.tokushima-ec.ed.jp/
ЁЯЪл чЙ╣х╛ЕхИ╢х║жуБкуБЧ: хпМх▓бцЭ▒ф╕нхнжуГ╗щлШчнЙхнжцаб
ЁЯФН ц▒ачФ░щлШчнЙхнжцаб - https://ikeda-hs.tokushima-ec.ed.jp/
ЁЯЪл чЙ╣х╛ЕхИ╢х║жуБкуБЧ: ц▒ачФ░щлШчнЙхнжцаб
ЁЯФН щ│┤щЦАщлШчнЙхнжцаб - https://naruto-hs.tokushima-ec.ed.jp/
ЁЯЪл чЙ╣х╛ЕхИ╢х║жуБкуБЧ: щ│┤щЦАщлШчнЙхнжцаб
ЁЯФН хЯОхНЧщлШчнЙхнжцаб - http://jonan-hs.tokushima-ec.ed.jp/
ЁЯЪл чЙ╣х╛ЕхИ╢х║жуБкуБЧ: хЯОхНЧщлШчнЙхнжцаб
ЁЯФН ц╡╖щГищлШчнЙхнжцаб - http://kaifu-hs.tokushima-ec.ed.jp/
ЁЯЪл чЙ╣х╛ЕхИ╢х║жуБкуБЧ: ц╡╖щГищлШчнЙхнжцаб
ЁЯФН хЯОхМЧщлШчнЙхнжцаб - http://johoku-hs.tokushima-ec.ed.jp/
ЁЯЪл чЙ╣х╛ЕхИ╢х║жуБкуБЧ: хЯОхМЧщлШчнЙхнжцаб
ЁЯФН х╛│х│╢хХЖценщлШчнЙхнжцаб - http://tokusho.tokushima-ec.ed.jp/
ЁЯЪл чЙ╣х╛ЕхИ╢х║жуБкуБЧ: х╛│х│╢хХЖценщлШчнЙхнжцаб
ЁЯФН хЯОше┐щлШчнЙхнжцабуГ╗чеЮх▒▒цаб - https://joseikamiyama-hs.tokushima-ec.ed.jp/
ЁЯЪл чЙ╣х╛ЕхИ╢х║жуБкуБЧ: хЯОше┐щлШчнЙхнжцабуГ╗чеЮх▒▒цаб
ЁЯФН хЯОше┐щлШчнЙхнжцаб - http://josei-hs.tokushima-ec.ed.jp/
ЁЯЪл чЙ╣х╛ЕхИ╢х║жуБкуБЧ: хЯОше┐щлШчнЙхнжцаб
ЁЯФН уБдуВЛуБОщлШчнЙхнжцаб - https://tsurugi-hs.tokushima-ec.ed.jp/
ЁЯЪл чЙ╣х╛ЕхИ╢х║жуБкуБЧ: уБдуВЛуБОщлШчнЙхнжцаб
ЁЯФН ц▒ачФ░щлШчнЙхнжцабуААш╛╗цаб - http://ikeda-tsuji.tokushima-ec.ed.jp/
ЁЯЪл чЙ╣х╛ЕхИ╢х║жуБкуБЧ: ц▒ачФ░щлШчнЙхнжцабуААш╛╗цаб
ЁЯФН щШ┐хНЧхЕЙщлШчнЙхнжцаб - https://ananhikari-hs.tokushima-ec.ed.jp/
ЁЯЪл чЙ╣х╛ЕхИ╢х║жуБкуБЧ: щШ┐хНЧхЕЙщлШчнЙхнжцаб
ЁЯФН щШ┐ц│вше┐щлШчнЙхнжцаб - http://awanishi-hs.tokushima-ec.ed.jp/
ЁЯЪл чЙ╣х╛ЕхИ╢х║жуБкуБЧ: щШ┐ц│вше┐щлШчнЙхнжцаб
ЁЯФН хпМх▓бцЭ▒щлШчнЙхнжцабуГ╗ч╛╜уГОц╡жцаб - https://tomihigashihanoura-hs.tokushima-ec.ed.jp
ЁЯЪл чЙ╣х╛ЕхИ╢х║жуБкуБЧ: хпМх▓бцЭ▒щлШчнЙхнжцабуГ╗ч╛╜уГОц╡жцаб
ЁЯФН х╖Эх│╢щлШчнЙхнжцаб - http://kawashima-hs.tokushima-ec.ed.jp/
ЁЯЪл чЙ╣х╛ЕхИ╢х║жуБкуБЧ: х╖Эх│╢щлШчнЙхнжцаб
ЁЯФН х░ПцЭ╛х│╢ше┐щлШчнЙхнжцаб - http://komatsushimanishi-hs.tokushima-ec.ed.jp/
ЁЯЪл чЙ╣х╛ЕхИ╢х║жуБкуБЧ: х░ПцЭ╛х│╢ше┐щлШчнЙхнжцаб
ЁЯФН хЯОцЭ▒щлШчнЙхнжцаб - https://joto-hs.tokushima-ec.ed.jp/
ЁЯЪл чЙ╣х╛ЕхИ╢х║жуБкуБЧ: хЯОцЭ▒щлШчнЙхнжцаб
ЁЯФН х╛│х│╢чзСхнжцКАшбУщлШчнЙхнжцаб - https://tokushima-hst.tokushima-ec.ed.jp/
ЁЯЪл чЙ╣х╛ЕхИ╢х║жуБкуБЧ: х╛│х│╢чзСхнжцКАшбУщлШчнЙхнжцаб
ЁЯФН цЭ┐щЗОщлШчнЙхнжцаб - http://itano-hs.tokushima-ec.ed.jp/
ЁЯЪл чЙ╣х╛ЕхИ╢х║жуБкуБЧ: цЭ┐щЗОщлШчнЙхнжцаб
ЁЯФН чй┤хР╣щлШчнЙхнжцаб - http://anabuki-hs.tokushima-ec.ed.jp/
ЁЯЪл чЙ╣х╛ЕхИ╢х║жуБкуБЧ: чй┤хР╣щлШчнЙхнжцаб
ЁЯФН хпМх▓бше┐щлШчнЙхнжцаб - https://tomiokanishi-hs.tokushima-ec.ed.jp/
ЁЯЪл чЙ╣х╛ЕхИ╢х║жуБкуБЧ: хпМх▓бше┐щлШчнЙхнжцаб
ЁЯФН х░ПцЭ╛х│╢ше┐щлШчнЙхнжцабхЛЭц╡жцаб - http://komatsushimanishi_katsuura.tokushima-ec.ed.jp
тЪая╕П х░ПцЭ╛х│╢ше┐щлШчнЙхнжцабхЛЭц╡жцаб ф╛ЛхдЦ: HTTPSConnectionPool(host='komatsushimanishi_katsuura.tokushima-ec.ed.jp', port=443): Max retries exceeded with url: / (Caused by SSLError(SSLCertVerificationError(1, "[SSL: CERTIFICATE_VERIFY_FAILED] certificate verify failed: Hostname mismatch, certificate is not valid for 'komatsushimanishi_katsuura.tokushima-ec.ed.jp'. (_ssl.c:997)")))
ЁЯФН х╛│х│╢х╕ВчлЛщлШчнЙхнжцаб - https://www.tokushima-m-hs.ed.jp/
ЁЯЪл чЙ╣х╛ЕхИ╢х║жуБкуБЧ: х╛│х│╢х╕ВчлЛщлШчнЙхнжцаб
ЁЯФН ц▒ачФ░щлШчнЙхнжцабя╝ИхоЪцЩВхИ╢я╝Й - http://ikeda-phs.tokushima-ec.ed.jp/
ЁЯЪл чЙ╣х╛ЕхИ╢х║жуБкуБЧ: ц▒ачФ░щлШчнЙхнжцабя╝ИхоЪцЩВхИ╢я╝Й
ЁЯФН щ│┤щЦАщлШчнЙхнжцабя╝ИхоЪцЩВхИ╢я╝Й - http://naruto-phs.tokushima-ec.ed.jp/
ЁЯЪл чЙ╣х╛ЕхИ╢х║жуБкуБЧ: щ│┤щЦАщлШчнЙхнжцабя╝ИхоЪцЩВхИ╢я╝Й
ЁЯФН х╛│х│╢ф╕нхдощлШчнЙхнжцабя╝ИхоЪцЩВхИ╢я╝Й - http://www.tokushimachuo.tokushima-ec.ed.jp/
тЪая╕П х╛│х│╢ф╕нхдощлШчнЙхнжцабя╝ИхоЪцЩВхИ╢я╝Й ф╛ЛхдЦ: HTTPConnectionPool(host='www.tokushimachuo.tokushima-ec.ed.jp', port=80): Max retries exceeded with url: / (Caused by NameResolutionError("<urllib3.connection.HTTPConnection object at 0x115577220>: Failed to resolve 'www.tokushimachuo.tokushima-ec.ed.jp' ([Errno 8] nodename nor servname provided, or not known)"))
ЁЯФН х╛│х│╢ф╕нхдощлШчнЙхнжцабя╝ИщАЪф┐бхИ╢я╝Й - http://tokushimachuo.tokushima-ec.ed.jp/
ЁЯЪл чЙ╣х╛ЕхИ╢х║жуБкуБЧ: х╛│х│╢ф╕нхдощлШчнЙхнжцабя╝ИщАЪф┐бхИ╢я╝Й
ЁЯФН щ│┤щЦАц╕жц╜ощлШчнЙхнжцаб - http://narutouzushio-hs.tokushima-ec.ed.jp/
ЁЯЪл чЙ╣х╛ЕхИ╢х║жуБкуБЧ: щ│┤щЦАц╕жц╜ощлШчнЙхнжцаб
ЁЯФН хРЙщЗОх╖ЭщлШчнЙхнжцаб - http://yoshinogawa-hs.tokushima-ec.ed.jp/
ЁЯЪл чЙ╣х╛ЕхИ╢х║жуБкуБЧ: хРЙщЗОх╖ЭщлШчнЙхнжцаб
ЁЯФН хпМх▓бцЭ▒щлШчнЙхнжцабя╝ИхоЪцЩВхИ╢я╝Й - http://tomiokahigashiteiji-hs.tokushima-ec.ed.jp/
ЁЯЪл чЙ╣х╛ЕхИ╢х║жуБкуБЧ: хпМх▓бцЭ▒щлШчнЙхнжцабя╝ИхоЪцЩВхИ╢я╝Й
ЁЯФН х╛│х│╢хМЧщлШчнЙхнжцаб - https://tokushimakita-hs.tokushima-ec.ed.jp/
ЁЯЪл чЙ╣х╛ЕхИ╢х║жуБкуБЧ: х╛│х│╢хМЧщлШчнЙхнжцаб
ЁЯФН хРНше┐щлШчнЙхнжцабя╝ИхоЪцЩВхИ╢я╝Й - http://myozai-phs.tokushima-ec.ed.jp/
ЁЯЪл чЙ╣х╛ЕхИ╢х║жуБкуБЧ: хРНше┐щлШчнЙхнжцабя╝ИхоЪцЩВхИ╢я╝Й
ЁЯФН щжЩшШнщлШчнЙхнжцаб - https://kouran-kou.jp/
ЁЯЪл чЙ╣х╛ЕхИ╢х║жуБкуБЧ: щжЩшШнщлШчнЙхнжцаб
ЁЯОЙ хоМф║Ж: scholarship_result/х╛│х│╢чЬМ_special_scholarship_flag.csv
