
ЁЯПБ хЗжчРЖщЦЛхзЛ: ц▓Цч╕ДчЬМ
ЁЯФН ф╗ЩхП░шВ▓шЛ▒хнжхЬТщлШчнЙхнжцабуААя╝йя╝мя╝гц▓Цч╕Дя╝ИщАЪф┐бхИ╢я╝Й - http://sendaiikuei-tsushin.jp/t_o_top.html
тЪая╕П ф╗ЩхП░шВ▓шЛ▒хнжхЬТщлШчнЙхнжцабуААя╝йя╝мя╝гц▓Цч╕Дя╝ИщАЪф┐бхИ╢я╝Й ф╛ЛхдЦ: HTTPConnectionPool(host='sendaiikuei-tsushin.jp', port=80): Max retries exceeded with url: /t_o_top.html (Caused by NameResolutionError("<urllib3.connection.HTTPConnection object at 0x1133627d0>: Failed to resolve 'sendaiikuei-tsushin.jp' ([Errno 8] nodename nor servname provided, or not known)"))
ЁЯФН ц▓Цч╕ДуВлуГИуГкуГГуВпщлШчнЙхнжцаб - https://ocjs.catholic-okinawa.ed.jp/
ЁЯЪл чЙ╣х╛ЕхИ╢х║жуБкуБЧ: ц▓Цч╕ДуВлуГИуГкуГГуВпщлШчнЙхнжцаб
ЁЯФН ф╗ЩхП░шВ▓шЛ▒хнжхЬТц▓Цч╕ДщлШчнЙхнжцаб - https://www.sendaiikuei.ed.jp/okinawa/
ЁЯЪл чЙ╣х╛ЕхИ╢х║жуБкуБЧ: ф╗ЩхП░шВ▓шЛ▒хнжхЬТц▓Цч╕ДщлШчнЙхнжцаб
ЁЯФН хоЬщЗОх║зщлШчнЙхнжцаб - http://www.ginoza-h.open.ed.jp/
ЁЯЪл чЙ╣х╛ЕхИ╢х║жуБкуБЧ: хоЬщЗОх║зщлШчнЙхнжцаб
ЁЯФН ф╕нщГихХЖценщлШчнЙхнжцаб - http://www.chubu-ch.open.ed.jp/
ЁЯЪл чЙ╣х╛ЕхИ╢х║жуБкуБЧ: ф╕нщГихХЖценщлШчнЙхнжцаб
ЁЯФН чЯех┐╡щлШчнЙхнжцаб - http://www.chinen-h.open.ed.jp/
ЁЯЪл чЙ╣х╛ЕхИ╢х║жуБкуБЧ: чЯех┐╡щлШчнЙхнжцаб
ЁЯФН хЕлщЗНх▒▒щлШчнЙхнжцаб - http://www.yaeyama-h.open.ed.jp/
ЁЯЪл чЙ╣х╛ЕхИ╢х║жуБкуБЧ: хЕлщЗНх▒▒щлШчнЙхнжцаб
ЁЯФН щВгшжЗщлШчнЙхнжцаб - http://www.naha-h.open.ed.jp/
ЁЯЪл чЙ╣х╛ЕхИ╢х║жуБкуБЧ: щВгшжЗщлШчнЙхнжцаб
ЁЯФН цЬмщГищлШчнЙхнжцаб - http://www.motobu-h.open.ed.jp/
ЁЯЪл чЙ╣х╛ЕхИ╢х║жуБкуБЧ: цЬмщГищлШчнЙхнжцаб
ЁЯФН уВ│уВ╢щлШчнЙхнжцаб - http://www.koza-h.open.ed.jp/
тЭМ уГбуВдуГ│уГЪуГ╝уВ╕хПЦх╛Чхд▒цХЧ: 403
ЁЯФН ш▒КшжЛхЯОщлШчнЙхнжцаб - http://www.tomishiro-h.open.ed.jp/
ЁЯЪл чЙ╣х╛ЕхИ╢х║жуБкуБЧ: ш▒КшжЛхЯОщлШчнЙхнжцаб
ЁЯФН шкнш░╖щлШчнЙхнжцаб - http://www.yomitan-h.open.ed.jp/
тЪая╕П уВ╡уГЦуГЪуГ╝уВ╕уВиуГйуГ╝: The markup you provided was rejected by the parser. Trying a different parser or a different encoding may help.

Original exception(s) from parser:
 AssertionError: expected name token at "<![я┐╜Nя┐╜я┐╜я┐╜'я┐╜\x1dя┐╜я┐╜gя┐╜я┐╜я┐╜я┐╜3\x17"
тЪая╕П уВ╡уГЦуГЪуГ╝уВ╕уВиуГйуГ╝: The markup you provided was rejected by the parser. Trying a different parser or a different encoding may help.

Original exception(s) from parser:
 AssertionError: unknown status keyword 'D\x1e' in marked section
ЁЯЪл чЙ╣х╛ЕхИ╢х║жуБкуБЧ: шкнш░╖щлШчнЙхнжцаб
ЁЯФН хЙНхОЯщлШчнЙхнжцаб - http://www.maehara-h.open.ed.jp/
ЁЯЪл чЙ╣х╛ЕхИ╢х║жуБкуБЧ: хЙНхОЯщлШчнЙхнжцаб
ЁЯФН щжЦщЗМщлШчнЙхнжцаб - http://www.shuri-h.open.ed.jp/
ЁЯЪл чЙ╣х╛ЕхИ╢х║жуБкуБЧ: щжЦщЗМщлШчнЙхнжцаб
ЁЯФН ч│╕ц║АщлШчнЙхнжцаб - http://www.itoman-h.open.ed.jp/
ЁЯЪл чЙ╣х╛ЕхИ╢х║жуБкуБЧ: ч│╕ц║АщлШчнЙхнжцаб
ЁЯФН ц▓Цч╕Дх╖еценщлШчнЙхнжцаб - http://www.okinawa-th.open.ed.jp/
ЁЯЪл чЙ╣х╛ЕхИ╢х║жуБкуБЧ: ц▓Цч╕Дх╖еценщлШчнЙхнжцаб
ЁЯФН чЬЯхТМх┐ЧщлШчнЙхнжцаб - http://www.mawashi-h.open.ed.jp/
ЁЯЪл чЙ╣х╛ЕхИ╢х║жуБкуБЧ: чЬЯхТМх┐ЧщлШчнЙхнжцаб
ЁЯФН хоохПдщлШчнЙхнжцаб - http://www.miyako-h.open.ed.jp/
ЁЯЪл чЙ╣х╛ЕхИ╢х║жуБкуБЧ: хоохПдщлШчнЙхнжцаб
ЁЯФН х░ПчжДщлШчнЙхнжцаб - http://www.oroku-h.open.ed.jp/
ЁЯЪл чЙ╣х╛ЕхИ╢х║жуБкуБЧ: х░ПчжДщлШчнЙхнжцаб
ЁЯФН ф╣Еч▒│х│╢щлШчнЙхнжцаб - http://www.kumejima-h.open.ed.jp/
ЁЯЪл чЙ╣х╛ЕхИ╢х║жуБкуБЧ: ф╣Еч▒│х│╢щлШчнЙхнжцаб
ЁЯФН хРНшн╖щлШчнЙхнжцаб - https://www.nago-h.open.ed.jp/
тЪая╕П хРНшн╖щлШчнЙхнжцаб ф╛ЛхдЦ: HTTPSConnectionPool(host='www.nago-h.open.ed.jp', port=443): Max retries exceeded with url: / (Caused by SSLError(SSLCertVerificationError(1, "[SSL: CERTIFICATE_VERIFY_FAILED] certificate verify failed: Hostname mismatch, certificate is not valid for 'www.nago-h.open.ed.jp'. (_ssl.c:997)")))
ЁЯФН цЩохдйщЦУщлШчнЙхнжцаб - http://www.futenma-h.open.ed.jp/
ЁЯЪл чЙ╣х╛ЕхИ╢х║жуБкуБЧ: цЩохдйщЦУщлШчнЙхнжцаб
ЁЯФН ш╛║хЬЯхРНщлШчнЙхнжцаб - http://www.hentona-h.open.ed.jp/
ЁЯЪл чЙ╣х╛ЕхИ╢х║жуБкуБЧ: ш╛║хЬЯхРНщлШчнЙхнжцаб
ЁЯФН чЯ│х╖ЭщлШчнЙхнжцаб - http://www.ishikawa-h.open.ed.jp/
ЁЯЪл чЙ╣х╛ЕхИ╢х║жуБкуБЧ: чЯ│х╖ЭщлШчнЙхнжцаб
ЁЯФН хМЧх▒▒щлШчнЙхнжцаб - http://www.hokuzan-h.open.ed.jp/
ЁЯЪл чЙ╣х╛ЕхИ╢х║жуБкуБЧ: хМЧх▒▒щлШчнЙхнжцаб
ЁЯФН щВгшжЗхХЖценщлШчнЙхнжцаб - http://www.naha-ch.open.ed.jp/
ЁЯЪл чЙ╣х╛ЕхИ╢х║жуБкуБЧ: щВгшжЗхХЖценщлШчнЙхнжцаб
ЁЯФН ц╡жц╖╗щлШчнЙхнжцаб - http://www.urasoe-h.open.ed.jp/
ЁЯЪл чЙ╣х╛ЕхИ╢х║жуБкуБЧ: ц╡жц╖╗щлШчнЙхнжцаб
ЁЯФН щжЦщЗМцЭ▒щлШчнЙхнжцаб - http://www.shurihigashi-h.open.ed.jp/
ЁЯЪл чЙ╣х╛ЕхИ╢х║жуБкуБЧ: щжЦщЗМцЭ▒щлШчнЙхнжцаб
ЁЯФН хНЧщГихХЖценщлШчнЙхнжцаб - http://www.nanbu-ch.open.ed.jp/
ЁЯЪл чЙ╣х╛ЕхИ╢х║жуБкуБЧ: хНЧщГихХЖценщлШчнЙхнжцаб
ЁЯФН хоЬщЗОц╣╛щлШчнЙхнжцаб - https://www.ginowan-h.open.ed.jp/
тЪая╕П хоЬщЗОц╣╛щлШчнЙхнжцаб ф╛ЛхдЦ: HTTPSConnectionPool(host='www.ginowan-h.open.ed.jp', port=443): Max retries exceeded with url: / (Caused by SSLError(SSLCertVerificationError(1, "[SSL: CERTIFICATE_VERIFY_FAILED] certificate verify failed: Hostname mismatch, certificate is not valid for 'www.ginowan-h.open.ed.jp'. (_ssl.c:997)")))
ЁЯФН ц╡жц╖╗х╖еценщлШчнЙхнжцаб - http://www.urasoe-th.open.ed.jp/
ЁЯЪл чЙ╣х╛ЕхИ╢х║жуБкуБЧ: ц╡жц╖╗х╖еценщлШчнЙхнжцаб
ЁЯФН хРНшн╖хХЖх╖ещлШчнЙхнжцаб - http://www.nago-th.open.ed.jp/
ЁЯЪл чЙ╣х╛ЕхИ╢х║жуБкуБЧ: хРНшн╖хХЖх╖ещлШчнЙхнжцаб
ЁЯФН щЩ╜цШОщлШчнЙхнжцаб - http://www.yomei-h.open.ed.jp/
ЁЯЪл чЙ╣х╛ЕхИ╢х║жуБкуБЧ: щЩ╜цШОщлШчнЙхнжцаб
ЁЯФН щВгшжЗх╖еценщлШчнЙхнжцаб - http://www.naha-th.open.ed.jp/
ЁЯЪл чЙ╣х╛ЕхИ╢х║жуБкуБЧ: щВгшжЗх╖еценщлШчнЙхнжцаб
ЁЯФН хМЧф╕нхЯОщлШчнЙхнжцаб - http://www.kitanaka-h.open.ed.jp/
тЪая╕П уВ╡уГЦуГЪуГ╝уВ╕уВиуГйуГ╝: The markup you provided was rejected by the parser. Trying a different parser or a different encoding may help.

Original exception(s) from parser:
 AssertionError: unknown status keyword 'dc\x1d' in marked section
ЁЯЪл чЙ╣х╛ЕхИ╢х║жуБкуБЧ: хМЧф╕нхЯОщлШчнЙхнжцаб
ЁЯФН ше┐хОЯщлШчнЙхнжцаб - http://www.nishihara-h.open.ed.jp/
ЁЯЪл чЙ╣х╛ЕхИ╢х║жуБкуБЧ: ше┐хОЯщлШчнЙхнжцаб
ЁЯФН хМЧщГиш╛▓цЮЧщлШчнЙхнжцаб - http://www.hokubu-ah.open.ed.jp/
ЁЯЪл чЙ╣х╛ЕхИ╢х║жуБкуБЧ: хМЧщГиш╛▓цЮЧщлШчнЙхнжцаб
ЁЯФН щЦЛщВжщлШчнЙхнжцаб - http://www.kaiho-h.open.ed.jp/
ЁЯЪл чЙ╣х╛ЕхИ╢х║жуБкуБЧ: щЦЛщВжщлШчнЙхнжцаб
ЁЯФН хНЧщГиш╛▓цЮЧщлШчнЙхнжцаб - http://www.nanbu-ah.open.ed.jp/
ЁЯЪл чЙ╣х╛ЕхИ╢х║жуБкуБЧ: хНЧщГиш╛▓цЮЧщлШчнЙхнжцаб
ЁЯФН хоохПдч╖ПхРИхоЯценщлШчнЙхнжцаб - http://www.miyasou-h.open.ed.jp/
ЁЯЪл чЙ╣х╛ЕхИ╢х║жуБкуБЧ: хоохПдч╖ПхРИхоЯценщлШчнЙхнжцаб
ЁЯФН хЕлщЗНх▒▒ш╛▓цЮЧщлШчнЙхнжцаб - http://www.yaeyama-ah.open.ed.jp/
ЁЯЪл чЙ╣х╛ЕхИ╢х║жуБкуБЧ: хЕлщЗНх▒▒ш╛▓цЮЧщлШчнЙхнжцаб
ЁЯФН хНЧщГих╖еценщлШчнЙхнжцаб - http://www.nanbu-th.open.ed.jp/
ЁЯЪл чЙ╣х╛ЕхИ╢х║жуБкуБЧ: хНЧщГих╖еценщлШчнЙхнжцаб
ЁЯФН ч╛ОцЭех╖ечзСщлШчнЙхнжцаб - http://www.mirai-th.open.ed.jp
ЁЯЪл чЙ╣х╛ЕхИ╢х║жуБкуБЧ: ч╛ОцЭех╖ечзСщлШчнЙхнжцаб
ЁЯФН ш▒КшжЛхЯОхНЧщлШчнЙхнжцаб - http://www.tominan-h.open.ed.jp/
ЁЯЪл чЙ╣х╛ЕхИ╢х║жуБкуБЧ: ш▒КшжЛхЯОхНЧщлШчнЙхнжцаб
ЁЯФН хЕ╖х┐Чх╖ЭщлШчнЙхнжцаб - http://www.gushikawa-h.open.ed.jp/
ЁЯЪл чЙ╣х╛ЕхИ╢х║жуБкуБЧ: хЕ╖х┐Чх╖ЭщлШчнЙхнжцаб
ЁЯФН ц▓Цч╕Дц░┤чФгщлШчнЙхнжцаб - http://www.okisui-h.open.ed.jp/
ЁЯЪл чЙ╣х╛ЕхИ╢х║жуБкуБЧ: ц▓Цч╕Дц░┤чФгщлШчнЙхнжцаб
ЁЯФН ч╛ОщЗМщлШчнЙхнжцаб - http://www.misato-h.open.ed.jp/
ЁЯЪл чЙ╣х╛ЕхИ╢х║жуБкуБЧ: ч╛ОщЗМщлШчнЙхнжцаб
ЁЯФН ч╛ОщЗМх╖еценщлШчнЙхнжцаб - http://www.misato-th.open.ed.jp/
ЁЯЪл чЙ╣х╛ЕхИ╢х║жуБкуБЧ: ч╛ОщЗМх╖еценщлШчнЙхнжцаб
ЁЯФН хЕ╖х┐Чх╖ЭхХЖценщлШчнЙхнжцаб - http://www.gushikawa-ch.open.ed.jp/
ЁЯЪл чЙ╣х╛ЕхИ╢х║жуБкуБЧ: хЕ╖х┐Чх╖ЭхХЖценщлШчнЙхнжцаб
ЁЯФН ц╡жц╖╗хХЖценщлШчнЙхнжцаб - http://www.urasoe-ch.open.ed.jp/
тЪая╕П уВ╡уГЦуГЪуГ╝уВ╕уВиуГйуГ╝: The markup you provided was rejected by the parser. Trying a different parser or a different encoding may help.

Original exception(s) from parser:
 AssertionError: expected name token at '<![=%8я┐╜я┐╜\x16^>uя┐╜Pя┐╜|я┐╜╘▒я┐╜я┐╜'
ЁЯЪл чЙ╣х╛ЕхИ╢х║жуБкуБЧ: ц╡жц╖╗хХЖценщлШчнЙхнжцаб
ЁЯФН ф╕нщГиш╛▓цЮЧщлШчнЙхнжцаб - http://www.chubu-ah.open.ed.jp/
ЁЯЪл чЙ╣х╛ЕхИ╢х║жуБкуБЧ: ф╕нщГиш╛▓цЮЧщлШчнЙхнжцаб
ЁЯФН хНЧщвихОЯщлШчнЙхнжцаб - http://www.haebaru-h.open.ed.jp/
ЁЯЪл чЙ╣х╛ЕхИ╢х║жуБкуБЧ: хНЧщвихОЯщлШчнЙхнжцаб
ЁЯФН хЕлщЗНх▒▒хХЖх╖ещлШчнЙхнжцаб - http://www.yaeyama-th.open.ed.jp/
ЁЯЪл чЙ╣х╛ЕхИ╢х║жуБкуБЧ: хЕлщЗНх▒▒хХЖх╖ещлШчнЙхнжцаб
ЁЯФН хШЙцЙЛч┤НщлШчнЙхнжцаб - http://www.kadena-h.open.ed.jp/
ЁЯЪл чЙ╣х╛ЕхИ╢х║жуБкуБЧ: хШЙцЙЛч┤НщлШчнЙхнжцаб
ЁЯФН хМЧш░╖щлШчнЙхнжцаб - http://www.chatan-h.open.ed.jp
ЁЯЪл чЙ╣х╛ЕхИ╢х║жуБкуБЧ: хМЧш░╖щлШчнЙхнжцаб
ЁЯФН ф╕ОхЛЭщлШчнЙхнжцаб - http://www.yokatsu-h.open.ed.jp/
ЁЯЪл чЙ╣х╛ЕхИ╢х║жуБкуБЧ: ф╕ОхЛЭщлШчнЙхнжцаб
ЁЯФН хоохПдх╖еценщлШчнЙхнжцаб - http://www.miyako-th.open.ed.jp/
ЁЯЪл чЙ╣х╛ЕхИ╢х║жуБкуБЧ: хоохПдх╖еценщлШчнЙхнжцаб
ЁЯФН ц│КщлШчнЙхнжцабя╝ИхоЪцЩВхИ╢я╝Й - http://www.tomari-h.open.ed.jp/
ЁЯЪл чЙ╣х╛ЕхИ╢х║жуБкуБЧ: ц│КщлШчнЙхнжцабя╝ИхоЪцЩВхИ╢я╝Й
ЁЯФН чРГщЩ╜щлШчнЙхнжцаб - http://www.kyuyo-h.open.ed.jp/
ЁЯЪл чЙ╣х╛ЕхИ╢х║жуБкуБЧ: чРГщЩ╜щлШчнЙхнжцаб
ЁЯФН хРСщЩ╜щлШчнЙхнжцаб - http://www.koyo-h.open.ed.jp/
ЁЯЪл чЙ╣х╛ЕхИ╢х║жуБкуБЧ: хРСщЩ╜щлШчнЙхнжцаб
ЁЯФН хЕлц┤▓хнжхЬТхдзхнжхЫ╜щЪЫщлШчнЙхнжцабя╝ИщАЪф┐бхИ╢я╝Й - http://www.yashima.ac.jp/okinawa/
ЁЯЪл чЙ╣х╛ЕхИ╢х║жуБкуБЧ: хЕлц┤▓хнжхЬТхдзхнжхЫ╜щЪЫщлШчнЙхнжцабя╝ИщАЪф┐бхИ╢я╝Й
ЁЯФН щВгшжЗх╖еценщлШчнЙхнжцабя╝ИхоЪцЩВхИ╢я╝Й - http://teiji.naha-th.open.ed.jp/
ЁЯЪл чЙ╣х╛ЕхИ╢х║жуБкуБЧ: щВгшжЗх╖еценщлШчнЙхнжцабя╝ИхоЪцЩВхИ╢я╝Й
ЁЯФН уВ│уВ╢щлШчнЙхнжцабя╝ИхоЪцЩВхИ╢я╝Й - http://www.koza-h.open.ed.jp/teiji/
ЁЯЪл чЙ╣х╛ЕхИ╢х║жуБкуБЧ: уВ│уВ╢щлШчнЙхнжцабя╝ИхоЪцЩВхИ╢я╝Й
ЁЯФН ф╕нщГиш╛▓цЮЧщлШчнЙхнжцабя╝ИхоЪцЩВхИ╢я╝Й - http://www.chubu-ah.open.ed.jp/
ЁЯЪл чЙ╣х╛ЕхИ╢х║жуБкуБЧ: ф╕нщГиш╛▓цЮЧщлШчнЙхнжцабя╝ИхоЪцЩВхИ╢я╝Й
ЁЯФН хМЧщГиш╛▓цЮЧщлШчнЙхнжцабя╝ИхоЪцЩВхИ╢я╝Й - http://www.hokubu-ah.open.ed.jp/
ЁЯЪл чЙ╣х╛ЕхИ╢х║жуБкуБЧ: хМЧщГиш╛▓цЮЧщлШчнЙхнжцабя╝ИхоЪцЩВхИ╢я╝Й
ЁЯФН щВгшжЗхЫ╜щЪЫщлШчнЙхнжцаб - http://www.nahakokusai-h.open.ed.jp/
ЁЯЪл чЙ╣х╛ЕхИ╢х║жуБкуБЧ: щВгшжЗхЫ╜щЪЫщлШчнЙхнжцаб
ЁЯФН щВгшжЗше┐щлШчнЙхнжцаб - http://www.nahanishi-h.open.ed.jp/
ЁЯЪл чЙ╣х╛ЕхИ╢х║жуБкуБЧ: щВгшжЗше┐щлШчнЙхнжцаб
ЁЯФН цШнхТМшЦмчзСхдзхнжщЩДх▒ЮщлШчнЙхнжцаб - https://www.showayakka-jh.ed.jp/
ЁЯЪл чЙ╣х╛ЕхИ╢х║жуБкуБЧ: цШнхТМшЦмчзСхдзхнжщЩДх▒ЮщлШчнЙхнжцаб
ЁЯФН уВиуГКуВ╕уГГуВпуВ╣уГЭуГ╝уГДщлШчнЙхнжщЩв - https://www.oshiro.ed.jp/enagicsports-hs/
ЁЯЪл чЙ╣х╛ЕхИ╢х║жуБкуБЧ: уВиуГКуВ╕уГГуВпуВ╣уГЭуГ╝уГДщлШчнЙхнжщЩв
ЁЯФН ц▓Цч╕Дх░ЪхнжщлШчнЙхнжцаб - https://www.okisho.ed.jp/
ЁЯЪл чЙ╣х╛ЕхИ╢х║жуБкуБЧ: ц▓Цч╕Дх░ЪхнжщлШчнЙхнжцаб
ЁЯФН уГТуГеуГ╝уГЮуГ│уВнуГгуГ│уГСуВ╣щлШчнЙхнжцабя╝ИщАЪф┐бхИ╢я╝Й - http://www.hchs.ed.jp/
тЬЕ чЙ╣х╛ЕхИ╢х║жуБВуВК: уГТуГеуГ╝уГЮуГ│уВнуГгуГ│уГСуВ╣щлШчнЙхнжцабя╝ИщАЪф┐бхИ╢я╝Й
ЁЯФН ц│КщлШчнЙхнжцабя╝ИщАЪф┐бхИ╢я╝Й - http://www.tomari-h.open.ed.jp/
ЁЯЪл чЙ╣х╛ЕхИ╢х║жуБкуБЧ: ц│КщлШчнЙхнжцабя╝ИщАЪф┐бхИ╢я╝Й
ЁЯФН щВгшжЗхХЖценщлШчнЙхнжцабя╝ИхоЪцЩВхИ╢я╝Й - http://www.naha-ch.open.ed.jp/
ЁЯЪл чЙ╣х╛ЕхИ╢х║жуБкуБЧ: щВгшжЗхХЖценщлШчнЙхнжцабя╝ИхоЪцЩВхИ╢я╝Й
ЁЯФН уБдуБПуБ░щЦЛцИРхЫ╜щЪЫщлШчнЙхнжцабя╝ИщАЪф┐бхИ╢я╝Й - http://tkaisei-okinawa.jp/
ЁЯЪл чЙ╣х╛ЕхИ╢х║жуБкуБЧ: уБдуБПуБ░щЦЛцИРхЫ╜щЪЫщлШчнЙхнжцабя╝ИщАЪф┐бхИ╢я╝Й
ЁЯФН хЕлщЗНх▒▒хХЖх╖ещлШчнЙхнжцабя╝ИхоЪцЩВхИ╢я╝Й - http://www.yaeyama-th.open.ed.jp/
ЁЯЪл чЙ╣х╛ЕхИ╢х║жуБкуБЧ: хЕлщЗНх▒▒хХЖх╖ещлШчнЙхнжцабя╝ИхоЪцЩВхИ╢я╝Й
ЁЯФН цЬкцЭещлШчнЙхнжцабуААц▓Цч╕Дхнжч┐ТуВ╗уГ│уВ┐уГ╝я╝ИщАЪф┐бхИ╢я╝Й - http://hi.ida.ac.jp
ЁЯЪл чЙ╣х╛ЕхИ╢х║жуБкуБЧ: цЬкцЭещлШчнЙхнжцабуААц▓Цч╕Дхнжч┐ТуВ╗уГ│уВ┐уГ╝я╝ИщАЪф┐бхИ╢я╝Й
ЁЯФН шИИхНЧщлШчнЙхнжцаб - https://konan-h.ed.jp/
ЁЯЪл чЙ╣х╛ЕхИ╢х║жуБкуБЧ: шИИхНЧщлШчнЙхнжцаб
ЁЯОЙ хоМф║Ж: scholarship_result/ц▓Цч╕ДчЬМ_special_scholarship_flag.csv
