
ЁЯПБ хЗжчРЖщЦЛхзЛ: чзЛчФ░чЬМ
ЁЯФН чзЛчФ░ф┐ошЛ▒щлШчнЙхнжцаб - http://www.akitashuei.net
ЁЯЪл чЙ╣х╛ЕхИ╢х║жуБкуБЧ: чзЛчФ░ф┐ошЛ▒щлШчнЙхнжцаб
ЁЯФН чзЛчФ░ф╗дхТМщлШчнЙхнжцаб - https://www.akitareiwa-h.ed.jp/
ЁЯЪл чЙ╣х╛ЕхИ╢х║жуБкуБЧ: чзЛчФ░ф╗дхТМщлШчнЙхнжцаб
ЁЯФН хЫ╜хнжщдищлШчнЙхнжцаб - https://www.kokugakukan.ed.jp/
ЁЯЪл чЙ╣х╛ЕхИ╢х║жуБкуБЧ: хЫ╜хнжщдищлШчнЙхнжцаб
ЁЯФН шБЦщЬКхнжхЬТщлШчнЙхнжцаб - https://www.akita-seirei.ac.jp/highschool/
ЁЯЪл чЙ╣х╛ЕхИ╢х║жуБкуБЧ: шБЦщЬКхнжхЬТщлШчнЙхнжцаб
ЁЯФН чзЛчФ░ф┐ошЛ▒щлШчнЙхнжцабя╝ИщАЪф┐бхИ╢я╝Й - http://www.akitashuei.net/publics/index/50/
ЁЯЪл чЙ╣х╛ЕхИ╢х║жуБкуБЧ: чзЛчФ░ф┐ошЛ▒щлШчнЙхнжцабя╝ИщАЪф┐бхИ╢я╝Й
ЁЯФН чФ╖щ╣┐ц╡╖ц┤ЛщлШчнЙхнжцаб - http://www.kaiyou-h.akita-pref.ed.jp/
ЁЯЪл чЙ╣х╛ЕхИ╢х║жуБкуБЧ: чФ╖щ╣┐ц╡╖ц┤ЛщлШчнЙхнжцаб
ЁЯФН чзЛчФ░хМЧщ╖╣щлШчнЙхнжцаб - http://www.akitahokuyou-h.akita-pref.ed.jp/
ЁЯЪл чЙ╣х╛ЕхИ╢х║жуБкуБЧ: чзЛчФ░хМЧщ╖╣щлШчнЙхнжцаб
ЁЯФН хдзцЫ▓щлШчнЙхнжцаб - http://www.omagari-h.com/
ЁЯЪл чЙ╣х╛ЕхИ╢х║жуБкуБЧ: хдзцЫ▓щлШчнЙхнжцаб
ЁЯФН ц╣пц▓вщлШчнЙхнжцаб - https://yuzawa-hs.net/
ЁЯЪл чЙ╣х╛ЕхИ╢х║жуБкуБЧ: ц╣пц▓вщлШчнЙхнжцаб
ЁЯФН ше┐чЫощлШчнЙхнжцаб - http://www.nishime-h.akita-pref.ed.jp
ЁЯЪл чЙ╣х╛ЕхИ╢х║жуБкуБЧ: ше┐чЫощлШчнЙхнжцаб
ЁЯФН цЬмшНШщлШчнЙхнжцаб - http://www.honjo-h.akita-pref.ed.jp//zen/homepage/index.html
ЁЯЪл чЙ╣х╛ЕхИ╢х║жуБкуБЧ: цЬмшНШщлШчнЙхнжцаб
ЁЯФН шГ╜ф╗гчзСхнжцКАшбУщлШчнЙхнжцаб - http://www.nst-h.akita-pref.ed.jp/index.html
ЁЯЪл чЙ╣х╛ЕхИ╢х║жуБкуБЧ: шГ╜ф╗гчзСхнжцКАшбУщлШчнЙхнжцаб
ЁЯФН чзЛчФ░х╖еценщлШчнЙхнжцаб - http://www.akiko-h.akita-pref.ed.jp/
ЁЯЪл чЙ╣х╛ЕхИ╢х║жуБкуБЧ: чзЛчФ░х╖еценщлШчнЙхнжцаб
ЁЯФН хдзщдищ││щ│┤щлШчнЙхнжцаб - http://www.homei-h.akita-pref.ed.jp/?page_id=10
ЁЯЪл чЙ╣х╛ЕхИ╢х║жуБкуБЧ: хдзщдищ││щ│┤щлШчнЙхнжцаб
ЁЯФН хдзщдицбВцбЬщлШчнЙхнжцаб - https://keio.odate.school/
ЁЯЪл чЙ╣х╛ЕхИ╢х║жуБкуБЧ: хдзщдицбВцбЬщлШчнЙхнжцаб
ЁЯФН хдзцЫ▓ш╛▓ценщлШчнЙхнжцабуГ╗хдкчФ░хИЖцаб - http://www.daino-h-ohta.akita-pref.ed.jp/
ЁЯЪл чЙ╣х╛ЕхИ╢х║жуБкуБЧ: хдзцЫ▓ш╛▓ценщлШчнЙхнжцабуГ╗хдкчФ░хИЖцаб
ЁЯФН хдзцЫ▓ш╛▓ценщлШчнЙхнжцаб - https://daino-hs.net/
ЁЯЪл чЙ╣х╛ЕхИ╢х║жуБкуБЧ: хдзцЫ▓ш╛▓ценщлШчнЙхнжцаб
ЁЯФН хдзцЫ▓х╖еценщлШчнЙхнжцаб - http://www.daikou-h.akita-pref.ed.jp/
ЁЯЪл чЙ╣х╛ЕхИ╢х║жуБкуБЧ: хдзцЫ▓х╖еценщлШчнЙхнжцаб
ЁЯФН чзЛчФ░хНЧщлШчнЙхнжцаб - https://akitaminami-h.wixsite.com/akitaminami
ЁЯЪл чЙ╣х╛ЕхИ╢х║жуБкуБЧ: чзЛчФ░хНЧщлШчнЙхнжцаб
ЁЯФН чФ▒хИйх╖еценщлШчнЙхнжцаб - http://www.yuritech-h.akita-pref.ed.jp/
ЁЯЪл чЙ╣х╛ЕхИ╢х║жуБкуБЧ: чФ▒хИйх╖еценщлШчнЙхнжцаб
ЁЯФН чзЛчФ░щлШчнЙхнжцаб - https://www.akita-h.akita-c.ed.jp/
ЁЯЪл чЙ╣х╛ЕхИ╢х║жуБкуБЧ: чзЛчФ░щлШчнЙхнжцаб
ЁЯФН чФ▒хИйщлШчнЙхнжцаб - http://www.yuri-h.akita-pref.ed.jp/
ЁЯЪл чЙ╣х╛ЕхИ╢х║жуБкуБЧ: чФ▒хИйщлШчнЙхнжцаб
ЁЯФН шГ╜ф╗гщлШчнЙхнжцаб - http://www.noshiro-h.akita-pref.ed.jp/
ЁЯЪл чЙ╣х╛ЕхИ╢х║жуБкуБЧ: шГ╜ф╗гщлШчнЙхнжцаб
ЁЯФН щЗСш╢│ш╛▓ценщлШчнЙхнжцаб - http://www.kanano-h.akita-pref.ed.jp/
ЁЯЪл чЙ╣х╛ЕхИ╢х║жуБкуБЧ: щЗСш╢│ш╛▓ценщлШчнЙхнжцаб
ЁЯФН хдзщдихЫ╜щЪЫцГЕха▒хнжщЩвщлШчнЙхнжцаб - http://www.okj-h.akita-pref.ed.jp/
ЁЯЪл чЙ╣х╛ЕхИ╢х║жуБкуБЧ: хдзщдихЫ╜щЪЫцГЕха▒хнжщЩвщлШчнЙхнжцаб
ЁЯФН чЯвх│╢щлШчнЙхнжцаб - http://www.yashima-h.akita-pref.ed.jp/
ЁЯЪл чЙ╣х╛ЕхИ╢х║жуБкуБЧ: чЯвх│╢щлШчнЙхнжцаб
ЁЯФН чзЛчФ░хМЧщлШчнЙхнжцаб - http://akitakita-h.net/
ЁЯЪл чЙ╣х╛ЕхИ╢х║жуБкуБЧ: чзЛчФ░хМЧщлШчнЙхнжцаб
ЁЯФН ц╣пц▓вч┐ФхМЧщлШчнЙхнжцабщЫДхЛЭцаб - http://www.shouhoku-h-ogachi.akita-pref.ed.jp/
ЁЯЪл чЙ╣х╛ЕхИ╢х║жуБкуБЧ: ц╣пц▓вч┐ФхМЧщлШчнЙхнжцабщЫДхЛЭцаб
ЁЯФН хдзщдищлШчнЙхнжцабя╝ИхоЪцЩВхИ╢я╝Й - http://www.homei-h-tei.akita-pref.ed.jp/
ЁЯЪл чЙ╣х╛ЕхИ╢х║жуБкуБЧ: хдзщдищлШчнЙхнжцабя╝ИхоЪцЩВхИ╢я╝Й
ЁЯФН х╛бцЙАщЗОхнжщЩвщлШчнЙхнжцаб - https://fa.fureai-cloud.jp/jzdn
ЁЯЪл чЙ╣х╛ЕхИ╢х║жуБкуБЧ: х╛бцЙАщЗОхнжщЩвщлШчнЙхнжцаб
ЁЯФН шзТщдищлШчнЙхнжцаб - http://www.kakunodate-h.akita-pref.ed.jp/zenniti/
ЁЯЪл чЙ╣х╛ЕхИ╢х║жуБкуБЧ: шзТщдищлШчнЙхнжцаб
ЁЯФН шзТщдищлШчнЙхнжцабя╝ИхоЪцЩВхИ╢я╝Й - http://www.kakunodate-h.akita-pref.ed.jp/tei/
ЁЯЪл чЙ╣х╛ЕхИ╢х║жуБкуБЧ: шзТщдищлШчнЙхнжцабя╝ИхоЪцЩВхИ╢я╝Й
ЁЯФН цикцЙЛщлШчнЙхнжцаб - https://yokote-h.info
ЁЯЪл чЙ╣х╛ЕхИ╢х║жуБкуБЧ: цикцЙЛщлШчнЙхнжцаб
ЁЯФН цикцЙЛц╕ЕщЩ╡хнжщЩвщлШчнЙхнжцаб - http://www.yokote-seiryou.net/
ЁЯЪл чЙ╣х╛ЕхИ╢х║жуБкуБЧ: цикцЙЛц╕ЕщЩ╡хнжщЩвщлШчнЙхнжцаб
ЁЯФН чФ╖щ╣┐х╖еценщлШчнЙхнжцаб - http://www.ogakogyou-h.akita-pref.ed.jp/
ЁЯЪл чЙ╣х╛ЕхИ╢х║жуБкуБЧ: чФ╖щ╣┐х╖еценщлШчнЙхнжцаб
ЁЯФН ф╗Бш│Аф┐ЭщлШчнЙхнжцаб - http://www.nikaho-h.ed.jp/
ЁЯЪл чЙ╣х╛ЕхИ╢х║жуБкуБЧ: ф╗Бш│Аф┐ЭщлШчнЙхнжцаб
ЁЯФН ч╛╜х╛МщлШчнЙхнжцаб - http://www.ugo-h.akita-pref.ed.jp/
тЭМ уГбуВдуГ│уГЪуГ╝уВ╕хПЦх╛Чхд▒цХЧ: 403
ЁЯФН чзЛчФ░ф╕нхдощлШчнЙхнжцаб - https://akitachuo-h.jp/
ЁЯЪл чЙ╣х╛ЕхИ╢х║жуБкуБЧ: чзЛчФ░ф╕нхдощлШчнЙхнжцаб
ЁЯФН чзЛчФ░хХЖценщлШчнЙхнжцаб - https://akisho.ed.jp/
ЁЯЪл чЙ╣х╛ЕхИ╢х║жуБкуБЧ: чзЛчФ░хХЖценщлШчнЙхнжцаб
ЁЯФН цикцЙЛхЯОхНЧщлШчнЙхнжцаб - http://www.johnan-h.net/
тЪая╕П цикцЙЛхЯОхНЧщлШчнЙхнжцаб ф╛ЛхдЦ: HTTPConnectionPool(host='www.johnan-h.net', port=80): Max retries exceeded with url: / (Caused by NameResolutionError("<urllib3.connection.HTTPConnection object at 0x113838880>: Failed to resolve 'www.johnan-h.net' ([Errno 8] nodename nor servname provided, or not known)"))
ЁЯФН хЕнщГ╖щлШчнЙхнжцаб - http://rokugo-h.com/
ЁЯЪл чЙ╣х╛ЕхИ╢х║жуБкуБЧ: хЕнщГ╖щлШчнЙхнжцаб
ЁЯФН чзЛчФ░цШОх╛│щдищлШчнЙхнжцабя╝ИхоЪцЩВхИ╢я╝Й - http://www.meitoku-h.akita-pref.ed.jp/
ЁЯЪл чЙ╣х╛ЕхИ╢х║жуБкуБЧ: чзЛчФ░цШОх╛│щдищлШчнЙхнжцабя╝ИхоЪцЩВхИ╢я╝Й
ЁЯФН чзЛчФ░цШОх╛│щдищлШчнЙхнжцабя╝ИщАЪф┐бхИ╢я╝Й - http://www.meitoku-h.akita-pref.ed.jp/tsuu/tsuumenu.htm
ЁЯЪл чЙ╣х╛ЕхИ╢х║жуБкуБЧ: чзЛчФ░цШОх╛│щдищлШчнЙхнжцабя╝ИщАЪф┐бхИ╢я╝Й
ЁЯФН ц╣пц▓вч┐ФхМЧщлШчнЙхнжцаб - https://yuzawashouhoku.net/
ЁЯЪл чЙ╣х╛ЕхИ╢х║жуБкуБЧ: ц╣пц▓вч┐ФхМЧщлШчнЙхнжцаб
ЁЯФН цЬмшНШщлШчнЙхнжцабя╝ИхоЪцЩВхИ╢я╝Й - http://www.honjo-h.akita-pref.ed.jp/teiji/
ЁЯЪл чЙ╣х╛ЕхИ╢х║жуБкуБЧ: цЬмшНШщлШчнЙхнжцабя╝ИхоЪцЩВхИ╢я╝Й
ЁЯФН хвЧчФ░щлШчнЙхнжцаб - https://www.masuda-h.net/
ЁЯЪл чЙ╣х╛ЕхИ╢х║жуБкуБЧ: хвЧчФ░щлШчнЙхнжцаб
ЁЯФН уГОуГ╝уВ╣уВвуВ╕уВвхдзхнжцШОцбЬщлШчнЙхнжцаб - https://www.meioh.ed.jp/
ЁЯЪл чЙ╣х╛ЕхИ╢х║жуБкуБЧ: уГОуГ╝уВ╣уВвуВ╕уВвхдзхнжцШОцбЬщлШчнЙхнжцаб
ЁЯФН чзЛчФ░ше┐щлШчнЙхнжцаб - http://www.akitanishi-h.akita-pref.ed.jp/
ЁЯЪл чЙ╣х╛ЕхИ╢х║жуБкуБЧ: чзЛчФ░ше┐щлШчнЙхнжцаб
ЁЯФН ше┐ф╗ЩхМЧщлШчнЙхнжцаб - http://www.nishisenboku-h.akita-pref.ed.jp/
ЁЯЪл чЙ╣х╛ЕхИ╢х║жуБкуБЧ: ше┐ф╗ЩхМЧщлШчнЙхнжцаб
ЁЯФН х╣│цИРщлШчнЙхнжцаб - http://www.heisei-h.akita-pref.ed.jp/wp/
ЁЯЪл чЙ╣х╛ЕхИ╢х║жуБкуБЧ: х╣│цИРщлШчнЙхнжцаб
ЁЯФН шГ╜ф╗гцЭ╛щЩ╜щлШчнЙхнжцаб - http://www.noshiroshoyo-h.akita-pref.ed.jp
ЁЯЪл чЙ╣х╛ЕхИ╢х║жуБкуБЧ: шГ╜ф╗гцЭ╛щЩ╜щлШчнЙхнжцаб
ЁЯФН цЦ░х▒ЛщлШчнЙхнжцаб - http://www.araya-h.akita-pref.ed.jp/
ЁЯЪл чЙ╣х╛ЕхИ╢х║жуБкуБЧ: цЦ░х▒ЛщлШчнЙхнжцаб
ЁЯФН цикцЙЛщлШчнЙхнжцабхоЪцЩВхИ╢шк▓чиЛщЭТщЫ▓щди - http://www.yokote-h-tei.akita-pref.ed.jp/
ЁЯЪл чЙ╣х╛ЕхИ╢х║жуБкуБЧ: цикцЙЛщлШчнЙхнжцабхоЪцЩВхИ╢шк▓чиЛщЭТщЫ▓щди
ЁЯФН щЫДчЙйх╖ЭщлШчнЙхнжцаб - http://www.omonogawa-hs.com/htdocs/
ЁЯЪл чЙ╣х╛ЕхИ╢х║жуБкуБЧ: щЫДчЙйх╖ЭщлШчнЙхнжцаб
ЁЯОЙ хоМф║Ж: scholarship_result/чзЛчФ░чЬМ_special_scholarship_flag.csv
