
ЁЯПБ хЗжчРЖщЦЛхзЛ: ч╛дщжмчЬМ
ЁЯФН щлШх┤ОхБех║╖чжПчеЙхдзхнжщлШх┤ОщлШчнЙхнжцаб - https://www.tuhw-h.ed.jp/
ЁЯЪл чЙ╣х╛ЕхИ╢х║жуБкуБЧ: щлШх┤ОхБех║╖чжПчеЙхдзхнжщлШх┤ОщлШчнЙхнжцаб
ЁЯФН щЦвцЭ▒хнжхЬТхдзхнжщЩДх▒ЮщлШчнЙхнжцаб - https://www.kanto-gakuen.ac.jp/high/
ЁЯЪл чЙ╣х╛ЕхИ╢х║жуБкуБЧ: щЦвцЭ▒хнжхЬТхдзхнжщЩДх▒ЮщлШчнЙхнжцаб
ЁЯФН уБРуВУуБ╛хЫ╜щЪЫуВвуВлуГЗуГЯуГ╝щлШчнЙщГи - https://www.gka.ed.jp
ЁЯЪл чЙ╣х╛ЕхИ╢х║жуБкуБЧ: уБРуВУуБ╛хЫ╜щЪЫуВвуВлуГЗуГЯуГ╝щлШчнЙщГи
ЁЯФН чЩ╜ца╣щЦЛхЦДхнжцабщлШчнЙщГи - https://www.shirane.ac.jp
ЁЯЪл чЙ╣х╛ЕхИ╢х║жуБкуБЧ: чЩ╜ца╣щЦЛхЦДхнжцабщлШчнЙщГи
ЁЯФН цШОхТМчЬМхдощлШчнЙхнжцаб - https://www.meiwakenoh.ed.jp/
ЁЯЪл чЙ╣х╛ЕхИ╢х║жуБкуБЧ: цШОхТМчЬМхдощлШчнЙхнжцаб
ЁЯФН цЦ░х│╢хнжхЬТщлШчнЙхнжцаб - https://niijima-gakuen.jp/
ЁЯЪл чЙ╣х╛ЕхИ╢х║жуБкуБЧ: цЦ░х│╢хнжхЬТщлШчнЙхнжцаб
ЁЯФН х╕╕чгРщлШчнЙхнжцаб - http://www.tkw.ac.jp
тЬЕ чЙ╣х╛ЕхИ╢х║жуБВуВК: х╕╕чгРщлШчнЙхнжцаб
ЁЯФН х░╛чАмщлШчнЙхнжцаб - https://oze-hs.gsn.ed.jp/
ЁЯЪл чЙ╣х╛ЕхИ╢х║жуБкуБЧ: х░╛чАмщлШчнЙхнжцаб
ЁЯФН хЙНцйЛшВ▓шЛ▒щлШчнЙхнжцаб - http://www.maebashiikuei-h.ed.jp/
ЁЯЪл чЙ╣х╛ЕхИ╢х║жуБкуБЧ: хЙНцйЛшВ▓шЛ▒щлШчнЙхнжцаб
ЁЯФН ф╝КхЛвх┤Оц╕ЕцШОщлШчнЙхнжцаб - https://seimei-hs.gsn.ed.jp
ЁЯЪл чЙ╣х╛ЕхИ╢х║жуБкуБЧ: ф╝КхЛвх┤Оц╕ЕцШОщлШчнЙхнжцаб
ЁЯФН хЙНцйЛхНЧщлШчнЙхнжцаб - https://maenan-hs.gsn.ed.jp/
ЁЯЪл чЙ╣х╛ЕхИ╢х║жуБкуБЧ: хЙНцйЛхНЧщлШчнЙхнжцаб
ЁЯФН хЙНцйЛхе│хнРщлШчнЙхнжцаб - https://maejo-hs.gsn.ed.jp/
ЁЯЪл чЙ╣х╛ЕхИ╢х║жуБкуБЧ: хЙНцйЛхе│хнРщлШчнЙхнжцаб
ЁЯФН ф╝КхЛвх┤Ох╖еценщлШчнЙхнжцаб - https://iko-hs.gsn.ed.jp
ЁЯЪл чЙ╣х╛ЕхИ╢х║жуБкуБЧ: ф╝КхЛвх┤Ох╖еценщлШчнЙхнжцаб
ЁЯФН щлШх┤ОхХЖценщлШчнЙхнжцаб - http://www.takasyo-hs.gsn.ed.jp/
ЁЯЪл чЙ╣х╛ЕхИ╢х║жуБкуБЧ: щлШх┤ОхХЖценщлШчнЙхнжцаб
ЁЯФН щлШх┤Охе│хнРщлШчнЙхнжцаб - https://takajo-hs.gsn.ed.jp
ЁЯЪл чЙ╣х╛ЕхИ╢х║жуБкуБЧ: щлШх┤Охе│хнРщлШчнЙхнжцаб
ЁЯФН цбРчФЯщлШчнЙхнжцаб - https://kiryu-hs.gsn.ed.jp/
ЁЯЪл чЙ╣х╛ЕхИ╢х║жуБкуБЧ: цбРчФЯщлШчнЙхнжцаб
ЁЯФН цбРчФЯх╖еценщлШчнЙхнжцаб - https://kiriko-hs.gsn.ed.jp/
ЁЯЪл чЙ╣х╛ЕхИ╢х║жуБкуБЧ: цбРчФЯх╖еценщлШчнЙхнжцаб
ЁЯФН хЛвхдЪш╛▓цЮЧщлШчнЙхнжцаб - https://setano-hs.gsn.ed.jp/
ЁЯЪл чЙ╣х╛ЕхИ╢х║жуБкуБЧ: хЛвхдЪш╛▓цЮЧщлШчнЙхнжцаб
ЁЯФН хЙНцйЛщлШчнЙхнжцаб - https://maebashi-hs.gsn.ed.jp/
ЁЯЪл чЙ╣х╛ЕхИ╢х║жуБкуБЧ: хЙНцйЛщлШчнЙхнжцаб
ЁЯФН щлШх┤ОщлШчнЙхнжцаб - https://takasaki-hs.gsn.ed.jp/
ЁЯЪл чЙ╣х╛ЕхИ╢х║жуБкуБЧ: щлШх┤ОщлШчнЙхнжцаб
ЁЯФН хЙНцйЛх╖еценщлШчнЙхнжцаб - https://maeko-hs.gsn.ed.jp/
ЁЯЪл чЙ╣х╛ЕхИ╢х║жуБкуБЧ: хЙНцйЛх╖еценщлШчнЙхнжцаб
ЁЯФН ф╝КхЛвх┤ОшИИщЩ╜щлШчнЙхнжцаб - http://www.nc.koyo-hs.gsn.ed.jp/
ЁЯЪл чЙ╣х╛ЕхИ╢х║жуБкуБЧ: ф╝КхЛвх┤ОшИИщЩ╜щлШчнЙхнжцаб
ЁЯФН щлШх┤Ох╖еценщлШчнЙхнжцаб - https://takako-hs.gsn.ed.jp/
ЁЯЪл чЙ╣х╛ЕхИ╢х║жуБкуБЧ: щлШх┤Ох╖еценщлШчнЙхнжцаб
ЁЯФН ф╝КхЛвх┤ОщлШчнЙхнжцаб - https://isesaki-hs.gsn.ed.jp/
ЁЯЪл чЙ╣х╛ЕхИ╢х║жуБкуБЧ: ф╝КхЛвх┤ОщлШчнЙхнжцаб
ЁЯФН ф╝КхЛвх┤ОхХЖценщлШчнЙхнжцаб - https://isyo-hs.gsn.ed.jp/
ЁЯЪл чЙ╣х╛ЕхИ╢х║жуБкуБЧ: ф╝КхЛвх┤ОхХЖценщлШчнЙхнжцаб
ЁЯФН хЙНцйЛхХЖценщлШчнЙхнжцаб - https://maesho-hs.gsn.ed.jp
ЁЯЪл чЙ╣х╛ЕхИ╢х║жуБкуБЧ: хЙНцйЛхХЖценщлШчнЙхнжцаб
ЁЯФН ц╕Лх╖ЭщЭТч┐ащлШчнЙхнжцаб - https://seisui-hs.gsn.ed.jp/
ЁЯЪл чЙ╣х╛ЕхИ╢х║жуБкуБЧ: ц╕Лх╖ЭщЭТч┐ащлШчнЙхнжцаб
ЁЯФН цжЫхРНщлШчнЙхнжцаб - https://harukou-hs.gsn.ed.jp/
ЁЯЪл чЙ╣х╛ЕхИ╢х║жуБкуБЧ: цжЫхРНщлШчнЙхнжцаб
ЁЯФН цЦ░чФ░цЪБщлШчнЙхнжцаб - https://akatsuki-hs.gsn.ed.jp
ЁЯЪл чЙ╣х╛ЕхИ╢х║жуБкуБЧ: цЦ░чФ░цЪБщлШчнЙхнжцаб
ЁЯФН хдзц│ЙщлШчнЙхнжцаб - https://oizumi-hs.gsn.ed.jp/
ЁЯЪл чЙ╣х╛ЕхИ╢х║жуБкуБЧ: хдзц│ЙщлШчнЙхнжцаб
ЁЯФН хдкчФ░хе│хнРщлШчнЙхнжцаб - https://tajyo-hs.gsn.ed.jp/
ЁЯЪл чЙ╣х╛ЕхИ╢х║жуБкуБЧ: хдкчФ░хе│хнРщлШчнЙхнжцаб
ЁЯФН хммцБЛщлШчнЙхнжцаб - https://tsumagoi-hs.gsn.ed.jp/
ЁЯЪл чЙ╣х╛ЕхИ╢х║жуБкуБЧ: хммцБЛщлШчнЙхнжцаб
ЁЯФН хдкчФ░х╖еценщлШчнЙхнжцаб - https://tako-hs.gsn.ed.jp
ЁЯЪл чЙ╣х╛ЕхИ╢х║жуБкуБЧ: хдкчФ░х╖еценщлШчнЙхнжцаб
ЁЯФН ше┐щВСце╜щлШчнЙхнжцаб - https://nishioura-hs.gsn.ed.jp/
ЁЯЪл чЙ╣х╛ЕхИ╢х║жуБкуБЧ: ше┐щВСце╜щлШчнЙхнжцаб
ЁЯФН ф╕Зха┤щлШчнЙхнжцаб - http://www.center.gsn.ed.jp/gakko/kou/manba/
ЁЯЪл чЙ╣х╛ЕхИ╢х║жуБкуБЧ: ф╕Зха┤щлШчнЙхнжцаб
ЁЯФН шЧдх▓бх╖еценщлШчнЙхнжцаб - https://fujikou-hs.gsn.ed.jp/
ЁЯЪл чЙ╣х╛ЕхИ╢х║жуБкуБЧ: шЧдх▓бх╖еценщлШчнЙхнжцаб
ЁЯФН цбРчФЯх╕ВчлЛхХЖценщлШчнЙхнжцаб - http://www.kirisyo.jp/
ЁЯЪл чЙ╣х╛ЕхИ╢х║жуБкуБЧ: цбРчФЯх╕ВчлЛхХЖценщлШчнЙхнжцаб
ЁЯФН ц╕Лх╖ЭщлШчнЙхнжцаб - https://sibukawa-hs.gsn.ed.jp/
ЁЯЪл чЙ╣х╛ЕхИ╢х║жуБкуБЧ: ц╕Лх╖ЭщлШчнЙхнжцаб
ЁЯФН хпМх▓бщлШчнЙхнжцаб - https://tomioka-hs.gsn.ed.jp/
ЁЯЪл чЙ╣х╛ЕхИ╢х║жуБкуБЧ: хпМх▓бщлШчнЙхнжцаб
ЁЯФН хпМх▓бхоЯценщлШчнЙхнжцаб - https://tomijitsu-hs.gsn.ed.jp
ЁЯЪл чЙ╣х╛ЕхИ╢х║жуБкуБЧ: хпМх▓бхоЯценщлШчнЙхнжцаб
ЁЯФН ц▓╝чФ░щлШчнЙхнжцаб - https://numata-hs.gsn.ed.jp
ЁЯЪл чЙ╣х╛ЕхИ╢х║жуБкуБЧ: ц▓╝чФ░щлШчнЙхнжцаб
ЁЯФН хдкчФ░щлШчнЙхнжцаб - https://ota-hs.gsn.ed.jp/
ЁЯЪл чЙ╣х╛ЕхИ╢х║жуБкуБЧ: хдкчФ░щлШчнЙхнжцаб
ЁЯФН хдзщЦУуАЕщлШчнЙхнжцаб - https://omama-hs.gsn.ed.jp
ЁЯЪл чЙ╣х╛ЕхИ╢х║жуБкуБЧ: хдзщЦУуАЕщлШчнЙхнжцаб
ЁЯФН цЭ┐хАЙщлШчнЙхнжцаб - https://itakura-hs.gsn.ed.jp/
ЁЯЪл чЙ╣х╛ЕхИ╢х║жуБкуБЧ: цЭ┐хАЙщлШчнЙхнжцаб
ЁЯФН щдицЮЧхе│хнРщлШчнЙхнжцаб - http://kanjo.main.jp
ЁЯЪл чЙ╣х╛ЕхИ╢х║жуБкуБЧ: щдицЮЧхе│хнРщлШчнЙхнжцаб
ЁЯФН щХ╖щЗОхОЯщлШчнЙхнжцаб - https://naganohara-hs.gsn.ed.jp/
ЁЯЪл чЙ╣х╛ЕхИ╢х║жуБкуБЧ: щХ╖щЗОхОЯщлШчнЙхнжцаб
ЁЯФН хИйца╣хоЯценщлШчнЙхнжцаб - https://tonejitu-hs.gsn.ed.jp/
ЁЯЪл чЙ╣х╛ЕхИ╢х║жуБкуБЧ: хИйца╣хоЯценщлШчнЙхнжцаб
ЁЯФН хР╛хж╗ф╕нхдощлШчнЙхнжцаб - https://agachuo-hs.gsn.ed.jp/
ЁЯЪл чЙ╣х╛ЕхИ╢х║жуБкуБЧ: хР╛хж╗ф╕нхдощлШчнЙхнжцаб
ЁЯФН хРЙф║ХщлШчнЙхнжцаб - http://www.nc.yoshii-hs.gsn.ed.jp/
ЁЯЪл чЙ╣х╛ЕхИ╢х║жуБкуБЧ: хРЙф║ХщлШчнЙхнжцаб
ЁЯФН ц╕Лх╖Эхе│хнРщлШчнЙхнжцаб - http://www.sibujyo-hs.gsn.ed.jp
тЪая╕П ц╕Лх╖Эхе│хнРщлШчнЙхнжцаб ф╛ЛхдЦ: HTTPConnectionPool(host='www.sibujyo-hs.gsn.ed.jp', port=80): Max retries exceeded with url: / (Caused by NameResolutionError("<urllib3.connection.HTTPConnection object at 0x113d9b340>: Failed to resolve 'www.sibujyo-hs.gsn.ed.jp' ([Errno 8] nodename nor servname provided, or not known)"))
ЁЯФН цЭ╛ф║ХчФ░щлШчнЙхнжцаб - https://matuida-hs.gsn.ed.jp/
ЁЯЪл чЙ╣х╛ЕхИ╢х║жуБкуБЧ: цЭ╛ф║ХчФ░щлШчнЙхнжцаб
ЁЯФН хоЙф╕нч╖ПхРИхнжхЬТщлШчнЙхнжцаб - https://annakasogo-hs.gsn.ed.jp
ЁЯЪл чЙ╣х╛ЕхИ╢х║жуБкуБЧ: хоЙф╕нч╖ПхРИхнжхЬТщлШчнЙхнжцаб
ЁЯФН хЙНцйЛх╕ВчлЛхЙНцйЛщлШчнЙхнжцаб - https://ichimae.ed.jp/
ЁЯЪл чЙ╣х╛ЕхИ╢х║жуБкуБЧ: хЙНцйЛх╕ВчлЛхЙНцйЛщлШчнЙхнжцаб
ЁЯФН ф╕Лф╗БчФ░щлШчнЙхнжцаб - https://shimonita-hs.gsn.ed.jp/
ЁЯЪл чЙ╣х╛ЕхИ╢х║жуБкуБЧ: ф╕Лф╗БчФ░щлШчнЙхнжцаб
ЁЯФН чОЙцЭСщлШчнЙхнжцаб - https://tamamura-hs.gsn.ed.jp
ЁЯЪл чЙ╣х╛ЕхИ╢х║жуБкуБЧ: чОЙцЭСщлШчнЙхнжцаб
ЁЯФН щдицЮЧщлШчнЙхнжцаб - https://tateko-hs.gsn.ed.jp/
ЁЯЪл чЙ╣х╛ЕхИ╢х║жуБкуБЧ: щдицЮЧщлШчнЙхнжцаб
ЁЯФН ц╕Лх╖Эх╖еценщлШчнЙхнжцабя╝ИхоЪцЩВхИ╢я╝Й - https://shibuko-hs.gsn.ed.jp/bc4a0b6334343ea8aa6931df8d619717
ЁЯЪл чЙ╣х╛ЕхИ╢х║жуБкуБЧ: ц╕Лх╖Эх╖еценщлШчнЙхнжцабя╝ИхоЪцЩВхИ╢я╝Й
ЁЯФН цбРчФЯчммф╕АщлШчнЙхнжцаб - https://www.kiriichi.ac.jp/
ЁЯЪл чЙ╣х╛ЕхИ╢х║жуБкуБЧ: цбРчФЯчммф╕АщлШчнЙхнжцаб
ЁЯФН ц▓╝чФ░щлШчнЙхнжцабя╝ИхоЪцЩВхИ╢я╝Й - https://numata-hs.gsn.ed.jp/%E5%AE%9A%E6%99%82%E5%88%B6%E3%82%88%E3%82%8A
ЁЯЪл чЙ╣х╛ЕхИ╢х║жуБкуБЧ: ц▓╝чФ░щлШчнЙхнжцабя╝ИхоЪцЩВхИ╢я╝Й
ЁЯФН цбРчФЯх╕ВчлЛхХЖценщлШчнЙхнжцабя╝ИхоЪцЩВхИ╢я╝Й - https://kirisyo.edumap.jp/evening
ЁЯЪл чЙ╣х╛ЕхИ╢х║жуБкуБЧ: цбРчФЯх╕ВчлЛхХЖценщлШчнЙхнжцабя╝ИхоЪцЩВхИ╢я╝Й
ЁЯФН хдкчФ░х╕ВчлЛхдкчФ░щлШчнЙхнжцаб - https://www.otacity-hs.com/
ЁЯЪл чЙ╣х╛ЕхИ╢х║жуБкуБЧ: хдкчФ░х╕ВчлЛхдкчФ░щлШчнЙхнжцаб
ЁЯФН цбРчФЯх╖еценщлШчнЙхнжцабя╝ИхоЪцЩВхИ╢я╝Й - https://kiriko-ths.gsn.ed.jp/
ЁЯЪл чЙ╣х╛ЕхИ╢х║жуБкуБЧ: цбРчФЯх╖еценщлШчнЙхнжцабя╝ИхоЪцЩВхИ╢я╝Й
ЁЯФН хИйца╣хХЖценщлШчнЙхнжцаб - http://www.tonesho.ed.jp/
ЁЯЪл чЙ╣х╛ЕхИ╢х║жуБкуБЧ: хИйца╣хХЖценщлШчнЙхнжцаб
ЁЯФН хпМх▓бщлШчнЙхнжцабя╝ИхоЪцЩВхИ╢я╝Й - https://tomioka-ths.gsn.ed.jp/
ЁЯЪл чЙ╣х╛ЕхИ╢х║жуБкуБЧ: хпМх▓бщлШчнЙхнжцабя╝ИхоЪцЩВхИ╢я╝Й
ЁЯФН цЭ▒ф║мш╛▓ценхдзхнжчммф║МщлШчнЙхнжцаб - https://www.nodai-2-h.ed.jp/
ЁЯЪл чЙ╣х╛ЕхИ╢х║жуБкуБЧ: цЭ▒ф║мш╛▓ценхдзхнжчммф║МщлШчнЙхнжцаб
ЁЯФН щлШх┤ОцЭ▒щлШчнЙхнжцаб - https://takahi-hs.gsn.ed.jp
ЁЯЪл чЙ╣х╛ЕхИ╢х║жуБкуБЧ: щлШх┤ОцЭ▒щлШчнЙхнжцаб
ЁЯФН щлШх┤ОщлШчнЙхнжцабя╝ИщАЪф┐бхИ╢я╝Й - https://takasaki-hs.gsn.ed.jp/tusin
ЁЯЪл чЙ╣х╛ЕхИ╢х║жуБкуБЧ: щлШх┤ОщлШчнЙхнжцабя╝ИщАЪф┐бхИ╢я╝Й
ЁЯФН хдкчФ░цЭ▒щлШчнЙхнжцаб - https://tahigasi-hs.gsn.ed.jp
ЁЯЪл чЙ╣х╛ЕхИ╢х║жуБкуБЧ: хдкчФ░цЭ▒щлШчнЙхнжцаб
ЁЯФН щдицЮЧхХЖх╖ещлШчнЙхнжцаб - https://kansyoko-hs.gsn.ed.jp
ЁЯЪл чЙ╣х╛ЕхИ╢х║жуБкуБЧ: щдицЮЧхХЖх╖ещлШчнЙхнжцаб
ЁЯФН щлШх┤Ох╕ВчлЛщлШх┤Оч╡Мц╕ИхдзхнжщЩДх▒ЮщлШчнЙхнжцаб - https://tcue-h.edumap.jp/
ЁЯЪл чЙ╣х╛ЕхИ╢х║жуБкуБЧ: щлШх┤Ох╕ВчлЛщлШх┤Оч╡Мц╕ИхдзхнжщЩДх▒ЮщлШчнЙхнжцаб
ЁЯФН щлШх┤ОхМЧщлШчнЙхнжцаб - https://takakita-hs.gsn.ed.jp/
ЁЯЪл чЙ╣х╛ЕхИ╢х║жуБкуБЧ: щлШх┤ОхМЧщлШчнЙхнжцаб
ЁЯФН ц╕Лх╖Эх╖еценщлШчнЙхнжцаб - https://shibuko-hs.gsn.ed.jp
ЁЯЪл чЙ╣х╛ЕхИ╢х║жуБкуБЧ: ц╕Лх╖Эх╖еценщлШчнЙхнжцаб
ЁЯФН щдицЮЧщлШчнЙхнжцабя╝ИхоЪцЩВхИ╢я╝Й - https://tateko-hs.gsn.ed.jp/ff01d1306bc41c23c0758427178c19c6
ЁЯЪл чЙ╣х╛ЕхИ╢х║жуБкуБЧ: щдицЮЧщлШчнЙхнжцабя╝ИхоЪцЩВхИ╢я╝Й
ЁЯФН шЧдх▓бф╕нхдощлШчнЙхнжцабя╝ИхоЪцЩВхИ╢я╝Й - https://ftyuou-hs.gsn.ed.jp/7900715cbc7d059c79de446eefdf5358
ЁЯЪл чЙ╣х╛ЕхИ╢х║жуБкуБЧ: шЧдх▓бф╕нхдощлШчнЙхнжцабя╝ИхоЪцЩВхИ╢я╝Й
ЁЯФН хЙНцйЛше┐щлШчнЙхнжцаб - https://maenisi-hs.gsn.ed.jp
ЁЯЪл чЙ╣х╛ЕхИ╢х║жуБкуБЧ: хЙНцйЛше┐щлШчнЙхнжцаб
ЁЯФН щлШх┤ОхХЖценщлШчнЙхнжцабя╝ИхоЪцЩВхИ╢я╝Й - https://takasyo-hs.gsn.ed.jp/%E5%AE%9A%E6%99%82%E5%88%B6
ЁЯЪл чЙ╣х╛ЕхИ╢х║жуБкуБЧ: щлШх┤ОхХЖценщлШчнЙхнжцабя╝ИхоЪцЩВхИ╢я╝Й
ЁЯФН цбРчФЯц╕ЕцбЬщлШчнЙхнжцаб - https://kiryuseio-hs.gsn.ed.jp/
ЁЯЪл чЙ╣х╛ЕхИ╢х║жуБкуБЧ: цбРчФЯц╕ЕцбЬщлШчнЙхнжцаб
ЁЯФН щлШх┤Ох╖еценщлШчнЙхнжцабя╝ИхоЪцЩВхИ╢я╝Й - https://takako-ths.gsn.ed.jp/
ЁЯЪл чЙ╣х╛ЕхИ╢х║жуБкуБЧ: щлШх┤Ох╖еценщлШчнЙхнжцабя╝ИхоЪцЩВхИ╢я╝Й
ЁЯФН щлШх┤ОхХЖчзСхдзхнжщЩДх▒ЮщлШчнЙхнжцаб - https://www.tuc-hs.ed.jp/
ЁЯЪл чЙ╣х╛ЕхИ╢х║жуБкуБЧ: щлШх┤ОхХЖчзСхдзхнжщЩДх▒ЮщлШчнЙхнжцаб
ЁЯФН шЧдх▓бхМЧщлШчнЙхнжцаб - https://fujikita-hs.gsn.ed.jp/
ЁЯЪл чЙ╣х╛ЕхИ╢х║жуБкуБЧ: шЧдх▓бхМЧщлШчнЙхнжцаб
ЁЯФН хЙНцйЛх╖еценщлШчнЙхнжцабя╝ИхоЪцЩВхИ╢я╝Й - https://maeko-hs.gsn.ed.jp/%E5%AE%9A%E6%99%82%E5%88%B6
ЁЯЪл чЙ╣х╛ЕхИ╢х║жуБкуБЧ: хЙНцйЛх╖еценщлШчнЙхнжцабя╝ИхоЪцЩВхИ╢я╝Й
ЁЯФН хЕ▒цДЫхнжхЬТщлШчнЙхнжцаб - http://hs.kyoai.ac.jp
ЁЯЪл чЙ╣х╛ЕхИ╢х║жуБкуБЧ: хЕ▒цДЫхнжхЬТщлШчнЙхнжцаб
ЁЯФН хЙНцйЛц╕ЕщЩ╡щлШчнЙхнжцабя╝ИхоЪцЩВхИ╢я╝Й - https://seiryo-hs.gsn.ed.jp/
ЁЯЪл чЙ╣х╛ЕхИ╢х║жуБкуБЧ: хЙНцйЛц╕ЕщЩ╡щлШчнЙхнжцабя╝ИхоЪцЩВхИ╢я╝Й
ЁЯФН ци╣х╛│щлШчнЙхнжцаб - https://www.jutoku.ed.jp/high/
ЁЯЪл чЙ╣х╛ЕхИ╢х║жуБкуБЧ: ци╣х╛│щлШчнЙхнжцаб
ЁЯФН ф╝КхЛвх┤Ох╖еценщлШчнЙхнжцабя╝ИхоЪцЩВхИ╢я╝Й - https://iko-ths.gsn.ed.jp/
ЁЯЪл чЙ╣х╛ЕхИ╢х║жуБкуБЧ: ф╝КхЛвх┤Ох╖еценщлШчнЙхнжцабя╝ИхоЪцЩВхИ╢я╝Й
ЁЯФН хЙНцйЛцЭ▒щлШчнЙхнжцаб - http://www.nc.maehigashi-hs.gsn.ed.jp/
ЁЯЪл чЙ╣х╛ЕхИ╢х║жуБкуБЧ: хЙНцйЛцЭ▒щлШчнЙхнжцаб
ЁЯФН шЧдх▓бф╕нхдощлШчнЙхнжцаб - https://ftyuou-hs.gsn.ed.jp/
ЁЯЪл чЙ╣х╛ЕхИ╢х║жуБкуБЧ: шЧдх▓бф╕нхдощлШчнЙхнжцаб
ЁЯФН хЫЫуГДшСЙхнжхЬТф╕нчнЙцХЩшВ▓хнжцаб - http://www.yotsuba-ss.ed.jp/
ЁЯЪл чЙ╣х╛ЕхИ╢х║жуБкуБЧ: хЫЫуГДшСЙхнжхЬТф╕нчнЙцХЩшВ▓хнжцаб
ЁЯФН ф╕нхдоф╕нчнЙцХЩшВ▓хнжцаб - https://chuo-ss.gsn.ed.jp/
ЁЯЪл чЙ╣х╛ЕхИ╢х║жуБкуБЧ: ф╕нхдоф╕нчнЙцХЩшВ▓хнжцаб
ЁЯФН хЙНцйЛц╕ЕщЩ╡щлШчнЙхнжцабя╝ИщАЪф┐бхИ╢я╝Й - https://seiryo-hs.gsn.ed.jp/93c2c7626986c511592e75d31b11f229
ЁЯЪл чЙ╣х╛ЕхИ╢х║жуБкуБЧ: хЙНцйЛц╕ЕщЩ╡щлШчнЙхнжцабя╝ИщАЪф┐бхИ╢я╝Й
ЁЯФН хдкчФ░уГХуГмуГГуВпуВ╣щлШчнЙхнжцабя╝ИщАЪф┐бхИ╢я╝Й - https://otaflex-hs.gsn.ed.jp/
ЁЯЪл чЙ╣х╛ЕхИ╢х║жуБкуБЧ: хдкчФ░уГХуГмуГГуВпуВ╣щлШчнЙхнжцабя╝ИщАЪф┐бхИ╢я╝Й
ЁЯФН хдкчФ░уГХуГмуГГуВпуВ╣щлШчнЙхнжцабя╝ИхоЪцЩВхИ╢я╝Й - https://otaflex-hs.gsn.ed.jp/
ЁЯЪл чЙ╣х╛ЕхИ╢х║жуБкуБЧ: хдкчФ░уГХуГмуГГуВпуВ╣щлШчнЙхнжцабя╝ИхоЪцЩВхИ╢я╝Й
ЁЯОЙ хоМф║Ж: scholarship_result/ч╛дщжмчЬМ_special_scholarship_flag.csv
