
ЁЯПБ хЗжчРЖщЦЛхзЛ: шМихЯОчЬМ
ЁЯФН уБдуБПуБ░уВ╡уВдуВиуГ│уВ╣щлШчнЙхнжцаб - https://www.tsukuba-science-h.ibk.ed.jp/
ЁЯЪл чЙ╣х╛ЕхИ╢х║жуБкуБЧ: уБдуБПуБ░уВ╡уВдуВиуГ│уВ╣щлШчнЙхнжцаб
ЁЯФН уБдуБПуБ░чзАшЛ▒щлШчнЙхнжцаб - https://www.tsukubashuei.com/
ЁЯЪл чЙ╣х╛ЕхИ╢х║жуБкуБЧ: уБдуБПуБ░чзАшЛ▒щлШчнЙхнжцаб
ЁЯФН цДЫхЫ╜хнжхЬТхдзхнжщЩДх▒Ющ╛НуВ▒х┤ОщлШчнЙхнжцаб - https://www.aikoku-ryugasaki.ed.jp/
ЁЯЪл чЙ╣х╛ЕхИ╢х║жуБкуБЧ: цДЫхЫ╜хнжхЬТхдзхнжщЩДх▒Ющ╛НуВ▒х┤ОщлШчнЙхнжцаб
ЁЯФН ф╕нхдощлШчнЙхнжцаб - https://www.chuo-h.ibk.ed.jp/
ЁЯЪл чЙ╣х╛ЕхИ╢х║жуБкуБЧ: ф╕нхдощлШчнЙхнжцаб
ЁЯФН хдзхнРц╕Ец╡БщлШчнЙхнжцаб - http://www.daigoseiryu-h.ibk.ed.jp
ЁЯЪл чЙ╣х╛ЕхИ╢х║жуБкуБЧ: хдзхнРц╕Ец╡БщлШчнЙхнжцаб
ЁЯФН ц░┤цИ╕цбЬуГОчЙзщлШчнЙхнжцабх╕╕хМЧцаб - http://www.johoku-h.ed.ibk.jp/
тЪая╕П ц░┤цИ╕цбЬуГОчЙзщлШчнЙхнжцабх╕╕хМЧцаб ф╛ЛхдЦ: HTTPConnectionPool(host='www.johoku-h.ed.ibk.jp', port=80): Max retries exceeded with url: / (Caused by NameResolutionError("<urllib3.connection.HTTPConnection object at 0x1164ddfc0>: Failed to resolve 'www.johoku-h.ed.ibk.jp' ([Errno 8] nodename nor servname provided, or not known)"))
ЁЯФН хдзц┤ЧщлШчнЙхнжцаб - http://www.oarai-h.ibk.ed.jp/
ЁЯЪл чЙ╣х╛ЕхИ╢х║жуБкуБЧ: хдзц┤ЧщлШчнЙхнжцаб
ЁЯФН цЩГщЩ╜хнжхЬТщлШчнЙхнжцаб - https://www.koyo-gakuen.ac.jp/
ЁЯЪл чЙ╣х╛ЕхИ╢х║жуБкуБЧ: цЩГщЩ╜хнжхЬТщлШчнЙхнжцаб
ЁЯФН щЭТф╕ШхнжщЩвуБдуБПуБ░щлШчнЙхнжцаб - http://cheonggu.ed.jp/
ЁЯЪл чЙ╣х╛ЕхИ╢х║жуБкуБЧ: щЭТф╕ШхнжщЩвуБдуБПуБ░щлШчнЙхнжцаб
ЁЯФН уБдуБПуБ░хЫ╜щЪЫхдзхнжщлШчнЙхнжцаб - https://www.tiuh.ed.jp/
ЁЯЪл чЙ╣х╛ЕхИ╢х║жуБкуБЧ: уБдуБПуБ░хЫ╜щЪЫхдзхнжщлШчнЙхнжцаб
ЁЯФН ц░┤цИ╕хХУцШОщлШчнЙхнжцаб - https://www.mito-keimei.ed.jp/
тЬЕ чЙ╣х╛ЕхИ╢х║жуБВуВК: ц░┤цИ╕хХУцШОщлШчнЙхнжцаб
ЁЯФН хвГщлШчнЙхнжцаб - http://www.sakai-h.ibk.ed.jp/
тЬЕ чЙ╣х╛ЕхИ╢х║жуБВуВК: хвГщлШчнЙхнжцаб
ЁЯФН хдзцИРхе│хнРщлШчнЙхнжцаб - https://www.taisei.ac.jp/jp/tghs/
тЭМ уГбуВдуГ│уГЪуГ╝уВ╕хПЦх╛Чхд▒цХЧ: 404
ЁЯФН хЬЯц╡жх╖еценщлШчнЙхнжцаб - https://www.tsuchiura-th.ibk.ed.jp/
ЁЯЪл чЙ╣х╛ЕхИ╢х║жуБкуБЧ: хЬЯц╡жх╖еценщлШчнЙхнжцаб
ЁЯФН шМихЯОуВнуГкуВ╣уГИцХЩхнжхЬТщлШчнЙхнжцаб - https://www.icc.ac.jp/ich/
ЁЯЪл чЙ╣х╛ЕхИ╢х║жуБкуБЧ: шМихЯОуВнуГкуВ╣уГИцХЩхнжхЬТщлШчнЙхнжцаб
ЁЯФН ц░┤цИ╕шС╡щЩ╡щлШчнЙхнжцаб - https://www.kiryo.ac.jp/
ЁЯЪл чЙ╣х╛ЕхИ╢х║жуБкуБЧ: ц░┤цИ╕шС╡щЩ╡щлШчнЙхнжцаб
ЁЯФН щлШшРйц╕ЕцЭ╛щлШчнЙхнжцаб - http://www.takahagiseisho-h.ibk.ed.jp/
ЁЯЪл чЙ╣х╛ЕхИ╢х║жуБкуБЧ: щлШшРйц╕ЕцЭ╛щлШчнЙхнжцаб
ЁЯФН цЧечлЛчммф╕АщлШчнЙхнжцаб - https://www.hitachi1-h.ibk.ed.jp/
ЁЯЪл чЙ╣х╛ЕхИ╢х║жуБкуБЧ: цЧечлЛчммф╕АщлШчнЙхнжцаб
ЁЯФН чгпхОЯщГ╖шЛ▒щлШчнЙхнжцаб - http://www.isoharakyoei-h.ibk.ed.jp/
ЁЯЪл чЙ╣х╛ЕхИ╢х║жуБкуБЧ: чгпхОЯщГ╖шЛ▒щлШчнЙхнжцаб
ЁЯФН цЧечлЛчммф║МщлШчнЙхнжцаб - https://www.hitachi2-h.ibk.ed.jp/
ЁЯЪл чЙ╣х╛ЕхИ╢х║жуБкуБЧ: цЧечлЛчммф║МщлШчнЙхнжцаб
ЁЯФН цЧечлЛхХЖценщлШчнЙхнжцаб - https://www.hitachi-ch.ibk.ed.jp/
ЁЯЪл чЙ╣х╛ЕхИ╢х║жуБкуБЧ: цЧечлЛхХЖценщлШчнЙхнжцаб
ЁЯФН цЧечлЛх╖еценщлШчнЙхнжцаб - https://www.hitachi-th.ibk.ed.jp/
ЁЯЪл чЙ╣х╛ЕхИ╢х║жуБкуБЧ: цЧечлЛх╖еценщлШчнЙхнжцаб
ЁЯФН хдкчФ░чммф╕АщлШчнЙхнжцаб - http://www.ota1-h.ibk.ed.jp/
ЁЯЪл чЙ╣х╛ЕхИ╢х║жуБкуБЧ: хдкчФ░чммф╕АщлШчнЙхнжцаб
ЁЯФН хдЪш│АщлШчнЙхнжцаб - http://www.taga-h.ibk.ed.jp
ЁЯЪл чЙ╣х╛ЕхИ╢х║жуБкуБЧ: хдЪш│АщлШчнЙхнжцаб
ЁЯФН чЯ│х▓бчммф║МщлШчнЙхнжцаб - https://www.ishioka2-h.ibk.ed.jp
ЁЯЪл чЙ╣х╛ЕхИ╢х║жуБкуБЧ: чЯ│х▓бчммф║МщлШчнЙхнжцаб
ЁЯФН шМихЯОчЬМчлЛчмащЦУщлШчнЙхнжцаб - https://www.kasama-h.ibk.ed.jp/
ЁЯЪл чЙ╣х╛ЕхИ╢х║жуБкуБЧ: шМихЯОчЬМчлЛчмащЦУщлШчнЙхнжцаб
ЁЯФН ц│вх┤ОщлШчнЙхнжцаб - http://www.hasaki-h.ibk.ed.jp/
ЁЯЪл чЙ╣х╛ЕхИ╢х║жуБкуБЧ: ц│вх┤ОщлШчнЙхнжцаб
ЁЯФН чЯ│х▓бчммф╕АщлШчнЙхнжцаб - https://www.ishioka1-h.ibk.ed.jp/
ЁЯЪл чЙ╣х╛ЕхИ╢х║жуБкуБЧ: чЯ│х▓бчммф╕АщлШчнЙхнжцаб
ЁЯФН х░ПчАмщлШчнЙхнжцаб - https://www.ose-h.ibk.ed.jp/
ЁЯЪл чЙ╣х╛ЕхИ╢х║жуБкуБЧ: х░ПчАмщлШчнЙхнжцаб
ЁЯФН щ╣┐х│╢щлШчнЙхнжцаб - https://www.kashima-h.ibk.ed.jp/
ЁЯЪл чЙ╣х╛ЕхИ╢х║жуБкуБЧ: щ╣┐х│╢щлШчнЙхнжцаб
ЁЯФН ц░┤цИ╕чммф╕АщлШчнЙхнжцаб - http://www.mito1-h.ibk.ed.jp
ЁЯЪл чЙ╣х╛ЕхИ╢х║жуБкуБЧ: ц░┤цИ╕чммф╕АщлШчнЙхнжцаб
ЁЯФН хЬЯц╡жчммф╕ЙщлШчнЙхнжцаб - https://www.tsuchiura3-h.ibk.ed.jp/
ЁЯЪл чЙ╣х╛ЕхИ╢х║жуБкуБЧ: хЬЯц╡жчммф╕ЙщлШчнЙхнжцаб
ЁЯФН щЙ╛чФ░чммф╕АщлШчнЙхнжцаб - https://www.hokota1-h.ibk.ed.jp/
ЁЯЪл чЙ╣х╛ЕхИ╢х║жуБкуБЧ: щЙ╛чФ░чммф╕АщлШчнЙхнжцаб
ЁЯФН хЛЭчФ░ф╕нчнЙцХЩшВ▓хнжцаб - https://www.katsuta-cs.ibk.ed.jp/
ЁЯЪл чЙ╣х╛ЕхИ╢х║жуБкуБЧ: хЛЭчФ░ф╕нчнЙцХЩшВ▓хнжцаб
ЁЯФН чнСц│вщлШчнЙхнжцаб - https://www.tsukuba-h.ibk.ed.jp/
ЁЯЪл чЙ╣х╛ЕхИ╢х║жуБкуБЧ: чнСц│вщлШчнЙхнжцаб
ЁЯФН ц░┤цИ╕х╖еценщлШчнЙхнжцаб - http://www.mito-th.ibk.ed.jp
ЁЯЪл чЙ╣х╛ЕхИ╢х║жуБкуБЧ: ц░┤цИ╕х╖еценщлШчнЙхнжцаб
ЁЯФН хЛЭчФ░х╖еценщлШчнЙхнжцаб - http://www.katsuta-th.ibk.ed.jp
ЁЯЪл чЙ╣х╛ЕхИ╢х║жуБкуБЧ: хЛЭчФ░х╖еценщлШчнЙхнжцаб
ЁЯФН щВгчПВц╣КщлШчнЙхнжцаб - https://www.nakaminato-h.ibk.ed.jp/
тЪая╕П уВ╡уГЦуГЪуГ╝уВ╕уВиуГйуГ╝: The markup you provided was rejected by the parser. Trying a different parser or a different encoding may help.

Original exception(s) from parser:
 AssertionError: expected name token at '<![я┐╜%\x06\x0b0\rя┐╜я┐╜я┐╜я┐╜я┐╜>\x0e\x0c\x7fя┐╜\x1f'
ЁЯЪл чЙ╣х╛ЕхИ╢х║жуБкуБЧ: щВгчПВц╣КщлШчнЙхнжцаб
ЁЯФН ц░┤цИ╕чммф║МщлШчнЙхнжцаб - http://www.mito2-h.ibk.ed.jp
ЁЯЪл чЙ╣х╛ЕхИ╢х║жуБкуБЧ: ц░┤цИ╕чммф║МщлШчнЙхнжцаб
ЁЯФН хдкчФ░ше┐х▒▒щлШчнЙхнжцаб - http://www.otaseizan-h.ibk.ed.jp/
ЁЯЪл чЙ╣х╛ЕхИ╢х║жуБкуБЧ: хдкчФ░ше┐х▒▒щлШчнЙхнжцаб
ЁЯФН хЬЯц╡жчммф╕АщлШчнЙхнжцаб - http://www.tsuchiura1-h.ibk.ed.jp/
ЁЯЪл чЙ╣х╛ЕхИ╢х║жуБкуБЧ: хЬЯц╡жчммф╕АщлШчнЙхнжцаб
ЁЯФН хЬЯц╡жчммф║МщлШчнЙхнжцаб - http://www.tsuchiura2-h.ibk.ed.jp/
ЁЯЪл чЙ╣х╛ЕхИ╢х║жуБкуБЧ: хЬЯц╡жчммф║МщлШчнЙхнжцаб
ЁЯФН ц░┤цИ╕ш╛▓ценщлШчнЙхнжцаб - https://www.mito-ah.ibk.ed.jp/
ЁЯЪл чЙ╣х╛ЕхИ╢х║жуБкуБЧ: ц░┤цИ╕ш╛▓ценщлШчнЙхнжцаб
ЁЯФН ц╜оцЭещлШчнЙхнжцаб - https://www.itako-h.ibk.ed.jp/
ЁЯЪл чЙ╣х╛ЕхИ╢х║жуБкуБЧ: ц╜оцЭещлШчнЙхнжцаб
ЁЯФН ц░┤цИ╕чммф╕ЙщлШчнЙхнжцаб - https://www.mito3-h.ibk.ed.jp/
ЁЯЪл чЙ╣х╛ЕхИ╢х║жуБкуБЧ: ц░┤цИ╕чммф╕ЙщлШчнЙхнжцаб
ЁЯФН щ║╗чФЯщлШчнЙхнжцаб - http://www.asou-h.ibk.ed.jp/
ЁЯЪл чЙ╣х╛ЕхИ╢х║жуБкуБЧ: щ║╗чФЯщлШчнЙхнжцаб
ЁЯФН х╕╕щЩ╕хдзхоощлШчнЙхнжцаб - http://www.hitachiomiya-h.ibk.ed.jp
ЁЯЪл чЙ╣х╛ЕхИ╢х║жуБкуБЧ: х╕╕щЩ╕хдзхоощлШчнЙхнжцаб
ЁЯФН ц░┤цИ╕хХЖценщлШчнЙхнжцаб - https://www.mito-ch.ibk.ed.jp/
ЁЯЪл чЙ╣х╛ЕхИ╢х║жуБкуБЧ: ц░┤цИ╕хХЖценщлШчнЙхнжцаб
ЁЯФН чОЙщАах╖еценщлШчнЙхнжцаб - http://www.tamatsukuri-th.ibk.ed.jp/
ЁЯЪл чЙ╣х╛ЕхИ╢х║жуБкуБЧ: чОЙщАах╖еценщлШчнЙхнжцаб
ЁЯФН шМихЯОчЬМчлЛц╡╖ц┤ЛщлШчнЙхнжцаб - https://www.kaiyo-h.ibk.ed.jp/
ЁЯЪл чЙ╣х╛ЕхИ╢х║жуБкуБЧ: шМихЯОчЬМчлЛц╡╖ц┤ЛщлШчнЙхнжцаб
ЁЯФН чЯ│х▓бхХЖценщлШчнЙхнжцаб - http://www.ishioka-ch.ibk.ed.jp/
ЁЯЪл чЙ╣х╛ЕхИ╢х║жуБкуБЧ: чЯ│х▓бхХЖценщлШчнЙхнжцаб
ЁЯФН щЙ╛чФ░чммф║МщлШчнЙхнжцаб - https://www.hokota2-h.ibk.ed.jp/
ЁЯЪл чЙ╣х╛ЕхИ╢х║жуБкуБЧ: щЙ╛чФ░чммф║МщлШчнЙхнжцаб
ЁЯФН чеЮцаЦщлШчнЙхнжцаб - https://www.kamisu-h.ibk.ed.jp/
ЁЯЪл чЙ╣х╛ЕхИ╢х║жуБкуБЧ: чеЮцаЦщлШчнЙхнжцаб
ЁЯФН ч╖Сх▓бщлШчнЙхнжцаб - http://www.midorioka-h.ibk.ed.jp/
ЁЯЪл чЙ╣х╛ЕхИ╢х║жуБкуБЧ: ч╖Сх▓бщлШчнЙхнжцаб
ЁЯФН цШОщЗОщлШчнЙхнжцаб - http://www.akeno-h.ibk.ed.jp
ЁЯЪл чЙ╣х╛ЕхИ╢х║жуБкуБЧ: цШОщЗОщлШчнЙхнжцаб
ЁЯФН ч╡РхЯОчммф║МщлШчнЙхнжцабя╝ИхоЪцЩВхИ╢я╝Й - http://www.yuki2-h.ibk.ed.jp/
ЁЯЪл чЙ╣х╛ЕхИ╢х║жуБкуБЧ: ч╡РхЯОчммф║МщлШчнЙхнжцабя╝ИхоЪцЩВхИ╢я╝Й
ЁЯФН ч╖ПхТМх╖еценщлШчнЙхнжцаб - http://www.sowa-th.ibk.ed.jp/
ЁЯЪл чЙ╣х╛ЕхИ╢х║жуБкуБЧ: ч╖ПхТМх╖еценщлШчнЙхнжцаб
ЁЯФН я╝йя╝┤цЬкцЭещлШчнЙхнжцаб - https://www.it-mirai-h.ibk.ed.jp/
ЁЯЪл чЙ╣х╛ЕхИ╢х║жуБкуБЧ: я╝йя╝┤цЬкцЭещлШчнЙхнжцаб
ЁЯФН члЬуГ╢х┤Очммф║МщлШчнЙхнжцаб - https://www.ryugasaki2-h.ibk.ed.jp/
ЁЯЪл чЙ╣х╛ЕхИ╢х║жуБкуБЧ: члЬуГ╢х┤Очммф║МщлШчнЙхнжцаб
ЁЯФН хПдц▓│чммф║МщлШчнЙхнжцаб - http://www.koga2-h.ibk.ed.jp/
ЁЯЪл чЙ╣х╛ЕхИ╢х║жуБкуБЧ: хПдц▓│чммф║МщлШчнЙхнжцаб
ЁЯФН шМихЯОчЬМчлЛхПЦцЙЛчммф╕АщлШчнЙхнжцаб - http://www.toride1-h.ibk.ed.jp/?page_id=79
ЁЯЪл чЙ╣х╛ЕхИ╢х║жуБкуБЧ: шМихЯОчЬМчлЛхПЦцЙЛчммф╕АщлШчнЙхнжцаб
ЁЯФН цЭ▒ц╡╖щлШчнЙхнжцаб - https://www.tokai-h.ibk.ed.jp/
ЁЯЪл чЙ╣х╛ЕхИ╢х║жуБкуБЧ: цЭ▒ц╡╖щлШчнЙхнжцаб
ЁЯФН чЯ│ф╕Лч┤лх│░щлШчнЙхнжцаб - http://www.ishigeshiho-h.ibk.ed.jp/
ЁЯЪл чЙ╣х╛ЕхИ╢х║жуБкуБЧ: чЯ│ф╕Лч┤лх│░щлШчнЙхнжцаб
ЁЯФН ф╕Лхж╗чммф╕АщлШчнЙхнжцаб - https://www.shimotsuma1-h.ibk.ed.jp
ЁЯЪл чЙ╣х╛ЕхИ╢х║жуБкуБЧ: ф╕Лхж╗чммф╕АщлШчнЙхнжцаб
ЁЯФН чЙЫф╣ЕщлШчнЙхнжцаб - http://www.ushiku-h.ibk.ed.jp/
ЁЯЪл чЙ╣х╛ЕхИ╢х║жуБкуБЧ: чЙЫф╣ЕщлШчнЙхнжцаб
ЁЯФН ф╕Лщдичммф║МщлШчнЙхнжцаб - https://www.shimodate2-h.ibk.ed.jp/
ЁЯЪл чЙ╣х╛ЕхИ╢х║жуБкуБЧ: ф╕Лщдичммф║МщлШчнЙхнжцаб
ЁЯФН ф╕Лхж╗чммф║МщлШчнЙхнжцаб - https://www.shimotsuma2-h.ibk.ed.jp/
ЁЯЪл чЙ╣х╛ЕхИ╢х║жуБкуБЧ: ф╕Лхж╗чммф║МщлШчнЙхнжцаб
ЁЯФН чЬЯхгБщлШчнЙхнжцаб - http://www.makabe-h.ibk.ed.jp/
ЁЯЪл чЙ╣х╛ЕхИ╢х║жуБкуБЧ: чЬЯхгБщлШчнЙхнжцаб
ЁЯФН хПЦцЙЛчммф║МщлШчнЙхнжцаб - http://www.toride2-h.ibk.ed.jp/
ЁЯЪл чЙ╣х╛ЕхИ╢х║жуБкуБЧ: хПЦцЙЛчммф║МщлШчнЙхнжцаб
ЁЯФН члЬуГ╢х┤Очммф╕АщлШчнЙхнжцаб - http://www.ryugasaki1-h.ibk.ed.jp/
ЁЯЪл чЙ╣х╛ЕхИ╢х║жуБкуБЧ: члЬуГ╢х┤Очммф╕АщлШчнЙхнжцаб
ЁЯФН хЭВцЭ▒ц╕ЕщвищлШчнЙхнжцаб - http://www.bandoseifu-h.ibk.ed.jp/
ЁЯЪл чЙ╣х╛ЕхИ╢х║жуБкуБЧ: хЭВцЭ▒ц╕ЕщвищлШчнЙхнжцаб
ЁЯФН шМихЯОцЭ▒щлШчнЙхнжцаб - https://www.ibarakihigashi-h.ibk.ed.jp/
ЁЯЪл чЙ╣х╛ЕхИ╢х║жуБкуБЧ: шМихЯОцЭ▒щлШчнЙхнжцаб
ЁЯФН ф╕Лщдичммф╕АщлШчнЙхнжцаб - http://www.shimodate1-h.ibk.ed.jp/
ЁЯЪл чЙ╣х╛ЕхИ╢х║жуБкуБЧ: ф╕Лщдичммф╕АщлШчнЙхнжцаб
ЁЯФН хПдц▓│чммф╕АщлШчнЙхнжцаб - http://www.koga1-h.ibk.ed.jp/
ЁЯЪл чЙ╣х╛ЕхИ╢х║жуБкуБЧ: хПдц▓│чммф╕АщлШчнЙхнжцаб
ЁЯФН шЧдф╗гщлШчнЙхнжцаб - https://www.fujishiro-h.ibk.ed.jp/
ЁЯЪл чЙ╣х╛ЕхИ╢х║жуБкуБЧ: шЧдф╗гщлШчнЙхнжцаб
ЁЯФН ц░┤ц╡╖щБУчммф║МщлШчнЙхнжцаб - http://www.mitsukaido2-h.ibk.ed.jp
ЁЯЪл чЙ╣х╛ЕхИ╢х║жуБкуБЧ: ц░┤ц╡╖щБУчммф║МщлШчнЙхнжцаб
ЁЯФН щм╝цАТхХЖценщлШчнЙхнжцаб - http://www.kinu-ch.ibk.ed.jp
ЁЯЪл чЙ╣х╛ЕхИ╢х║жуБкуБЧ: щм╝цАТхХЖценщлШчнЙхнжцаб
ЁЯФН ф╕Лщдих╖еценщлШчнЙхнжцаб - https://www.shimodate-th.ibk.ed.jp/
ЁЯЪл чЙ╣х╛ЕхИ╢х║жуБкуБЧ: ф╕Лщдих╖еценщлШчнЙхнжцаб
ЁЯФН ц░┤ц╡╖щБУчммф╕АщлШчнЙхнжцаб - http://www.mitsukaido1-h.ibk.ed.jp/
ЁЯЪл чЙ╣х╛ЕхИ╢х║жуБкуБЧ: ц░┤ц╡╖щБУчммф╕АщлШчнЙхнжцаб
ЁЯФН ч╡РхЯОчммф╕АщлШчнЙхнжцаб - http://www.yuki1-h.ibk.ed.jp/
ЁЯЪл чЙ╣х╛ЕхИ╢х║жуБкуБЧ: ч╡РхЯОчммф╕АщлШчнЙхнжцаб
ЁЯФН чл╣хЬТщлШчнЙхнжцаб - https://www.takezono-h.ibk.ed.jp/
ЁЯЪл чЙ╣х╛ЕхИ╢х║жуБкуБЧ: чл╣хЬТщлШчнЙхнжцаб
ЁЯФН хЕлхНГф╗гщлШчнЙхнжцаб - http://www.yachiyo-h.ibk.ed.jp
ЁЯЪл чЙ╣х╛ЕхИ╢х║жуБкуБЧ: хЕлхНГф╗гщлШчнЙхнжцаб
ЁЯФН хПдц▓│чммф╕ЙщлШчнЙхнжцаб - http://www.koga3-h.ibk.ed.jp/
ЁЯЪл чЙ╣х╛ЕхИ╢х║жуБкуБЧ: хПдц▓│чммф╕ЙщлШчнЙхнжцаб
ЁЯФН х▓йчАмщлШчнЙхнжцаб - http://www.iwase-h.ibk.ed.jp/
ЁЯЪл чЙ╣х╛ЕхИ╢х║жуБкуБЧ: х▓йчАмщлШчнЙхнжцаб
ЁЯФН шБЦх╛│хдзхнжщЩДх▒ЮхПЦцЙЛшБЦх╛│хе│хнРщлШчнЙхнжцаб - https://www.torideseitoku.ed.jp/
ЁЯЪл чЙ╣х╛ЕхИ╢х║жуБкуБЧ: шБЦх╛│хдзхнжщЩДх▒ЮхПЦцЙЛшБЦх╛│хе│хнРщлШчнЙхнжцаб
ЁЯФН чЙЫф╣ЕцаДщА▓щлШчнЙхнжцаб - http://www.ushikueishin-h.ibk.ed.jp/
ЁЯЪл чЙ╣х╛ЕхИ╢х║жуБкуБЧ: чЙЫф╣ЕцаДщА▓щлШчнЙхнжцаб
ЁЯФН цЭ▒ц┤ЛхдзхнжщЩДх▒ЮчЙЫф╣ЕщлШчнЙхнжцаб - https://www.toyo.ac.jp/ushiku/sh/
ЁЯЪл чЙ╣х╛ЕхИ╢х║жуБкуБЧ: цЭ▒ц┤ЛхдзхнжщЩДх▒ЮчЙЫф╣ЕщлШчнЙхнжцаб
ЁЯФН х╕╕ч╖ПхнжщЩвщлШчнЙхнжцаб - https://www.joso.ac.jp/high/
ЁЯЪл чЙ╣х╛ЕхИ╢х║жуБкуБЧ: х╕╕ч╖ПхнжщЩвщлШчнЙхнжцаб
ЁЯФН цЧечлЛхМЧщлШчнЙхнжцаб - https://www.hitachikita-h.ibk.ed.jp/
ЁЯЪл чЙ╣х╛ЕхИ╢х║жуБкуБЧ: цЧечлЛхМЧщлШчнЙхнжцаб
ЁЯФН хЬЯц╡жцЧецЬмхдзхнжщлШчнЙхнжцаб - https://www.tng.ac.jp/tsuchiura/
тЬЕ чЙ╣х╛ЕхИ╢х║жуБВуВК: хЬЯц╡жцЧецЬмхдзхнжщлШчнЙхнжцаб
ЁЯФН ц░┤цИ╕цбЬуГОчЙзщлШчнЙхнжцаб - http://www.mitosakuranomaki-h.ibk.ed.jp/
ЁЯЪл чЙ╣х╛ЕхИ╢х║жуБкуБЧ: ц░┤цИ╕цбЬуГОчЙзщлШчнЙхнжцаб
ЁЯФН шМЧц║кхнжхЬТщлШчнЙхнжцаб - https://www.meikei.ac.jp/
ЁЯЪл чЙ╣х╛ЕхИ╢х║жуБкуБЧ: шМЧц║кхнжхЬТщлШчнЙхнжцаб
ЁЯФН цШОчзАхнжхЬТцЧечлЛщлШчнЙхнжцаб - http://www.meishu.ac.jp/
ЁЯЪл чЙ╣х╛ЕхИ╢х║жуБкуБЧ: цШОчзАхнжхЬТцЧечлЛщлШчнЙхнжцаб
ЁЯФН щВгчПВщлШчнЙхнжцаб - https://www.naka-h.ibk.ed.jp/
ЁЯЪл чЙ╣х╛ЕхИ╢х║жуБкуБЧ: щВгчПВщлШчнЙхнжцаб
ЁЯФН цЧечлЛх╖еценщлШчнЙхнжцабя╝ИхоЪцЩВхИ╢я╝Й - http://www.hitachi-th.ibk.ed.jp/?page_id=202
ЁЯЪл чЙ╣х╛ЕхИ╢х║жуБкуБЧ: цЧечлЛх╖еценщлШчнЙхнжцабя╝ИхоЪцЩВхИ╢я╝Й
ЁЯФН хПЦцЙЛцЭ╛щЩ╜щлШчнЙхнжцаб - http://www.torideshoyo-h.ibk.ed.jp
ЁЯЪл чЙ╣х╛ЕхИ╢х║жуБкуБЧ: хПЦцЙЛцЭ╛щЩ╜щлШчнЙхнжцаб
ЁЯФН шМОх┤ОщлШчнЙхнжцабя╝ИхоЪцЩВхИ╢я╝Й - https://www.kukizaki-h.ibk.ed.jp/
ЁЯЪл чЙ╣х╛ЕхИ╢х║жуБкуБЧ: шМОх┤ОщлШчнЙхнжцабя╝ИхоЪцЩВхИ╢я╝Й
ЁЯФН ц│вх┤ОцЯ│х╖ЭщлШчнЙхнжцаб - https://www.hasakiyanagawa-h.ibk.ed.jp/
ЁЯЪл чЙ╣х╛ЕхИ╢х║жуБкуБЧ: ц│вх┤ОцЯ│х╖ЭщлШчнЙхнжцаб
ЁЯФН хЬЯц╡жц╣ЦхМЧщлШчнЙхнжцаб - http://www.tsuchiurakohoku-h.ibk.ed.jp/
ЁЯЪл чЙ╣х╛ЕхИ╢х║жуБкуБЧ: хЬЯц╡жц╣ЦхМЧщлШчнЙхнжцаб
ЁЯФН щ╣┐х│╢чБШщлШчнЙхнжцабя╝ИхоЪцЩВхИ╢уГ╗хНШф╜НхИ╢я╝Й - https://www.kashimanada-h.ibk.ed.jp/
ЁЯЪл чЙ╣х╛ЕхИ╢х║жуБкуБЧ: щ╣┐х│╢чБШщлШчнЙхнжцабя╝ИхоЪцЩВхИ╢уГ╗хНШф╜НхИ╢я╝Й
ЁЯФН ц╕ЕчЬЯхнжхЬТщлШчнЙхнжцаб - http://www.seishingakuen.ed.jp/
тЪая╕П ц╕ЕчЬЯхнжхЬТщлШчнЙхнжцаб ф╛ЛхдЦ: HTTPConnectionPool(host='www.seishingakuen.ed.jp', port=80): Max retries exceeded with url: / (Caused by NameResolutionError("<urllib3.connection.HTTPConnection object at 0x1138b40a0>: Failed to resolve 'www.seishingakuen.ed.jp' ([Errno 8] nodename nor servname provided, or not known)"))
ЁЯФН ц▒ЯцИ╕х╖ЭхнжхЬТхПЦцЙЛщлШчнЙхнжцаб - https://www2.e-t.ed.jp/
ЁЯЪл чЙ╣х╛ЕхИ╢х║жуБкуБЧ: ц▒ЯцИ╕х╖ЭхнжхЬТхПЦцЙЛщлШчнЙхнжцаб
ЁЯФН хоИш░╖щлШчнЙхнжцаб - https://www.moriya-h.ibk.ed.jp/
ЁЯЪл чЙ╣х╛ЕхИ╢х║жуБкуБЧ: хоИш░╖щлШчнЙхнжцаб
ЁЯФН ц░┤хЯОщлШчнЙхнжцаб - https://www.suijo.ac.jp/
ЁЯЪл чЙ╣х╛ЕхИ╢х║жуБкуБЧ: ц░┤хЯОщлШчнЙхнжцаб
ЁЯФН члЬуГ╢х┤ОхНЧщлШчнЙхнжцаб - http://www.ryugasakiminami-h.ibk.ed.jp/
тЪая╕П уВ╡уГЦуГЪуГ╝уВ╕уВиуГйуГ╝: The markup you provided was rejected by the parser. Trying a different parser or a different encoding may help.

Original exception(s) from parser:
 AssertionError: expected name token at '<![я┐╜5я┐╜_я┐╜я┐╜я┐╜я┐╜я┐╜┌ея┐╜.*]я┐╜\x1f!'
ЁЯЪл чЙ╣х╛ЕхИ╢х║жуБкуБЧ: члЬуГ╢х┤ОхНЧщлШчнЙхнжцаб
ЁЯФН ц░┤цИ╕хе│хнРщлШчнЙхнжцаб - https://www.mitojoshi.ed.jp/
тЬЕ чЙ╣х╛ЕхИ╢х║жуБВуВК: ц░┤цИ╕хе│хнРщлШчнЙхнжцаб
ЁЯФН ф╝КхеИщлШчнЙхнжцаб - http://www.ina-h.ibk.ed.jp/
ЁЯЪл чЙ╣х╛ЕхИ╢х║жуБкуБЧ: ф╝КхеИщлШчнЙхнжцаб
ЁЯФН ф╜РхТМщлШчнЙхнжцаб - http://www.sawa-h.ibk.ed.jp/
ЁЯЪл чЙ╣х╛ЕхИ╢х║жуБкуБЧ: ф╜РхТМщлШчнЙхнжцаб
ЁЯФН х╕╕чгРхдзхнжщлШчнЙхнжцаб - https://www.tokiwa.ac.jp/~tokikou/index.html
ЁЯЪл чЙ╣х╛ЕхИ╢х║жуБкуБЧ: х╕╕чгРхдзхнжщлШчнЙхнжцаб
ЁЯФН щ╣┐х│╢хнжхЬТщлШчнЙхнжцаб - https://kgh.ed.jp
ЁЯЪл чЙ╣х╛ЕхИ╢х║жуБкуБЧ: щ╣┐х│╢хнжхЬТщлШчнЙхнжцаб
ЁЯФН шМихЯОщлШчнЙхнжцаб - https://www.ibaraki-jsh.ed.jp/
ЁЯЪл чЙ╣х╛ЕхИ╢х║жуБкуБЧ: шМихЯОщлШчнЙхнжцаб
ЁЯФН шЧдф╗гч┤лц░┤щлШчнЙхнжцаб - http://www.fujishiroshisui-h.ibk.ed.jp/?page_id=105
ЁЯЪл чЙ╣х╛ЕхИ╢х║жуБкуБЧ: шЧдф╗гч┤лц░┤щлШчнЙхнжцаб
ЁЯФН ц░┤цИ╕х╣│цИРхнжхЬТщлШчнЙхнжцабя╝ИщАЪф┐бхИ╢я╝Й - https://mitoheisei.ac.jp/
ЁЯЪл чЙ╣х╛ЕхИ╢х║жуБкуБЧ: ц░┤цИ╕х╣│цИРхнжхЬТщлШчнЙхнжцабя╝ИщАЪф┐бхИ╢я╝Й
ЁЯФН ц░┤цИ╕ш╛▓ценщлШчнЙхнжцабя╝ИхоЪцЩВхИ╢я╝Й - http://www.mito-ah.ibk.ed.jp/?page_id=145
ЁЯЪл чЙ╣х╛ЕхИ╢х║жуБкуБЧ: ц░┤цИ╕ш╛▓ценщлШчнЙхнжцабя╝ИхоЪцЩВхИ╢я╝Й
ЁЯФН ф╕жцЬиф╕нчнЙцХЩшВ▓хнжцаб - http://www.namiki-cs.ed.jp/
тЪая╕П ф╕жцЬиф╕нчнЙцХЩшВ▓хнжцаб ф╛ЛхдЦ: HTTPConnectionPool(host='www.namiki-cs.ed.jp', port=80): Max retries exceeded with url: / (Caused by NameResolutionError("<urllib3.connection.HTTPConnection object at 0x11350fe50>: Failed to resolve 'www.namiki-cs.ed.jp' ([Errno 8] nodename nor servname provided, or not known)"))
ЁЯФН хЬЯц╡жчммф╕АщлШчнЙхнжцабя╝ИхоЪцЩВхИ╢я╝Й - http://www.tsuchiura1-h.ibk.ed.jp/?page_id=133
ЁЯЪл чЙ╣х╛ЕхИ╢х║жуБкуБЧ: хЬЯц╡жчммф╕АщлШчнЙхнжцабя╝ИхоЪцЩВхИ╢я╝Й
ЁЯФН ч┐Фц┤ЛхнжхЬТщлШчнЙхнжцабя╝ИщАЪф┐бхИ╢я╝Й - https://www.shoyo.ac.jp/
ЁЯЪл чЙ╣х╛ЕхИ╢х║жуБкуБЧ: ч┐Фц┤ЛхнжхЬТщлШчнЙхнжцабя╝ИщАЪф┐бхИ╢я╝Й
ЁЯФН уБдуБПуБ░щЦЛцИРщлШчнЙхнжцабя╝ИщАЪф┐бхИ╢я╝Й - http://www.t-kaisei.ed.jp
ЁЯЪл чЙ╣х╛ЕхИ╢х║жуБкуБЧ: уБдуБПуБ░щЦЛцИРщлШчнЙхнжцабя╝ИщАЪф┐бхИ╢я╝Й
ЁЯФН х▓йчАмцЧецЬмхдзхнжщлШчнЙхнжцаб - https://www.tng.ac.jp/iwase/
ЁЯЪл чЙ╣х╛ЕхИ╢х║жуБкуБЧ: х▓йчАмцЧецЬмхдзхнжщлШчнЙхнжцаб
ЁЯФН чммф╕АхнжщЩвщлШчнЙхнжцабуААщлШшРйцЬмцабя╝ИщАЪф┐бхИ╢я╝Й - https://www.daiichigakuin.ed.jp/
ЁЯЪл чЙ╣х╛ЕхИ╢х║жуБкуБЧ: чммф╕АхнжщЩвщлШчнЙхнжцабуААщлШшРйцЬмцабя╝ИщАЪф┐бхИ╢я╝Й
ЁЯФН уГлуГНуВ╡уГ│уВ╣щлШчнЙхнжцабуААшМихЯОцЬмцабя╝ИщАЪф┐бхИ╢я╝Й - https://www.r-ac.jp/
тЬЕ чЙ╣х╛ЕхИ╢х║жуБВуВК: уГлуГНуВ╡уГ│уВ╣щлШчнЙхнжцабуААшМихЯОцЬмцабя╝ИщАЪф┐бхИ╢я╝Й
ЁЯФН хдкчФ░чммф╕АщлШчнЙхнжцабя╝ИхоЪцЩВхИ╢я╝Й - http://www.ota1-h.ibk.ed.jp/
ЁЯЪл чЙ╣х╛ЕхИ╢х║жуБкуБЧ: хдкчФ░чммф╕АщлШчнЙхнжцабя╝ИхоЪцЩВхИ╢я╝Й
ЁЯФН ц░┤цИ╕хНЧщлШчнЙхнжцабя╝ИщАЪф┐бхИ╢я╝Й - http://www.mitominami-h.ibk.ed.jp/?page_id=207
ЁЯЪл чЙ╣х╛ЕхИ╢х║жуБкуБЧ: ц░┤цИ╕хНЧщлШчнЙхнжцабя╝ИщАЪф┐бхИ╢я╝Й
ЁЯФН цШОчзАхнжхЬТцЧечлЛщлШчнЙхнжцабуААц░┤цИ╕уВнуГгуГ│уГСуВ╣я╝ИщАЪф┐бхИ╢я╝Й - https://www.meishu.ac.jp/tsushin/campus/mito.html
ЁЯЪл чЙ╣х╛ЕхИ╢х║жуБкуБЧ: цШОчзАхнжхЬТцЧечлЛщлШчнЙхнжцабуААц░┤цИ╕уВнуГгуГ│уГСуВ╣я╝ИщАЪф┐бхИ╢я╝Й
ЁЯФН хПдц▓│чммф╕АщлШчнЙхнжцабя╝ИхоЪцЩВхИ╢я╝Й - http://www.koga1-h.ibk.ed.jp/
ЁЯЪл чЙ╣х╛ЕхИ╢х║жуБкуБЧ: хПдц▓│чммф╕АщлШчнЙхнжцабя╝ИхоЪцЩВхИ╢я╝Й
ЁЯФН цШОчзАхнжхЬТцЧечлЛщлШчнЙхнжцабуААф╕ЛщдиуВнуГгуГ│уГСуВ╣я╝ИщАЪф┐бхИ╢я╝Й - https://www.meishu.ac.jp/tsushin/index.html
ЁЯЪл чЙ╣х╛ЕхИ╢х║жуБкуБЧ: цШОчзАхнжхЬТцЧечлЛщлШчнЙхнжцабуААф╕ЛщдиуВнуГгуГ│уГСуВ╣я╝ИщАЪф┐бхИ╢я╝Й
ЁЯФН цШОчзАхнжхЬТцЧечлЛщлШчнЙхнжцабуААцЧечлЛуВнуГгуГ│уГСуВ╣я╝ИщАЪф┐бхИ╢я╝Й - https://www.meishu.ac.jp/tsushin/index.html
ЁЯЪл чЙ╣х╛ЕхИ╢х║жуБкуБЧ: цШОчзАхнжхЬТцЧечлЛщлШчнЙхнжцабуААцЧечлЛуВнуГгуГ│уГСуВ╣я╝ИщАЪф┐бхИ╢я╝Й
ЁЯФН уБдуБПуБ░хЫ╜щЪЫхдзхнжцЭ▒щвищлШчнЙхнжцаб - https://www.harukaze.ed.jp/
ЁЯЪл чЙ╣х╛ЕхИ╢х║жуБкуБЧ: уБдуБПуБ░хЫ╜щЪЫхдзхнжцЭ▒щвищлШчнЙхнжцаб
ЁЯФН хЬЯц╡жцЧецЬмхдзхнжф╕нчнЙцХЩшВ▓хнжцаб - http://www.tng.ac.jp/sec-sch
ЁЯЪл чЙ╣х╛ЕхИ╢х║жуБкуБЧ: хЬЯц╡жцЧецЬмхдзхнжф╕нчнЙцХЩшВ▓хнжцаб
ЁЯФН щ╣┐х│╢хнжхЬТщлШчнЙхнжцабя╝ИщАЪф┐бхИ╢я╝Й - https://kgh.ed.jp/
ЁЯЪл чЙ╣х╛ЕхИ╢х║жуБкуБЧ: щ╣┐х│╢хнжхЬТщлШчнЙхнжцабя╝ИщАЪф┐бхИ╢я╝Й
ЁЯФН ц▒ЯцИ╕х┤Оч╖ПхРИщлШчнЙхнжцаб - https://www.edosakisougou-h.ibk.ed.jp/
ЁЯЪл чЙ╣х╛ЕхИ╢х║жуБкуБЧ: ц▒ЯцИ╕х┤Оч╖ПхРИщлШчнЙхнжцаб
ЁЯФН хПдц▓│ф╕нчнЙцХЩшВ▓хнжцаб - http://www.koga-cs.ibk.ed.jp
ЁЯЪл чЙ╣х╛ЕхИ╢х║жуБкуБЧ: хПдц▓│ф╕нчнЙцХЩшВ▓хнжцаб
ЁЯФН ц░┤цИ╕хНЧщлШчнЙхнжцабя╝ИхоЪцЩВхИ╢я╝Й - https://www.mitominami-h.ibk.ed.jp/
ЁЯЪл чЙ╣х╛ЕхИ╢х║жуБкуБЧ: ц░┤цИ╕хНЧщлШчнЙхнжцабя╝ИхоЪцЩВхИ╢я╝Й
ЁЯОЙ хоМф║Ж: scholarship_result/шМихЯОчЬМ_special_scholarship_flag.csv
