
ЁЯПБ хЗжчРЖщЦЛхзЛ: щжЩх╖ЭчЬМ
ЁЯФН щжЩх╖ЭшкащЩ╡щлШчнЙхнжцаб - https://k-seiryo.ed.jp/
ЁЯЪл чЙ╣х╛ЕхИ╢х║жуБкуБЧ: щжЩх╖ЭшкащЩ╡щлШчнЙхнжцаб
ЁЯФН х░╜шкахнжхЬТщлШчнЙхнжцаб - https://www.jinsei.ed.jp/
ЁЯЪл чЙ╣х╛ЕхИ╢х║жуБкуБЧ: х░╜шкахнжхЬТщлШчнЙхнжцаб
ЁЯФН щлШцЭ╛хМЧщлШчнЙхнжцаб - http://www.kagawa-edu.jp/kitah01/top.htm
ЁЯЪл чЙ╣х╛ЕхИ╢х║жуБкуБЧ: щлШцЭ╛хМЧщлШчнЙхнжцаб
ЁЯФН хЭВхЗ║щлШчнЙхнжцаб - http://www.kagawa-edu.jp/sakadh01/
ЁЯЪл чЙ╣х╛ЕхИ╢х║жуБкуБЧ: хЭВхЗ║щлШчнЙхнжцаб
ЁЯФН чмачФ░щлШчнЙхнжцаб - https://www.kagawa-edu.jp/kasadh02/
ЁЯЪл чЙ╣х╛ЕхИ╢х║жуБкуБЧ: чмачФ░щлШчнЙхнжцаб
ЁЯФН щлШцЭ╛ше┐щлШчнЙхнжцаб - https://www.kagawa-edu.jp/twesth01/
ЁЯЪл чЙ╣х╛ЕхИ╢х║жуБкуБЧ: щлШцЭ╛ше┐щлШчнЙхнжцаб
ЁЯФН ф╕ЙцЬмцЭ╛щлШчнЙхнжцаб - https://www.kagawa-edu.jp/sankoh01/
ЁЯЪл чЙ╣х╛ЕхИ╢х║жуБкуБЧ: ф╕ЙцЬмцЭ╛щлШчнЙхнжцаб
ЁЯФН чР┤х╣│щлШчнЙхнжцаб - https://www.kagawa-edu.jp/kohtoh01/
ЁЯЪл чЙ╣х╛ЕхИ╢х║жуБкуБЧ: чР┤х╣│щлШчнЙхнжцаб
ЁЯФН щжЩх╖ЭчЬМчлЛц┤ечФ░щлШчнЙхнжцаб - https://www.kagawa-edu.jp/tsudah02/
ЁЯЪл чЙ╣х╛ЕхИ╢х║жуБкуБЧ: щжЩх╖ЭчЬМчлЛц┤ечФ░щлШчнЙхнжцаб
ЁЯФН щлШцЭ╛чммф╕АщлШчнЙхнжцаб - http://www.taka-ichi-h.ed.jp/
ЁЯЪл чЙ╣х╛ЕхИ╢х║жуБкуБЧ: щлШцЭ╛чммф╕АщлШчнЙхнжцаб
ЁЯФН хЭВхЗ║х╖еценщлШчнЙхнжцаб - https://www.kagawa-edu.jp/sakakh02/connect/
ЁЯЪл чЙ╣х╛ЕхИ╢х║жуБкуБЧ: хЭВхЗ║х╖еценщлШчнЙхнжцаб
ЁЯФН щлШцЭ╛хНЧщлШчнЙхнжцаб - https://www.kagawa-edu.jp/minamh02/
ЁЯЪл чЙ╣х╛ЕхИ╢х║жуБкуБЧ: щлШцЭ╛хНЧщлШчнЙхнжцаб
ЁЯФН щлШцЭ╛х╖ешК╕щлШчнЙхнжцаб - http://www.kagawa-edu.jp/kogeih01/
ЁЯЪл чЙ╣х╛ЕхИ╢х║жуБкуБЧ: щлШцЭ╛х╖ешК╕щлШчнЙхнжцаб
ЁЯФН ш╛▓ценч╡МхЦ╢щлШчнЙхнжцаб - https://www.kagawa-edu.jp/nokeih01/
ЁЯЪл чЙ╣х╛ЕхИ╢х║жуБкуБЧ: ш╛▓ценч╡МхЦ╢щлШчнЙхнжцаб
ЁЯФН чЯ│чФ░щлШчнЙхнжцаб - https://www.kagawa-edu.jp/isidah02/
ЁЯЪл чЙ╣х╛ЕхИ╢х║жуБкуБЧ: чЯ│чФ░щлШчнЙхнжцаб
ЁЯФН х░Пш▒Жх│╢ф╕нхдощлШчнЙхнжцаб - https://www.kagawa-edu.jp/syochuh02/
ЁЯЪл чЙ╣х╛ЕхИ╢х║жуБкуБЧ: х░Пш▒Жх│╢ф╕нхдощлШчнЙхнжцаб
ЁЯФН шж│щЯ│хп║чммф╕АщлШчнЙхнжцаб - https://www.kagawa-edu.jp/kanich02/
ЁЯЪл чЙ╣х╛ЕхИ╢х║жуБкуБЧ: шж│щЯ│хп║чммф╕АщлШчнЙхнжцаб
ЁЯФН шж│щЯ│хп║ч╖ПхРИщлШчнЙхнжцаб - https://www.kagawa-edu.jp/kansouh01/
ЁЯЪл чЙ╣х╛ЕхИ╢х║жуБкуБЧ: шж│щЯ│хп║ч╖ПхРИщлШчнЙхнжцаб
ЁЯФН щлШцЭ╛щлШчнЙхнжцаб - https://www.kagawa-edu.jp/takah02/
ЁЯЪл чЙ╣х╛ЕхИ╢х║жуБкуБЧ: щлШцЭ╛щлШчнЙхнжцаб
ЁЯФН хЦДщАЪхп║чммф╕АщлШчнЙхнжцаб - https://www.kagawa-edu.jp/zen1h02/
ЁЯЪл чЙ╣х╛ЕхИ╢х║жуБкуБЧ: хЦДщАЪхп║чммф╕АщлШчнЙхнжцаб
ЁЯФН х┐Чх║жщлШчнЙхнжцаб - https://www.kagawa-edu.jp/shidoh02/
ЁЯЪл чЙ╣х╛ЕхИ╢х║жуБкуБЧ: х┐Чх║жщлШчнЙхнжцаб
ЁЯФН хдЪх║жц┤ещлШчнЙхнжцаб - https://www.kagawa-edu.jp/takouh01/takou2019/
ЁЯЪл чЙ╣х╛ЕхИ╢х║жуБкуБЧ: хдЪх║жц┤ещлШчнЙхнжцаб
ЁЯФН хЭВхЗ║хХЖценщлШчнЙхнжцаб - https://www.kagawa-edu.jp/sakash01/
ЁЯЪл чЙ╣х╛ЕхИ╢х║жуБкуБЧ: хЭВхЗ║хХЖценщлШчнЙхнжцаб
ЁЯФН щлШцЭ╛хХЖценщлШчнЙхнжцаб - http://www.kagawa-edu.jp/takash01/
ЁЯЪл чЙ╣х╛ЕхИ╢х║жуБкуБЧ: щлШцЭ╛хХЖценщлШчнЙхнжцаб
ЁЯФН ф╕╕ф║АхЯОше┐щлШчнЙхнжцаб - http://www.kagawa-edu.jp/mjh01/
ЁЯЪл чЙ╣х╛ЕхИ╢х║жуБкуБЧ: ф╕╕ф║АхЯОше┐щлШчнЙхнжцаб
ЁЯФН щгпх▒▒щлШчнЙхнжцаб - https://www.kagawa-edu.jp/hanznh02/
ЁЯЪл чЙ╣х╛ЕхИ╢х║жуБкуБЧ: щгпх▒▒щлШчнЙхнжцаб
ЁЯФН ф╕╕ф║АщлШчнЙхнжцаб - http://www.kagawa-edu.jp/marukh01/
ЁЯЪл чЙ╣х╛ЕхИ╢х║жуБкуБЧ: ф╕╕ф║АщлШчнЙхнжцаб
ЁЯФН щжЩх╖ЭчЬМчлЛщлШчАмщлШчнЙхнжцаб - https://www.kagawa-edu.jp/tkseh02/
ЁЯЪл чЙ╣х╛ЕхИ╢х║жуБкуБЧ: щжЩх╖ЭчЬМчлЛщлШчАмщлШчнЙхнжцаб
ЁЯФН щлШцЭ╛цЭ▒щлШчнЙхнжцаб - https://www.kagawa-edu.jp/teasth02/
тЬЕ чЙ╣х╛ЕхИ╢х║жуБВуВК: щлШцЭ╛цЭ▒щлШчнЙхнжцаб
ЁЯФН щлШцЭ╛х╖ешК╕щлШчнЙхнжцабя╝ИхоЪцЩВхИ╢я╝Й - http://www.kagawa-edu.jp/kogeih01/
ЁЯЪл чЙ╣х╛ЕхИ╢х║жуБкуБЧ: щлШцЭ╛х╖ешК╕щлШчнЙхнжцабя╝ИхоЪцЩВхИ╢я╝Й
ЁЯФН чжЕцЮЧхнжхЬТщлШчнЙхнжцабя╝ИщАЪф┐бхИ╢я╝Й - http://www.zenrin-hi.ed.jp/
тЪая╕П чжЕцЮЧхнжхЬТщлШчнЙхнжцабя╝ИщАЪф┐бхИ╢я╝Й ф╛ЛхдЦ: HTTPConnectionPool(host='www.zenrin-hi.ed.jp', port=80): Max retries exceeded with url: / (Caused by NameResolutionError("<urllib3.connection.HTTPConnection object at 0x1164dece0>: Failed to resolve 'www.zenrin-hi.ed.jp' ([Errno 8] nodename nor servname provided, or not known)"))
ЁЯФН щлШцЭ╛цбЬф║ХщлШчнЙхнжцаб - https://www.kagawa-edu.jp/sakrah01/
ЁЯЪл чЙ╣х╛ЕхИ╢х║жуБкуБЧ: щлШцЭ╛цбЬф║ХщлШчнЙхнжцаб
ЁЯФН ф╕╕ф║АщлШчнЙхнжцабя╝ИщАЪф┐бхИ╢я╝Й - http://www.kagawa-edu.jp/marukh01/
ЁЯЪл чЙ╣х╛ЕхИ╢х║жуБкуБЧ: ф╕╕ф║АщлШчнЙхнжцабя╝ИщАЪф┐бхИ╢я╝Й
ЁЯФН ф╕ЙцЬищлШчнЙхнжцаб - https://www.kagawa-edu.jp/mikih01/
ЁЯЪл чЙ╣х╛ЕхИ╢х║жуБкуБЧ: ф╕ЙцЬищлШчнЙхнжцаб
ЁЯФН ф╕╕ф║АщлШчнЙхнжцабя╝ИхоЪцЩВхИ╢я╝Й - http://www.kagawa-edu.jp/marukh01/
ЁЯЪл чЙ╣х╛ЕхИ╢х║жуБкуБЧ: ф╕╕ф║АщлШчнЙхнжцабя╝ИхоЪцЩВхИ╢я╝Й
ЁЯФН щжЩх╖ЭчЬМшЧдф║ХщлШчнЙхнжцаб - https://www.fujii.ed.jp/fujii/
ЁЯЪл чЙ╣х╛ЕхИ╢х║жуБкуБЧ: щжЩх╖ЭчЬМшЧдф║ХщлШчнЙхнжцаб
ЁЯФН хЭВхЗ║чммф╕АщлШчнЙхнжцаб - http://www.sakaide1-h.ed.jp/
тЬЕ чЙ╣х╛ЕхИ╢х║жуБВуВК: хЭВхЗ║чммф╕АщлШчнЙхнжцаб
ЁЯФН хЫЫхЫ╜хнжщЩвхдзхнж щжЩх╖Эше┐щлШчнЙхнжцаб - https://www.kagawanishikou.com/
ЁЯЪл чЙ╣х╛ЕхИ╢х║жуБкуБЧ: хЫЫхЫ╜хнжщЩвхдзхнж щжЩх╖Эше┐щлШчнЙхнжцаб
ЁЯФН шЧдф║ХхнжхЬТхпТх╖ЭщлШчнЙхнжцаб - https://www.sangawa.ed.jp/
ЁЯЪл чЙ╣х╛ЕхИ╢х║жуБкуБЧ: шЧдф║ХхнжхЬТхпТх╖ЭщлШчнЙхнжцаб
ЁЯФН щжЩх╖Эф╕нхдощлШчнЙхнжцаб - https://www.kagawa-edu.jp/kgchuh02/index.html
ЁЯЪл чЙ╣х╛ЕхИ╢х║жуБкуБЧ: щжЩх╖Эф╕нхдощлШчнЙхнжцаб
ЁЯФН чй┤хР╣хнжхЬТщлШчнЙхнжцабя╝ИщАЪф┐бхИ╢я╝Й - https://hs.anabuki.ac.jp/
ЁЯЪл чЙ╣х╛ЕхИ╢х║жуБкуБЧ: чй┤хР╣хнжхЬТщлШчнЙхнжцабя╝ИщАЪф┐бхИ╢я╝Й
ЁЯФН хдзцЙЛхЙНщлШцЭ╛щлШчнЙхнжцаб - https://www.otemae.net/
ЁЯЪл чЙ╣х╛ЕхИ╢х║жуБкуБЧ: хдзцЙЛхЙНщлШцЭ╛щлШчнЙхнжцаб
ЁЯФН щлШцЭ╛щлШчнЙхнжцабя╝ИщАЪф┐бхИ╢я╝Й - http://www.kagawa-edu.jp/takah01/index/l3.html
тЭМ уГбуВдуГ│уГЪуГ╝уВ╕хПЦх╛Чхд▒цХЧ: 404
ЁЯФН шЛ▒цШОщлШчнЙхнжцаб - https://www.eimei.ed.jp/
ЁЯЪл чЙ╣х╛ЕхИ╢х║жуБкуБЧ: шЛ▒цШОщлШчнЙхнжцаб
ЁЯФН ф╕ЙцЬищлШчнЙхнжцабя╝ИхоЪцЩВхИ╢я╝Й - http://www.kagawa-edu.jp/mikih01/top.htm
тЭМ уГбуВдуГ│уГЪуГ╝уВ╕хПЦх╛Чхд▒цХЧ: 404
ЁЯФН щлШцЭ╛хХЖценщлШчнЙхнжцабя╝ИхоЪцЩВхИ╢я╝Й - http://www.kagawa-edu.jp/takash01/
ЁЯЪл чЙ╣х╛ЕхИ╢х║жуБкуБЧ: щлШцЭ╛хХЖценщлШчнЙхнжцабя╝ИхоЪцЩВхИ╢я╝Й
ЁЯФН хдзцЙЛхЙНф╕╕ф║АщлШчнЙхнжцаб - https://www.otemae.ed.jp/
ЁЯЪл чЙ╣х╛ЕхИ╢х║жуБкуБЧ: хдзцЙЛхЙНф╕╕ф║АщлШчнЙхнжцаб
ЁЯФН шж│щЯ│хп║чммф╕АщлШчнЙхнжцабя╝ИхоЪцЩВхИ╢я╝Й - http://www.kagawa-edu.jp/kanich01/index.php/school/teijisei
тЭМ уГбуВдуГ│уГЪуГ╝уВ╕хПЦх╛Чхд▒цХЧ: 404
ЁЯФН щлШцЭ╛щлШчнЙхнжцабя╝ИхоЪцЩВхИ╢я╝Й - http://www.kagawa-edu.jp/takah01/index/l3.html
тЭМ уГбуВдуГ│уГЪуГ╝уВ╕хПЦх╛Чхд▒цХЧ: 404
ЁЯФН хдЪх║жц┤ещлШчнЙхнжцабя╝ИхоЪцЩВхИ╢я╝Й - http://www.kagawa-edu.jp/takouh01/
ЁЯЪл чЙ╣х╛ЕхИ╢х║жуБкуБЧ: хдЪх║жц┤ещлШчнЙхнжцабя╝ИхоЪцЩВхИ╢я╝Й
ЁЯФН цЭСф╕КхнжхЬТщлШчнЙхнжцабя╝ИщАЪф┐бхИ╢я╝Й - http://murakami-gakuen.com/
ЁЯЪл чЙ╣х╛ЕхИ╢х║жуБкуБЧ: цЭСф╕КхнжхЬТщлШчнЙхнжцабя╝ИщАЪф┐бхИ╢я╝Й
ЁЯФН щлШцЭ╛ф╕нхдощлШчнЙхнжцаб - https://www.ta-chuo.ed.jp/
ЁЯЪл чЙ╣х╛ЕхИ╢х║жуБкуБЧ: щлШцЭ╛ф╕нхдощлШчнЙхнжцаб
ЁЯОЙ хоМф║Ж: scholarship_result/щжЩх╖ЭчЬМ_special_scholarship_flag.csv
