
ЁЯПБ хЗжчРЖщЦЛхзЛ: щ│ехПЦчЬМ
ЁЯФН щ│ехПЦч╖СщвищлШчнЙхнжцабя╝ИхоЪцЩВхИ╢я╝Й - http://www.torikyo.ed.jp/ryokufu-h/
ЁЯЪл чЙ╣х╛ЕхИ╢х║жуБкуБЧ: щ│ехПЦч╖СщвищлШчнЙхнжцабя╝ИхоЪцЩВхИ╢я╝Й
ЁЯФН щ│ехПЦф╕нхдошВ▓шЛ▒щлШчнЙхнжцаб - http://www.tottori-ikuei.jp/
ЁЯЪл чЙ╣х╛ЕхИ╢х║жуБкуБЧ: щ│ехПЦф╕нхдошВ▓шЛ▒щлШчнЙхнжцаб
ЁЯФН щ│ехПЦхЯОхМЧщлШчнЙхнжцаб - https://www.tottori-johoku.ed.jp/
ЁЯЪл чЙ╣х╛ЕхИ╢х║жуБкуБЧ: щ│ехПЦхЯОхМЧщлШчнЙхнжцаб
ЁЯФН ч▒│хнРхМЧцЦЧщлШчнЙхнжцаб - https://www.yonagohokuto.ed.jp/
ЁЯЪл чЙ╣х╛ЕхИ╢х║жуБкуБЧ: ч▒│хнРхМЧцЦЧщлШчнЙхнжцаб
ЁЯФН щЭТш░╖щлШчнЙхнжцаб - https://www.torikyo.ed.jp/aoya-h/
ЁЯЪл чЙ╣х╛ЕхИ╢х║жуБкуБЧ: щЭТш░╖щлШчнЙхнжцаб
ЁЯФН цЧещЗОщлШчнЙхнжцаб - https://www.torikyo.ed.jp/hino-h/
ЁЯЪл чЙ╣х╛ЕхИ╢х║жуБкуБЧ: цЧещЗОщлШчнЙхнжцаб
ЁЯФН щ│ехПЦцЭ▒щлШчнЙхнжцаб - http://www.torikyo.ed.jp/torie-h/
ЁЯЪл чЙ╣х╛ЕхИ╢х║жуБкуБЧ: щ│ехПЦцЭ▒щлШчнЙхнжцаб
ЁЯФН ч▒│хнРцЭ╛шФнщлШчнЙхнжцаб - https://www.yonagoshoin.ed.jp/
ЁЯЪл чЙ╣х╛ЕхИ╢х║жуБкуБЧ: ч▒│хнРцЭ╛шФнщлШчнЙхнжцаб
ЁЯФН ч▒│хнРше┐щлШчнЙхнжцаб - http://www.torikyo.ed.jp/yonagow-h/
ЁЯЪл чЙ╣х╛ЕхИ╢х║жуБкуБЧ: ч▒│хнРше┐щлШчнЙхнжцаб
ЁЯФН хАЙхРЙцЭ▒щлШчнЙхнжцаб - https://www.torikyo.ed.jp/kurae-h/
ЁЯЪл чЙ╣х╛ЕхИ╢х║жуБкуБЧ: хАЙхРЙцЭ▒щлШчнЙхнжцаб
ЁЯФН ч▒│хнРцЭ▒щлШчнЙхнжцабя╝ИхоЪцЩВхИ╢я╝Й - http://www.torikyo.ed.jp/yonagoe-h/
ЁЯЪл чЙ╣х╛ЕхИ╢х║жуБкуБЧ: ч▒│хнРцЭ▒щлШчнЙхнжцабя╝ИхоЪцЩВхИ╢я╝Й
ЁЯФН х▓йч╛ОщлШчнЙхнжцаб - https://www.torikyo.ed.jp/iwami-h/
ЁЯЪл чЙ╣х╛ЕхИ╢х║жуБкуБЧ: х▓йч╛ОщлШчнЙхнжцаб
ЁЯФН хАЙхРЙше┐щлШчнЙхнжцаб - https://www.torikyo.ed.jp/kuraw-h/
ЁЯЪл чЙ╣х╛ЕхИ╢х║жуБкуБЧ: хАЙхРЙше┐щлШчнЙхнжцаб
ЁЯФН хАЙхРЙш╛▓ценщлШчнЙхнжцаб - https://www.torikyo.ed.jp/kurano-h/
ЁЯЪл чЙ╣х╛ЕхИ╢х║жуБкуБЧ: хАЙхРЙш╛▓ценщлШчнЙхнжцаб
ЁЯФН щ│ехПЦше┐щлШчнЙхнжцаб - http://www.torikyo.ed.jp/toriw-h/
тЪая╕П уВ╡уГЦуГЪуГ╝уВ╕уВиуГйуГ╝: HTTPSConnectionPool(host='cmsweb2.torikyo.ed.jp', port=443): Max retries exceeded with url: /torikoubunren/ (Caused by NameResolutionError("<urllib3.connection.HTTPSConnection object at 0x113daa0e0>: Failed to resolve 'cmsweb2.torikyo.ed.jp' ([Errno 8] nodename nor servname provided, or not known)"))
ЁЯЪл чЙ╣х╛ЕхИ╢х║жуБкуБЧ: щ│ехПЦше┐щлШчнЙхнжцаб
ЁЯФН цЩ║щанш╛▓цЮЧщлШчнЙхнжцаб - http://cmsweb2.torikyo.ed.jp/tizuno-h/
тЪая╕П цЩ║щанш╛▓цЮЧщлШчнЙхнжцаб ф╛ЛхдЦ: HTTPConnectionPool(host='cmsweb2.torikyo.ed.jp', port=80): Max retries exceeded with url: /tizuno-h/ (Caused by NameResolutionError("<urllib3.connection.HTTPConnection object at 0x1139be590>: Failed to resolve 'cmsweb2.torikyo.ed.jp' ([Errno 8] nodename nor servname provided, or not known)"))
ЁЯФН хАЙхРЙхМЧщлШчнЙхнжцаб - https://www.kurayoshikita-h.ed.jp/
тЬЕ чЙ╣х╛ЕхИ╢х║жуБВуВК: хАЙхРЙхМЧщлШчнЙхнжцаб
ЁЯФН ч▒│хнРхМЧщлШчнЙхнжцаб - https://www.yonagokita.ed.jp/
ЁЯЪл чЙ╣х╛ЕхИ╢х║жуБкуБЧ: ч▒│хнРхМЧщлШчнЙхнжцаб
ЁЯФН щ│ехПЦц╣ЦщЩ╡щлШчнЙхнжцаб - http://www.torikyo.ed.jp/koryou-h/
ЁЯЪл чЙ╣х╛ЕхИ╢х║жуБкуБЧ: щ│ехПЦц╣ЦщЩ╡щлШчнЙхнжцаб
ЁЯФН хвГщлШчнЙхнжцаб - http://www.torikyo.ed.jp/sakai-h/
ЁЯЪл чЙ╣х╛ЕхИ╢х║жуБкуБЧ: хвГщлШчнЙхнжцаб
ЁЯФН щ│ехПЦхХЖценщлШчнЙхнжцаб - http://cmsweb2.torikyo.ed.jp/torisyo-h/
тЪая╕П щ│ехПЦхХЖценщлШчнЙхнжцаб ф╛ЛхдЦ: HTTPConnectionPool(host='cmsweb2.torikyo.ed.jp', port=80): Max retries exceeded with url: /torisyo-h/ (Caused by NameResolutionError("<urllib3.connection.HTTPConnection object at 0x1138b49d0>: Failed to resolve 'cmsweb2.torikyo.ed.jp' ([Errno 8] nodename nor servname provided, or not known)"))
ЁЯФН ч▒│хнРх╖еценщлШчнЙхнжцаб - http://www.torikyo.ed.jp/yonagoko-h/
ЁЯЪл чЙ╣х╛ЕхИ╢х║жуБкуБЧ: ч▒│хнРх╖еценщлШчнЙхнжцаб
ЁЯФН ч▒│хнРцЭ▒щлШчнЙхнжцаб - https://www.torikyo.ed.jp/yonagoe-h/
ЁЯЪл чЙ╣х╛ЕхИ╢х║жуБкуБЧ: ч▒│хнРцЭ▒щлШчнЙхнжцаб
ЁЯФН хЕлщанщлШчнЙхнжцаб - https://www.torikyo.ed.jp/yazu-h/
ЁЯЪл чЙ╣х╛ЕхИ╢х║жуБкуБЧ: хЕлщанщлШчнЙхнжцаб
ЁЯФН ч▒│хнРхНЧщлШчнЙхнжцаб - http://www.torikyo.ed.jp/yonagom-h/
ЁЯЪл чЙ╣х╛ЕхИ╢х║жуБкуБЧ: ч▒│хнРхНЧщлШчнЙхнжцаб
ЁЯФН хАЙхРЙч╖ПхРИчФгценщлШчнЙхнжцаб - https://www.torikyo.ed.jp/sousan-h/
ЁЯЪл чЙ╣х╛ЕхИ╢х║жуБкуБЧ: хАЙхРЙч╖ПхРИчФгценщлШчнЙхнжцаб
ЁЯФН хАЙхРЙцЭ▒щлШчнЙхнжцабя╝ИхоЪцЩВхИ╢я╝Й - http://www.torikyo.ed.jp/kurae-h/
ЁЯЪл чЙ╣х╛ЕхИ╢х║жуБкуБЧ: хАЙхРЙцЭ▒щлШчнЙхнжцабя╝ИхоЪцЩВхИ╢я╝Й
ЁЯФН ч▒│хнРщлШчнЙхнжцаб - http://www.torikyo.ed.jp/yonago-h/
ЁЯЪл чЙ╣х╛ЕхИ╢х║жуБкуБЧ: ч▒│хнРщлШчнЙхнжцаб
ЁЯФН щ│ехПЦцХмцДЫщлШчнЙхнжцаб - https://t-ki.jp/
ЁЯЪл чЙ╣х╛ЕхИ╢х║жуБкуБЧ: щ│ехПЦцХмцДЫщлШчнЙхнжцаб
ЁЯФН щ│ехПЦх╖еценщлШчнЙхнжцаб - http://www.torikyo.ed.jp/toriko-h/
ЁЯЪл чЙ╣х╛ЕхИ╢х║жуБкуБЧ: щ│ехПЦх╖еценщлШчнЙхнжцаб
ЁЯФН ч▒│хнРчЩ╜щ││щлШчнЙхнжцабя╝ИщАЪф┐бхИ╢я╝Й - http://www.torikyo.ed.jp/hakuhou-h/index.html
тЭМ уГбуВдуГ│уГЪуГ╝уВ╕хПЦх╛Чхд▒цХЧ: 404
ЁЯФН ч▒│хнРчЩ╜щ││щлШчнЙхнжцабя╝ИхоЪцЩВхИ╢я╝Й - http://cmsweb2.torikyo.ed.jp/hakuhou-h/
тЪая╕П ч▒│хнРчЩ╜щ││щлШчнЙхнжцабя╝ИхоЪцЩВхИ╢я╝Й ф╛ЛхдЦ: HTTPConnectionPool(host='cmsweb2.torikyo.ed.jp', port=80): Max retries exceeded with url: /hakuhou-h/ (Caused by NameResolutionError("<urllib3.connection.HTTPConnection object at 0x113daafe0>: Failed to resolve 'cmsweb2.torikyo.ed.jp' ([Errno 8] nodename nor servname provided, or not known)"))
ЁЯФН хвГц╕пч╖ПхРИцКАшбУщлШчнЙхнжцаб - http://www.torikyo.ed.jp/sakaisogo-h/
ЁЯЪл чЙ╣х╛ЕхИ╢х║жуБкуБЧ: хвГц╕пч╖ПхРИцКАшбУщлШчнЙхнжцаб
ЁЯФН щ│ехПЦч╖СщвищлШчнЙхнжцабя╝ИщАЪф┐бхИ╢я╝Й - http://www.torikyo.ed.jp/ryokufu-h/
ЁЯЪл чЙ╣х╛ЕхИ╢х║жуБкуБЧ: щ│ехПЦч╖СщвищлШчнЙхнжцабя╝ИщАЪф┐бхИ╢я╝Й
ЁЯФН ц╣пцвиц╡ЬхнжхЬТщлШчнЙхнжцаб - https://www.yurihamagakuen.ac.jp/
ЁЯЪл чЙ╣х╛ЕхИ╢х║жуБкуБЧ: ц╣пцвиц╡ЬхнжхЬТщлШчнЙхнжцаб
ЁЯФН щЭТч┐ФщЦЛцЩ║щлШчнЙхнжцаб - https://seishokaichi.jp/
ЁЯЪл чЙ╣х╛ЕхИ╢х║жуБкуБЧ: щЭТч┐ФщЦЛцЩ║щлШчнЙхнжцаб
ЁЯОЙ хоМф║Ж: scholarship_result/щ│ехПЦчЬМ_special_scholarship_flag.csv
